{
  "stats": {
    "suites": 34,
    "tests": 69,
    "passes": 63,
    "pending": 0,
    "failures": 6,
    "start": "2021-05-08T17:54:27.307Z",
    "end": "2021-05-08T18:00:22.338Z",
    "duration": 169394,
    "testsRegistered": 69,
    "passPercent": 91.30434782608695,
    "pendingPercent": 0,
    "other": 0,
    "hasOther": false,
    "skipped": 0,
    "hasSkipped": false
  },
  "results": [
    {
      "uuid": "7c165f01-bc83-44b8-a9cd-d1e2129916bd",
      "title": "",
      "fullFile": "cypress\\integration\\examples\\firstSiteTesting-WU\\browser-navigation.js",
      "file": "cypress\\integration\\examples\\firstSiteTesting-WU\\browser-navigation.js",
      "beforeHooks": [],
      "afterHooks": [],
      "tests": [],
      "suites": [
        {
          "uuid": "94f5a87f-ae18-40d2-b393-86bc406d8f95",
          "title": "Validate homepage links",
          "fullFile": "",
          "file": "",
          "beforeHooks": [],
          "afterHooks": [],
          "tests": [
            {
              "title": "Confirm links redirect to the correct page",
              "fullTitle": "Validate homepage links Confirm links redirect to the correct page",
              "timedOut": null,
              "duration": 5063,
              "state": "passed",
              "speed": "slow",
              "pass": true,
              "fail": false,
              "pending": false,
              "context": null,
              "code": "//cy.visit(\"http://webdriveruniversity.com/Contact-Us/contactus.html\")\n//cy.get(\"#contact-us\").click()\ncy.visit(\"http://webdriveruniversity.com\");\ncy.get(\"#contact-us\").invoke(\"removeAttr\", \"target\").click({\n  force: true\n});\ncy.url().should('include', 'contactus');\ncy.go('back');\ncy.reload();\ncy.url().should('include', 'http://webdriveruniversity.com');\ncy.go('forward');\ncy.url().should('include', 'contactus');\ncy.go('back');\ncy.get(\"#login-portal\").invoke(\"removeAttr\", \"target\").click({\n  force: true\n});\ncy.url().should('include', 'Login-Portal');\ncy.go('back');\ncy.get(\"#to-do-list\").invoke(\"removeAttr\", \"target\").click({\n  force: true\n});\ncy.url().should('include', 'To-Do-List');\ncy.go('back');",
              "err": {},
              "uuid": "06a43f49-6a5f-4690-9555-dcc0cc232f26",
              "parentUUID": "94f5a87f-ae18-40d2-b393-86bc406d8f95",
              "isHook": false,
              "skipped": false
            }
          ],
          "suites": [],
          "passes": [
            "06a43f49-6a5f-4690-9555-dcc0cc232f26"
          ],
          "failures": [],
          "pending": [],
          "skipped": [],
          "duration": 5063,
          "root": false,
          "rootEmpty": false,
          "_timeout": 2000
        }
      ],
      "passes": [],
      "failures": [],
      "pending": [],
      "skipped": [],
      "duration": 0,
      "root": true,
      "rootEmpty": true,
      "_timeout": 2000
    },
    {
      "uuid": "623c322d-5ab0-4b18-9798-e56066d6ad19",
      "title": "",
      "fullFile": "cypress\\integration\\examples\\firstSiteTesting-WU\\checkboxes-hooks.js",
      "file": "cypress\\integration\\examples\\firstSiteTesting-WU\\checkboxes-hooks.js",
      "beforeHooks": [],
      "afterHooks": [],
      "tests": [],
      "suites": [
        {
          "uuid": "7371abde-553a-445b-a692-04414a8e374d",
          "title": "Verify checkboxes on first site - webdriveruniversity.com",
          "fullFile": "",
          "file": "",
          "beforeHooks": [],
          "afterHooks": [],
          "tests": [
            {
              "title": "Check and validate checkbox on Webdriveruniversity.com",
              "fullTitle": "Verify checkboxes on first site - webdriveruniversity.com Check and validate checkbox on Webdriveruniversity.com",
              "timedOut": null,
              "duration": 1053,
              "state": "passed",
              "speed": "slow",
              "pass": true,
              "fail": false,
              "pending": false,
              "context": null,
              "code": "cy.get('#checkboxes > :nth-child(1) > input').as('option-1');\ncy.get('@option-1').check();\ncy.get('@option-1').check().should('be.checked');",
              "err": {},
              "uuid": "8aaa6251-e321-4fb4-8365-754840672b7a",
              "parentUUID": "7371abde-553a-445b-a692-04414a8e374d",
              "isHook": false,
              "skipped": false
            },
            {
              "title": "Uncheck and validate checkbox on Webdriveruniversity.com",
              "fullTitle": "Verify checkboxes on first site - webdriveruniversity.com Uncheck and validate checkbox on Webdriveruniversity.com",
              "timedOut": null,
              "duration": 597,
              "state": "passed",
              "speed": "slow",
              "pass": true,
              "fail": false,
              "pending": false,
              "context": null,
              "code": "cy.get(':nth-child(5) > input').as('option-3'); //cy.get('@option-3').uncheck();\ncy.get('@option-3').uncheck().should('not.be.checked');",
              "err": {},
              "uuid": "97c8d828-2bc7-435c-ad25-4979df3d352b",
              "parentUUID": "7371abde-553a-445b-a692-04414a8e374d",
              "isHook": false,
              "skipped": false
            },
            {
              "title": "Check and validate multiple checkboxes on Webdriveruniversity.com",
              "fullTitle": "Verify checkboxes on first site - webdriveruniversity.com Check and validate multiple checkboxes on Webdriveruniversity.com",
              "timedOut": null,
              "duration": 883,
              "state": "passed",
              "speed": "slow",
              "pass": true,
              "fail": false,
              "pending": false,
              "context": null,
              "code": "cy.get(\"input[type='checkbox']\").check(['option-1', 'option-2', 'option-3', 'option-4']).should('be.checked');",
              "err": {},
              "uuid": "b4b1b5f4-babc-458e-a518-4f20839ecb37",
              "parentUUID": "7371abde-553a-445b-a692-04414a8e374d",
              "isHook": false,
              "skipped": false
            }
          ],
          "suites": [],
          "passes": [
            "8aaa6251-e321-4fb4-8365-754840672b7a",
            "97c8d828-2bc7-435c-ad25-4979df3d352b",
            "b4b1b5f4-babc-458e-a518-4f20839ecb37"
          ],
          "failures": [],
          "pending": [],
          "skipped": [],
          "duration": 2533,
          "root": false,
          "rootEmpty": false,
          "_timeout": 2000
        }
      ],
      "passes": [],
      "failures": [],
      "pending": [],
      "skipped": [],
      "duration": 0,
      "root": true,
      "rootEmpty": true,
      "_timeout": 2000
    },
    {
      "uuid": "2ed4642d-0199-4ce5-9892-d498a2bfd227",
      "title": "",
      "fullFile": "cypress\\integration\\examples\\firstSiteTesting-WU\\checkboxes.js",
      "file": "cypress\\integration\\examples\\firstSiteTesting-WU\\checkboxes.js",
      "beforeHooks": [],
      "afterHooks": [],
      "tests": [],
      "suites": [
        {
          "uuid": "8004e626-9a6f-4470-a804-d23a3702528f",
          "title": "Verify checkboxes on first site - webdriveruniversity.com",
          "fullFile": "",
          "file": "",
          "beforeHooks": [],
          "afterHooks": [],
          "tests": [
            {
              "title": "Check and validate checkbox on Webdriveruniversity.com",
              "fullTitle": "Verify checkboxes on first site - webdriveruniversity.com Check and validate checkbox on Webdriveruniversity.com",
              "timedOut": null,
              "duration": 1153,
              "state": "passed",
              "speed": "slow",
              "pass": true,
              "fail": false,
              "pending": false,
              "context": null,
              "code": "//cy.visit(\"http://webdriveruniversity.com/Contact-Us/contactus.html\")\n//cy.get(\"#contact-us\").click()\ncy.visit(\"http://webdriveruniversity.com\");\ncy.get(\"#dropdown-checkboxes-radiobuttons\").invoke('removeAttr', 'target').click({\n  force: true\n}); //cy.get('#checkboxes > :nth-child(1) > input').check();\n//cy.get('#checkboxes > :nth-child(1) > input').check().should('be.checked');\ncy.get('#checkboxes > :nth-child(1) > input').as('option-1');\ncy.get('@option-1').check();\ncy.get('@option-1').check().should('be.checked');",
              "err": {},
              "uuid": "0488077d-8e26-476c-8c25-6ed9361de32e",
              "parentUUID": "8004e626-9a6f-4470-a804-d23a3702528f",
              "isHook": false,
              "skipped": false
            },
            {
              "title": "Uncheck and validate checkbox on Webdriveruniversity.com",
              "fullTitle": "Verify checkboxes on first site - webdriveruniversity.com Uncheck and validate checkbox on Webdriveruniversity.com",
              "timedOut": null,
              "duration": 588,
              "state": "passed",
              "speed": "slow",
              "pass": true,
              "fail": false,
              "pending": false,
              "context": null,
              "code": "//cy.visit(\"http://webdriveruniversity.com/Contact-Us/contactus.html\")\n//cy.get(\"#contact-us\").click()\ncy.navigateToFirstSite_HomePage(); // Set Base url on cypress.json and then custom commands (cy.visit('/'))\ncy.get(\"#dropdown-checkboxes-radiobuttons\").invoke('removeAttr', 'target').click({\n  force: true\n}); //cy.get(':nth-child(5) > input').uncheck();\n//cy.get(':nth-child(5) > input').uncheck().should('not.be.checked');\ncy.get(':nth-child(5) > input').as('option-3'); //cy.get('@option-3').uncheck();\ncy.get('@option-3').uncheck().should('not.be.checked');",
              "err": {},
              "uuid": "89befc25-8dfb-45f4-9372-9b4fe9aace77",
              "parentUUID": "8004e626-9a6f-4470-a804-d23a3702528f",
              "isHook": false,
              "skipped": false
            },
            {
              "title": "Check and validate multiple checkboxes on Webdriveruniversity.com",
              "fullTitle": "Verify checkboxes on first site - webdriveruniversity.com Check and validate multiple checkboxes on Webdriveruniversity.com",
              "timedOut": null,
              "duration": 894,
              "state": "passed",
              "speed": "slow",
              "pass": true,
              "fail": false,
              "pending": false,
              "context": null,
              "code": "//cy.visit(\"http://webdriveruniversity.com/Contact-Us/contactus.html\")\n//cy.get(\"#contact-us\").click()\ncy.visit(\"http://webdriveruniversity.com\");\ncy.get(\"#dropdown-checkboxes-radiobuttons\").invoke('removeAttr', 'target').click({\n  force: true\n});\ncy.get(\"input[type='checkbox']\").check(['option-1', 'option-2', 'option-3', 'option-4']).should('be.checked');",
              "err": {},
              "uuid": "5b17f233-41e0-4b24-a9b7-7f9bd4500f3c",
              "parentUUID": "8004e626-9a6f-4470-a804-d23a3702528f",
              "isHook": false,
              "skipped": false
            }
          ],
          "suites": [],
          "passes": [
            "0488077d-8e26-476c-8c25-6ed9361de32e",
            "89befc25-8dfb-45f4-9372-9b4fe9aace77",
            "5b17f233-41e0-4b24-a9b7-7f9bd4500f3c"
          ],
          "failures": [],
          "pending": [],
          "skipped": [],
          "duration": 2635,
          "root": false,
          "rootEmpty": false,
          "_timeout": 2000
        }
      ],
      "passes": [],
      "failures": [],
      "pending": [],
      "skipped": [],
      "duration": 0,
      "root": true,
      "rootEmpty": true,
      "_timeout": 2000
    },
    {
      "uuid": "4b84323b-3774-4cb6-8104-ce787821bd9d",
      "title": "",
      "fullFile": "cypress\\integration\\examples\\firstSiteTesting-WU\\contact-us-fixure-customFields.js",
      "file": "cypress\\integration\\examples\\firstSiteTesting-WU\\contact-us-fixure-customFields.js",
      "beforeHooks": [],
      "afterHooks": [],
      "tests": [],
      "suites": [
        {
          "uuid": "bac3d197-1559-44d4-ba54-4a357185cbc7",
          "title": "Test - Contact Us Form - Site One",
          "fullFile": "",
          "file": "",
          "beforeHooks": [],
          "afterHooks": [],
          "tests": [
            {
              "title": "Should be able to submit",
              "fullTitle": "Test - Contact Us Form - Site One Should be able to submit",
              "timedOut": null,
              "duration": 6366,
              "state": "passed",
              "speed": "slow",
              "pass": true,
              "fail": false,
              "pending": false,
              "context": null,
              "code": "cy.document().should('have.property', 'charset').and('eq', 'UTF-8');\ncontact_Us_PO.contactFormSubmission(Cypress.env('firstName'), data.lastName, data.email, data.textArea, \"h1\", \"Thank You for your Message!\");\ncy.title().should('be.equal', 'Gianni Bruno - Designer');\ncy.title().should('include', 'Gianni Bruno');\ncy.url().should('include', 'contact-form-thank-you');",
              "err": {},
              "uuid": "c432c589-50bb-4815-95c0-34f9be143bdc",
              "parentUUID": "bac3d197-1559-44d4-ba54-4a357185cbc7",
              "isHook": false,
              "skipped": false
            },
            {
              "title": "Should not be able to submit",
              "fullTitle": "Test - Contact Us Form - Site One Should not be able to submit",
              "timedOut": null,
              "duration": 3925,
              "state": "passed",
              "speed": "slow",
              "pass": true,
              "fail": false,
              "pending": false,
              "context": null,
              "code": "contact_Us_PO.contactFormSubmission(data.firstName, data.lastName, \" \", data.textArea, \"body\", \"Invalid email address\");\ncy.title().should('be.equal', 'Contact form handler');",
              "err": {},
              "uuid": "4470d8a3-3e9d-4303-997d-36378f25e62a",
              "parentUUID": "bac3d197-1559-44d4-ba54-4a357185cbc7",
              "isHook": false,
              "skipped": false
            }
          ],
          "suites": [],
          "passes": [
            "c432c589-50bb-4815-95c0-34f9be143bdc",
            "4470d8a3-3e9d-4303-997d-36378f25e62a"
          ],
          "failures": [],
          "pending": [],
          "skipped": [],
          "duration": 10291,
          "root": false,
          "rootEmpty": false,
          "_timeout": 2000
        }
      ],
      "passes": [],
      "failures": [],
      "pending": [],
      "skipped": [],
      "duration": 0,
      "root": true,
      "rootEmpty": true,
      "_timeout": 2000
    },
    {
      "uuid": "593d7435-3548-468b-8d35-e99eb1f2ec7a",
      "title": "",
      "fullFile": "cypress\\integration\\examples\\firstSiteTesting-WU\\contact-us-fixure.js",
      "file": "cypress\\integration\\examples\\firstSiteTesting-WU\\contact-us-fixure.js",
      "beforeHooks": [],
      "afterHooks": [],
      "tests": [],
      "suites": [
        {
          "uuid": "e9755476-5244-4a32-88c8-a76de927ffa4",
          "title": "Test - Contact Us Form - Site One",
          "fullFile": "",
          "file": "",
          "beforeHooks": [],
          "afterHooks": [],
          "tests": [
            {
              "title": "Should be able to submit",
              "fullTitle": "Test - Contact Us Form - Site One Should be able to submit",
              "timedOut": null,
              "duration": 4717,
              "state": "passed",
              "speed": "slow",
              "pass": true,
              "fail": false,
              "pending": false,
              "context": null,
              "code": "//cy.visit(\"http://webdriveruniversity.com/Contact-Us/contactus.html\")\n//cy.get(\"#contact-us\").click()\ncy.visit(\"http://webdriveruniversity.com\");\ncy.get(\"#contact-us\").invoke('removeAttr', 'target').click({\n  force: true\n});\ncy.document().should('have.property', 'charset').and('eq', 'UTF-8');\ncy.get('[name=\"first_name\"]').type(data.firstName);\ncy.get('[name=\"last_name\"]').type(data.lastName);\ncy.get('[name=\"email\"]').type(data.email);\ncy.get('textarea.feedback-input').type(data.textArea);\ncy.get('[type=\"submit\"]').click();\ncy.title().should('be.equal', 'Gianni Bruno - Designer');\ncy.get(\"h1\").should('have.text', 'Thank You for your Message!');\ncy.title().should('include', 'Gianni Bruno');\ncy.url().should('include', 'contact-form-thank-you');",
              "err": {},
              "uuid": "8be823ec-77f0-4ea0-8a85-72f05d5909ce",
              "parentUUID": "e9755476-5244-4a32-88c8-a76de927ffa4",
              "isHook": false,
              "skipped": false
            }
          ],
          "suites": [],
          "passes": [
            "8be823ec-77f0-4ea0-8a85-72f05d5909ce"
          ],
          "failures": [],
          "pending": [],
          "skipped": [],
          "duration": 4717,
          "root": false,
          "rootEmpty": false,
          "_timeout": 2000
        }
      ],
      "passes": [],
      "failures": [],
      "pending": [],
      "skipped": [],
      "duration": 0,
      "root": true,
      "rootEmpty": true,
      "_timeout": 2000
    },
    {
      "uuid": "aaaee474-f4fb-4324-b083-980ba4afd00f",
      "title": "",
      "fullFile": "cypress\\integration\\examples\\firstSiteTesting-WU\\contact-us.js",
      "file": "cypress\\integration\\examples\\firstSiteTesting-WU\\contact-us.js",
      "beforeHooks": [],
      "afterHooks": [],
      "tests": [],
      "suites": [
        {
          "uuid": "c8b998c3-d33f-4443-88fe-e5d201aceec5",
          "title": "Test - Contact Us Form - Site One",
          "fullFile": "",
          "file": "",
          "beforeHooks": [],
          "afterHooks": [],
          "tests": [
            {
              "title": "Should be able to submit",
              "fullTitle": "Test - Contact Us Form - Site One Should be able to submit",
              "timedOut": null,
              "duration": 3593,
              "state": "passed",
              "speed": "slow",
              "pass": true,
              "fail": false,
              "pending": false,
              "context": null,
              "code": "//cy.visit(\"http://webdriveruniversity.com/Contact-Us/contactus.html\")\n//cy.get(\"#contact-us\").click()\ncy.visit(\"http://webdriveruniversity.com\");\ncy.get(\"#contact-us\").invoke('removeAttr', 'target').click({\n  force: true\n}); //radi i sa i bez - pog;edaj dole\ncy.document().should('have.property', 'charset').and('eq', 'UTF-8');\ncy.get('[name=\"first_name\"]').type('Zeljko');\ncy.get('[name=\"last_name\"]').type('Ilic');\ncy.get('[name=\"email\"]').type('zelimir.ilic@gmail.com');\ncy.get('textarea.feedback-input').type('This comment is connected with test case.');\ncy.get('[type=\"submit\"]').click();\ncy.title().should('be.equal', 'Gianni Bruno - Designer');\ncy.get(\"h1\").should('have.text', 'Thank You for your Message!');\ncy.title().should('include', 'Gianni Bruno');\ncy.url().should('include', 'contact-form-thank-you');",
              "err": {},
              "uuid": "df07b22c-d4e3-4f30-9da9-cc4373649f3d",
              "parentUUID": "c8b998c3-d33f-4443-88fe-e5d201aceec5",
              "isHook": false,
              "skipped": false
            }
          ],
          "suites": [],
          "passes": [
            "df07b22c-d4e3-4f30-9da9-cc4373649f3d"
          ],
          "failures": [],
          "pending": [],
          "skipped": [],
          "duration": 3593,
          "root": false,
          "rootEmpty": false,
          "_timeout": 2000
        }
      ],
      "passes": [],
      "failures": [],
      "pending": [],
      "skipped": [],
      "duration": 0,
      "root": true,
      "rootEmpty": true,
      "_timeout": 2000
    },
    {
      "uuid": "e5a2f3f5-c18f-4eb7-a0e7-c8070b84e47e",
      "title": "",
      "fullFile": "cypress\\integration\\examples\\firstSiteTesting-WU\\data-tables.js",
      "file": "cypress\\integration\\examples\\firstSiteTesting-WU\\data-tables.js",
      "beforeHooks": [],
      "afterHooks": [],
      "tests": [],
      "suites": [
        {
          "uuid": "2b555f0a-fb43-4e17-a170-668354bf4b73",
          "title": "Handling data",
          "fullFile": "",
          "file": "",
          "beforeHooks": [],
          "afterHooks": [],
          "tests": [
            {
              "title": "Calculate and assert ages of user based on last name",
              "fullTitle": "Handling data Calculate and assert ages of user based on last name",
              "timedOut": null,
              "duration": 1210,
              "state": "passed",
              "speed": "slow",
              "pass": true,
              "fail": false,
              "pending": false,
              "context": null,
              "code": "cy.get('#thumbnail-1 tr td:nth-child(2)').each(function ($el, index, $list) {\n  var text = $el.text();\n  if (text.includes('Jones')) {\n    cy.get('#thumbnail-1 tr td:nth-child(2)').eq(index).next().then(function (age) {\n      var userAge = age.text();\n      expect(userAge).to.eq('27');\n    });\n  }\n});",
              "err": {},
              "uuid": "7061217b-9341-4d35-aeb5-21df6f1f79ca",
              "parentUUID": "2b555f0a-fb43-4e17-a170-668354bf4b73",
              "isHook": false,
              "skipped": false
            }
          ],
          "suites": [],
          "passes": [
            "7061217b-9341-4d35-aeb5-21df6f1f79ca"
          ],
          "failures": [],
          "pending": [],
          "skipped": [],
          "duration": 1210,
          "root": false,
          "rootEmpty": false,
          "_timeout": 2000
        }
      ],
      "passes": [],
      "failures": [],
      "pending": [],
      "skipped": [],
      "duration": 0,
      "root": true,
      "rootEmpty": true,
      "_timeout": 2000
    },
    {
      "uuid": "4ff3c4c0-15ff-496b-9293-f6141ac389e9",
      "title": "",
      "fullFile": "cypress\\integration\\examples\\firstSiteTesting-WU\\datepicker.js",
      "file": "cypress\\integration\\examples\\firstSiteTesting-WU\\datepicker.js",
      "beforeHooks": [],
      "afterHooks": [],
      "tests": [],
      "suites": [
        {
          "uuid": "a305bf3a-1692-4e55-86e7-ab9256d39d35",
          "title": "Test datepicker",
          "fullFile": "",
          "file": "",
          "beforeHooks": [],
          "afterHooks": [],
          "tests": [
            {
              "title": "Select date from datepicker",
              "fullTitle": "Test datepicker Select date from datepicker",
              "timedOut": null,
              "duration": 7548,
              "state": "passed",
              "speed": "slow",
              "pass": true,
              "fail": false,
              "pending": false,
              "context": null,
              "code": "//cy.visit(\"http://webdriveruniversity.com/Contact-Us/contactus.html\")\n//cy.get(\"#contact-us\").click()\ncy.visit(\"http://webdriveruniversity.com\");\ncy.get(\"#datepicker\").invoke(\"removeAttr\", \"target\").click({\n  force: true\n});\ncy.get(\"#datepicker\").click();\nvar date = new Date();\ndate.setDate(date.getDate() + 365);\nvar futureYear = date.getFullYear();\nvar futureMonth = date.toLocaleString('default', {\n  month: 'long'\n});\nvar futureDay = date.getDate();\ncy.log(\"Future year to select \" + futureYear);\ncy.log(\"Future month to select \" + futureMonth);\ncy.log(\"Future day to select \" + futureDay);\nfunction selectYearAndMonth() {\n  cy.get(\".datepicker-dropdown\").find(\".datepicker-switch\").first().then(function (currentDate) {\n    if (!currentDate.text().includes(futureYear)) {\n      cy.get(\".next\").first().click();\n      cy.log(currentDate.text());\n      selectYearAndMonth();\n    }\n  }).then(function () {\n    cy.get(\".datepicker-dropdown\").find(\".datepicker-switch\").first().then(function (currentDate) {\n      if (!currentDate.text().includes(futureMonth)) {\n        cy.get(\".next\").first().click();\n        cy.log(currentDate.text());\n        selectYearAndMonth();\n      }\n    });\n  });\n}\nfunction selectDay() {\n  cy.get(\".day\").contains(futureDay).click();\n}\nselectYearAndMonth();\nselectDay();",
              "err": {},
              "uuid": "560b1db3-2b4a-41f4-ac1b-565a3516b34b",
              "parentUUID": "a305bf3a-1692-4e55-86e7-ab9256d39d35",
              "isHook": false,
              "skipped": false
            }
          ],
          "suites": [],
          "passes": [
            "560b1db3-2b4a-41f4-ac1b-565a3516b34b"
          ],
          "failures": [],
          "pending": [],
          "skipped": [],
          "duration": 7548,
          "root": false,
          "rootEmpty": false,
          "_timeout": 2000
        }
      ],
      "passes": [],
      "failures": [],
      "pending": [],
      "skipped": [],
      "duration": 0,
      "root": true,
      "rootEmpty": true,
      "_timeout": 2000
    },
    {
      "uuid": "5c92ffb0-502b-41b6-9b23-7a28adf05aee",
      "title": "",
      "fullFile": "cypress\\integration\\examples\\firstSiteTesting-WU\\file-upload.js",
      "file": "cypress\\integration\\examples\\firstSiteTesting-WU\\file-upload.js",
      "beforeHooks": [],
      "afterHooks": [],
      "tests": [],
      "suites": [
        {
          "uuid": "7d24a22a-c1f4-47b4-9af0-afe2510fb760",
          "title": "Test file upload",
          "fullFile": "",
          "file": "",
          "beforeHooks": [],
          "afterHooks": [],
          "tests": [
            {
              "title": "Upload a file",
              "fullTitle": "Test file upload Upload a file",
              "timedOut": null,
              "duration": 1178,
              "state": "passed",
              "speed": "slow",
              "pass": true,
              "fail": false,
              "pending": false,
              "context": null,
              "code": "//cy.visit(\"http://webdriveruniversity.com/Contact-Us/contactus.html\")\n//cy.get(\"#contact-us\").click()\ncy.visit(\"http://webdriveruniversity.com\");\ncy.get(\"#file-upload\").invoke('removeAttr', 'target').click({\n  force: true\n});\ncy.fixture(\"clown.png\", 'base64').then(function (fileContent) {\n  cy.get('#myFile').attachFile({\n    fileContent: fileContent,\n    fileName: 'clown.png',\n    mimeType: 'image/png'\n  }, {\n    uploadType: 'input'\n  });\n});\ncy.get('#submit-button').click();",
              "err": {},
              "uuid": "385e29d5-ac38-46c7-b568-18e7ae5b47f2",
              "parentUUID": "7d24a22a-c1f4-47b4-9af0-afe2510fb760",
              "isHook": false,
              "skipped": false
            },
            {
              "title": "No upload a file",
              "fullTitle": "Test file upload No upload a file",
              "timedOut": null,
              "duration": 662,
              "state": "passed",
              "speed": "slow",
              "pass": true,
              "fail": false,
              "pending": false,
              "context": null,
              "code": "//cy.visit(\"http://webdriveruniversity.com/Contact-Us/contactus.html\")\n//cy.get(\"#contact-us\").click()\ncy.visit(\"http://webdriveruniversity.com\");\ncy.get(\"#file-upload\").invoke('removeAttr', 'target').click({\n  force: true\n});\ncy.get('#submit-button').click();",
              "err": {},
              "uuid": "3f5cbc2c-c775-4817-8614-0b6e91bf354a",
              "parentUUID": "7d24a22a-c1f4-47b4-9af0-afe2510fb760",
              "isHook": false,
              "skipped": false
            }
          ],
          "suites": [],
          "passes": [
            "385e29d5-ac38-46c7-b568-18e7ae5b47f2",
            "3f5cbc2c-c775-4817-8614-0b6e91bf354a"
          ],
          "failures": [],
          "pending": [],
          "skipped": [],
          "duration": 1840,
          "root": false,
          "rootEmpty": false,
          "_timeout": 2000
        }
      ],
      "passes": [],
      "failures": [],
      "pending": [],
      "skipped": [],
      "duration": 0,
      "root": true,
      "rootEmpty": true,
      "_timeout": 2000
    },
    {
      "uuid": "6ce6079e-890d-4ca5-881f-e78894728091",
      "title": "",
      "fullFile": "cypress\\integration\\examples\\firstSiteTesting-WU\\iframe.js",
      "file": "cypress\\integration\\examples\\firstSiteTesting-WU\\iframe.js",
      "beforeHooks": [],
      "afterHooks": [],
      "tests": [],
      "suites": [
        {
          "uuid": "97054ac7-1132-41c4-bb82-dc1117b2f2e5",
          "title": "Handling IFrame and Modals",
          "fullFile": "",
          "file": "",
          "beforeHooks": [],
          "afterHooks": [],
          "tests": [
            {
              "title": "Handle iframe on Webdriveruniversity.com",
              "fullTitle": "Handling IFrame and Modals Handle iframe on Webdriveruniversity.com",
              "timedOut": null,
              "duration": 1613,
              "state": "passed",
              "speed": "slow",
              "pass": true,
              "fail": false,
              "pending": false,
              "context": null,
              "code": "//cy.visit(\"http://webdriveruniversity.com/Contact-Us/contactus.html\")\n//cy.get(\"#contact-us\").click()\ncy.visit(\"http://webdriveruniversity.com\");\ncy.get(\"#iframe\").invoke('removeAttr', 'target').click({\n  force: true\n});\ncy.get('#frame').then(function ($iframe) {\n  var body = $iframe.contents().find('body');\n  cy.wrap(body).as('iFrame');\n});\ncy.get('@iFrame').find('#button-find-out-more').click();\ncy.get('@iFrame').find('#myModal').as('modal');\ncy.get('@modal').then(function ($expectedText) {\n  var text = $expectedText.text();\n  expect(text).to.include('Welcome to webdriveruniversity.com we sell a wide range');\n});\ncy.get('@modal').contains('Close');",
              "err": {},
              "uuid": "acc256a8-7cf2-4ef7-a40b-1d7c256dc656",
              "parentUUID": "97054ac7-1132-41c4-bb82-dc1117b2f2e5",
              "isHook": false,
              "skipped": false
            }
          ],
          "suites": [],
          "passes": [
            "acc256a8-7cf2-4ef7-a40b-1d7c256dc656"
          ],
          "failures": [],
          "pending": [],
          "skipped": [],
          "duration": 1613,
          "root": false,
          "rootEmpty": false,
          "_timeout": 2000
        }
      ],
      "passes": [],
      "failures": [],
      "pending": [],
      "skipped": [],
      "duration": 0,
      "root": true,
      "rootEmpty": true,
      "_timeout": 2000
    },
    {
      "uuid": "06d609fe-3e2f-40b4-9260-eb37a776b9fd",
      "title": "",
      "fullFile": "cypress\\integration\\examples\\firstSiteTesting-WU\\js-alert.js",
      "file": "cypress\\integration\\examples\\firstSiteTesting-WU\\js-alert.js",
      "beforeHooks": [],
      "afterHooks": [],
      "tests": [],
      "suites": [
        {
          "uuid": "4543da92-35fc-4b43-b6b6-3ac5fc21c9fc",
          "title": "Handling js alerts",
          "fullFile": "",
          "file": "",
          "beforeHooks": [],
          "afterHooks": [],
          "tests": [
            {
              "title": "Confirm js alert",
              "fullTitle": "Handling js alerts Confirm js alert",
              "timedOut": null,
              "duration": 1020,
              "state": "passed",
              "speed": "slow",
              "pass": true,
              "fail": false,
              "pending": false,
              "context": null,
              "code": "//cy.visit(\"http://webdriveruniversity.com/Contact-Us/contactus.html\")\n//cy.get(\"#contact-us\").click()\ncy.visit(\"http://webdriveruniversity.com\");\ncy.get(\"#popup-alerts\").invoke(\"removeAttr\", \"target\").click({\n  force: true\n});\ncy.get(\"#button1\").click();\ncy.on(\"window:alert\", function (str) {\n  expect(str).to.equal(\"I am an alert box!\");\n});",
              "err": {},
              "uuid": "009dd2d3-6bce-407b-a5ce-9b2fe2724713",
              "parentUUID": "4543da92-35fc-4b43-b6b6-3ac5fc21c9fc",
              "isHook": false,
              "skipped": false
            },
            {
              "title": "Confirm js alert - OK",
              "fullTitle": "Handling js alerts Confirm js alert - OK",
              "timedOut": null,
              "duration": 725,
              "state": "passed",
              "speed": "slow",
              "pass": true,
              "fail": false,
              "pending": false,
              "context": null,
              "code": "//cy.visit(\"http://webdriveruniversity.com/Contact-Us/contactus.html\")\n//cy.get(\"#contact-us\").click()\ncy.visit(\"http://webdriveruniversity.com\");\ncy.get(\"#popup-alerts\").invoke(\"removeAttr\", \"target\").click({\n  force: true\n});\ncy.get(\"#button4\").click();\ncy.on(\"window:confirm\", function (str) {\n  return true;\n});\ncy.get(\"#confirm-alert-text\").contains(\"You pressed OK!\");",
              "err": {},
              "uuid": "e8053b0e-b8e8-43fb-9d8f-0101d664d45c",
              "parentUUID": "4543da92-35fc-4b43-b6b6-3ac5fc21c9fc",
              "isHook": false,
              "skipped": false
            },
            {
              "title": "Confirm js alert - Cancel",
              "fullTitle": "Handling js alerts Confirm js alert - Cancel",
              "timedOut": null,
              "duration": 569,
              "state": "passed",
              "speed": "slow",
              "pass": true,
              "fail": false,
              "pending": false,
              "context": null,
              "code": "//cy.visit(\"http://webdriveruniversity.com/Contact-Us/contactus.html\")\n//cy.get(\"#contact-us\").click()\ncy.visit(\"http://webdriveruniversity.com\");\ncy.get(\"#popup-alerts\").invoke(\"removeAttr\", \"target\").click({\n  force: true\n});\ncy.get(\"#button4\").click();\ncy.on(\"window:confirm\", function (str) {\n  return false;\n});\ncy.get(\"#confirm-alert-text\").contains(\"You pressed Cancel!\");",
              "err": {},
              "uuid": "8f320268-5e8b-4d13-9014-ee044d3bee8b",
              "parentUUID": "4543da92-35fc-4b43-b6b6-3ac5fc21c9fc",
              "isHook": false,
              "skipped": false
            },
            {
              "title": "Confirm js alert - using stub",
              "fullTitle": "Handling js alerts Confirm js alert - using stub",
              "timedOut": null,
              "duration": 538,
              "state": "passed",
              "speed": "slow",
              "pass": true,
              "fail": false,
              "pending": false,
              "context": null,
              "code": "//cy.visit(\"http://webdriveruniversity.com/Contact-Us/contactus.html\")\n//cy.get(\"#contact-us\").click()\ncy.visit(\"http://webdriveruniversity.com\");\ncy.get(\"#popup-alerts\").invoke(\"removeAttr\", \"target\").click({\n  force: true\n});\nvar stub = cy.stub();\ncy.on(\"window:confirm\", stub);\ncy.get(\"#button4\").click().then(function () {\n  expect(stub.getCall(0)).to.be.calledWith(\"Press a button!\");\n}).then(function () {\n  return true;\n}).then(function () {\n  cy.get(\"#confirm-alert-text\").contains(\"You pressed OK!\");\n});",
              "err": {},
              "uuid": "58fbf46c-768a-4ee7-8356-1541f00ad8af",
              "parentUUID": "4543da92-35fc-4b43-b6b6-3ac5fc21c9fc",
              "isHook": false,
              "skipped": false
            }
          ],
          "suites": [],
          "passes": [
            "009dd2d3-6bce-407b-a5ce-9b2fe2724713",
            "e8053b0e-b8e8-43fb-9d8f-0101d664d45c",
            "8f320268-5e8b-4d13-9014-ee044d3bee8b",
            "58fbf46c-768a-4ee7-8356-1541f00ad8af"
          ],
          "failures": [],
          "pending": [],
          "skipped": [],
          "duration": 2852,
          "root": false,
          "rootEmpty": false,
          "_timeout": 2000
        }
      ],
      "passes": [],
      "failures": [],
      "pending": [],
      "skipped": [],
      "duration": 0,
      "root": true,
      "rootEmpty": true,
      "_timeout": 2000
    },
    {
      "uuid": "0a6830a6-b0f7-48a5-9e61-411f1a0797ba",
      "title": "",
      "fullFile": "cypress\\integration\\examples\\firstSiteTesting-WU\\mouse-actions.js",
      "file": "cypress\\integration\\examples\\firstSiteTesting-WU\\mouse-actions.js",
      "beforeHooks": [],
      "afterHooks": [],
      "tests": [],
      "suites": [
        {
          "uuid": "2f542468-510a-44c2-9cfe-34f887fa38c9",
          "title": "Test mouse actions",
          "fullFile": "",
          "file": "",
          "beforeHooks": [],
          "afterHooks": [],
          "tests": [
            {
              "title": "Hold down left mouse click on certain item",
              "fullTitle": "Test mouse actions Hold down left mouse click on certain item",
              "timedOut": null,
              "duration": 1317,
              "state": "passed",
              "speed": "slow",
              "pass": true,
              "fail": false,
              "pending": false,
              "context": null,
              "code": "cy.visit(\"http://webdriveruniversity.com\");\ncy.get(\"#actions\").scrollIntoView().invoke('removeAttr', 'target').click({\n  force: true\n});\ncy.get('#click-box').trigger('mousedown', {\n  which: 1\n}).then(function ($element) {\n  expect($element).to.have.css('background-color', 'rgb(0, 255, 0)');\n});",
              "err": {},
              "uuid": "b6e27a89-8096-4513-9fc8-553013bd0a6a",
              "parentUUID": "2f542468-510a-44c2-9cfe-34f887fa38c9",
              "isHook": false,
              "skipped": false
            }
          ],
          "suites": [],
          "passes": [
            "b6e27a89-8096-4513-9fc8-553013bd0a6a"
          ],
          "failures": [],
          "pending": [],
          "skipped": [],
          "duration": 1317,
          "root": false,
          "rootEmpty": false,
          "_timeout": 2000
        }
      ],
      "passes": [],
      "failures": [],
      "pending": [],
      "skipped": [],
      "duration": 0,
      "root": true,
      "rootEmpty": true,
      "_timeout": 2000
    },
    {
      "uuid": "883d2f7d-2669-4760-857f-dc84a10faeb1",
      "title": "",
      "fullFile": "cypress\\integration\\examples\\firstSiteTesting-WU\\radio-buttons-hooks.js",
      "file": "cypress\\integration\\examples\\firstSiteTesting-WU\\radio-buttons-hooks.js",
      "beforeHooks": [],
      "afterHooks": [],
      "tests": [],
      "suites": [
        {
          "uuid": "acd912be-ac23-44c0-91d8-83402fedd86a",
          "title": "Verify radio buttons on first site - webdriveruniversity.com",
          "fullFile": "",
          "file": "",
          "beforeHooks": [],
          "afterHooks": [],
          "tests": [
            {
              "title": "Check specific radio buttons",
              "fullTitle": "Verify radio buttons on first site - webdriveruniversity.com Check specific radio buttons",
              "timedOut": null,
              "duration": 1071,
              "state": "passed",
              "speed": "slow",
              "pass": true,
              "fail": false,
              "pending": false,
              "context": null,
              "code": "cy.get('#radio-buttons').find(\"[type='radio']\").first().click();\ncy.get('#radio-buttons').find(\"[type='radio']\").eq(1).click();",
              "err": {},
              "uuid": "bfbc92bf-ccdb-4575-966c-6d84c1f9fbe3",
              "parentUUID": "acd912be-ac23-44c0-91d8-83402fedd86a",
              "isHook": false,
              "skipped": false
            },
            {
              "title": "Validate specific radio buttons",
              "fullTitle": "Verify radio buttons on first site - webdriveruniversity.com Validate specific radio buttons",
              "timedOut": null,
              "duration": 329,
              "state": "passed",
              "speed": "slow",
              "pass": true,
              "fail": false,
              "pending": false,
              "context": null,
              "code": "cy.get(\"[value='lettuce']\").should('not.be.checked');\ncy.get(\"[value='pumpkin']\").should('be.checked');\ncy.get(\"[value='cabbage']\").should('be.disabled');\ncy.get(\"[value='lettuce']\").click();\ncy.get(\"[value='lettuce']\").should('be.checked');\ncy.get(\"[value='pumpkin']\").should('not.be.checked');\ncy.get(\"[value='cabbage']\").should('be.disabled');",
              "err": {},
              "uuid": "b6260232-c45f-4441-bb8b-9c3cc1102fb4",
              "parentUUID": "acd912be-ac23-44c0-91d8-83402fedd86a",
              "isHook": false,
              "skipped": false
            }
          ],
          "suites": [],
          "passes": [
            "bfbc92bf-ccdb-4575-966c-6d84c1f9fbe3",
            "b6260232-c45f-4441-bb8b-9c3cc1102fb4"
          ],
          "failures": [],
          "pending": [],
          "skipped": [],
          "duration": 1400,
          "root": false,
          "rootEmpty": false,
          "_timeout": 2000
        }
      ],
      "passes": [],
      "failures": [],
      "pending": [],
      "skipped": [],
      "duration": 0,
      "root": true,
      "rootEmpty": true,
      "_timeout": 2000
    },
    {
      "uuid": "cd8afcfe-f58c-406d-b740-985135cec6c2",
      "title": "",
      "fullFile": "cypress\\integration\\examples\\firstSiteTesting-WU\\radio-buttons.js",
      "file": "cypress\\integration\\examples\\firstSiteTesting-WU\\radio-buttons.js",
      "beforeHooks": [],
      "afterHooks": [],
      "tests": [],
      "suites": [
        {
          "uuid": "5ab638cb-d444-4f8c-b4fd-5f0039eadcbe",
          "title": "Verify radio buttons on first site - webdriveruniversity.com",
          "fullFile": "",
          "file": "",
          "beforeHooks": [],
          "afterHooks": [],
          "tests": [
            {
              "title": "Check specific radio buttons",
              "fullTitle": "Verify radio buttons on first site - webdriveruniversity.com Check specific radio buttons",
              "timedOut": null,
              "duration": 1139,
              "state": "passed",
              "speed": "slow",
              "pass": true,
              "fail": false,
              "pending": false,
              "context": null,
              "code": "cy.visit(\"http://webdriveruniversity.com\");\ncy.get(\"#dropdown-checkboxes-radiobuttons\").invoke('removeAttr', 'target').click({\n  force: true\n});\ncy.get('#radio-buttons').find(\"[type='radio']\").first().click();\ncy.get('#radio-buttons').find(\"[type='radio']\").eq(1).click();",
              "err": {},
              "uuid": "4edeb960-4ae1-4f53-be81-cad79aaca03b",
              "parentUUID": "5ab638cb-d444-4f8c-b4fd-5f0039eadcbe",
              "isHook": false,
              "skipped": false
            },
            {
              "title": "Validate specific radio buttons",
              "fullTitle": "Verify radio buttons on first site - webdriveruniversity.com Validate specific radio buttons",
              "timedOut": null,
              "duration": 765,
              "state": "passed",
              "speed": "slow",
              "pass": true,
              "fail": false,
              "pending": false,
              "context": null,
              "code": "cy.visit(\"http://webdriveruniversity.com\");\ncy.get(\"#dropdown-checkboxes-radiobuttons\").invoke('removeAttr', 'target').click({\n  force: true\n});\ncy.get(\"[value='lettuce']\").should('not.be.checked');\ncy.get(\"[value='pumpkin']\").should('be.checked');\ncy.get(\"[value='cabbage']\").should('be.disabled');\ncy.get(\"[value='lettuce']\").click();\ncy.get(\"[value='lettuce']\").should('be.checked');\ncy.get(\"[value='pumpkin']\").should('not.be.checked');\ncy.get(\"[value='cabbage']\").should('be.disabled');",
              "err": {},
              "uuid": "2dc9be2b-f60e-41bf-aa02-b7b5d11a201b",
              "parentUUID": "5ab638cb-d444-4f8c-b4fd-5f0039eadcbe",
              "isHook": false,
              "skipped": false
            }
          ],
          "suites": [],
          "passes": [
            "4edeb960-4ae1-4f53-be81-cad79aaca03b",
            "2dc9be2b-f60e-41bf-aa02-b7b5d11a201b"
          ],
          "failures": [],
          "pending": [],
          "skipped": [],
          "duration": 1904,
          "root": false,
          "rootEmpty": false,
          "_timeout": 2000
        }
      ],
      "passes": [],
      "failures": [],
      "pending": [],
      "skipped": [],
      "duration": 0,
      "root": true,
      "rootEmpty": true,
      "_timeout": 2000
    },
    {
      "uuid": "2ca5fc99-58ad-4e40-8c46-c524e2dacb51",
      "title": "",
      "fullFile": "cypress\\integration\\examples\\firstSiteTesting-WU\\select-dropdown-list.js",
      "file": "cypress\\integration\\examples\\firstSiteTesting-WU\\select-dropdown-list.js",
      "beforeHooks": [],
      "afterHooks": [],
      "tests": [],
      "suites": [
        {
          "uuid": "f05f5650-dcf5-4000-adb3-a4cd889b5547",
          "title": "Interact with dropdown list",
          "fullFile": "",
          "file": "",
          "beforeHooks": [],
          "afterHooks": [],
          "tests": [
            {
              "title": "Select specific value in dropdown list",
              "fullTitle": "Interact with dropdown list Select specific value in dropdown list",
              "timedOut": null,
              "duration": 1685,
              "state": "passed",
              "speed": "slow",
              "pass": true,
              "fail": false,
              "pending": false,
              "context": null,
              "code": "cy.visit(\"http://webdriveruniversity.com\");\ncy.get(\"#dropdown-checkboxes-radiobuttons\").invoke('removeAttr', 'target').click({\n  force: true\n});\ncy.get('#dropdowm-menu-1').select('python').should('have.value', 'python');\ncy.get('#dropdowm-menu-2').select('maven').should('have.value', 'maven');\ncy.get('#dropdowm-menu-3').select('JavaScript').contains('JavaScript');\ncy.get('#dropdowm-menu-2').select('TestNG').contains('TestNG');",
              "err": {},
              "uuid": "a542d2df-128f-45a5-a826-b81432df0e85",
              "parentUUID": "f05f5650-dcf5-4000-adb3-a4cd889b5547",
              "isHook": false,
              "skipped": false
            }
          ],
          "suites": [],
          "passes": [
            "a542d2df-128f-45a5-a826-b81432df0e85"
          ],
          "failures": [],
          "pending": [],
          "skipped": [],
          "duration": 1685,
          "root": false,
          "rootEmpty": false,
          "_timeout": 2000
        }
      ],
      "passes": [],
      "failures": [],
      "pending": [],
      "skipped": [],
      "duration": 0,
      "root": true,
      "rootEmpty": true,
      "_timeout": 2000
    },
    {
      "uuid": "0af38437-0d45-4fde-933c-605d98db4789",
      "title": "",
      "fullFile": "cypress\\integration\\examples\\firstSiteTesting-WU\\traversing-elements.js",
      "file": "cypress\\integration\\examples\\firstSiteTesting-WU\\traversing-elements.js",
      "beforeHooks": [],
      "afterHooks": [],
      "tests": [],
      "suites": [
        {
          "uuid": "56fd858b-3bb7-4149-8f4a-df0be5ab9c1e",
          "title": "Traversing DOM elements in Cypress",
          "fullFile": "",
          "file": "",
          "beforeHooks": [],
          "afterHooks": [],
          "tests": [
            {
              "title": "children() to get the children of DOM elements",
              "fullTitle": "Traversing DOM elements in Cypress children() to get the children of DOM elements",
              "timedOut": null,
              "duration": 1030,
              "state": "passed",
              "speed": "slow",
              "pass": true,
              "fail": false,
              "pending": false,
              "context": null,
              "code": "cy.get('.traversal-breadcrumb').children('.active').should('contain', 'Contact Us');",
              "err": {},
              "uuid": "6cb919d4-aa0f-4e5d-96e2-d60ab48ec316",
              "parentUUID": "56fd858b-3bb7-4149-8f4a-df0be5ab9c1e",
              "isHook": false,
              "skipped": false
            },
            {
              "title": "closest() to validate the closest ancestor DOM element",
              "fullTitle": "Traversing DOM elements in Cypress closest() to validate the closest ancestor DOM element",
              "timedOut": null,
              "duration": 504,
              "state": "passed",
              "speed": "slow",
              "pass": true,
              "fail": false,
              "pending": false,
              "context": null,
              "code": "cy.get('.badge-light').closest('ul').should('have.class', 'list-group');",
              "err": {},
              "uuid": "a29c3704-3bee-488e-92cb-b2a4c5c4b140",
              "parentUUID": "56fd858b-3bb7-4149-8f4a-df0be5ab9c1e",
              "isHook": false,
              "skipped": false
            },
            {
              "title": "eq() to retrieve a specific element based on index",
              "fullTitle": "Traversing DOM elements in Cypress eq() to retrieve a specific element based on index",
              "timedOut": null,
              "duration": 657,
              "state": "passed",
              "speed": "slow",
              "pass": true,
              "fail": false,
              "pending": false,
              "context": null,
              "code": "cy.get('.traversal-drinks-list>*').eq(2).should('contain', 'Milk');",
              "err": {},
              "uuid": "f0d60034-4752-44ad-aa79-bbbf54051f93",
              "parentUUID": "56fd858b-3bb7-4149-8f4a-df0be5ab9c1e",
              "isHook": false,
              "skipped": false
            },
            {
              "title": "filter() to retrieve DOM elements that match a specific selector",
              "fullTitle": "Traversing DOM elements in Cypress filter() to retrieve DOM elements that match a specific selector",
              "timedOut": null,
              "duration": 622,
              "state": "passed",
              "speed": "slow",
              "pass": true,
              "fail": false,
              "pending": false,
              "context": null,
              "code": "cy.get('.btn-group-toggle>*').filter('.active').should('contain', 'Button-1');",
              "err": {},
              "uuid": "e8f8be7a-1f4c-48e4-9cf0-f1b124540cd9",
              "parentUUID": "56fd858b-3bb7-4149-8f4a-df0be5ab9c1e",
              "isHook": false,
              "skipped": false
            },
            {
              "title": "find() to retrieve DOM elements of a given selector",
              "fullTitle": "Traversing DOM elements in Cypress find() to retrieve DOM elements of a given selector",
              "timedOut": null,
              "duration": 543,
              "state": "passed",
              "speed": "slow",
              "pass": true,
              "fail": false,
              "pending": false,
              "context": null,
              "code": "cy.get('.traversal-pagination').find('li').find('a').should('have.length', 7);",
              "err": {},
              "uuid": "65e217c8-f688-4746-bdaf-7fd274ed4aab",
              "parentUUID": "56fd858b-3bb7-4149-8f4a-df0be5ab9c1e",
              "isHook": false,
              "skipped": false
            },
            {
              "title": "first() to retrieve the first DOM element within elements ",
              "fullTitle": "Traversing DOM elements in Cypress first() to retrieve the first DOM element within elements ",
              "timedOut": null,
              "duration": 546,
              "state": "passed",
              "speed": "slow",
              "pass": true,
              "fail": false,
              "pending": false,
              "context": null,
              "code": "cy.get('.traversal-table > tbody > tr > td').first().should('contain', 'Andy');",
              "err": {},
              "uuid": "14630e81-9110-46b5-a0a9-36ff10772526",
              "parentUUID": "56fd858b-3bb7-4149-8f4a-df0be5ab9c1e",
              "isHook": false,
              "skipped": false
            },
            {
              "title": "last() to retrieve the last DOM element within elements",
              "fullTitle": "Traversing DOM elements in Cypress last() to retrieve the last DOM element within elements",
              "timedOut": null,
              "duration": 485,
              "state": "passed",
              "speed": "slow",
              "pass": true,
              "fail": false,
              "pending": false,
              "context": null,
              "code": "cy.get('.traversal-table > tbody > tr > td').last().should('contain', 'Scott');",
              "err": {},
              "uuid": "a4c9608e-6a00-4d90-ad40-4adf40b11ea8",
              "parentUUID": "56fd858b-3bb7-4149-8f4a-df0be5ab9c1e",
              "isHook": false,
              "skipped": false
            },
            {
              "title": "nextAll() to get all of the next sibling DOM elements within elements",
              "fullTitle": "Traversing DOM elements in Cypress nextAll() to get all of the next sibling DOM elements within elements",
              "timedOut": null,
              "duration": 581,
              "state": "passed",
              "speed": "slow",
              "pass": true,
              "fail": false,
              "pending": false,
              "context": null,
              "code": "cy.get('.traversal-drinks-list').contains('Coffee').nextAll().should('have.length', '4'); //It works with both: cy.get('.traversal-drinks-list') or cy.get('.traversal-drinks-list > *')",
              "err": {},
              "uuid": "d5bb6442-3f02-4dfc-b56c-e24e5ae67126",
              "parentUUID": "56fd858b-3bb7-4149-8f4a-df0be5ab9c1e",
              "isHook": false,
              "skipped": false
            },
            {
              "title": "nextUntil() to get all of the next sibling DOM elements within elements until another element",
              "fullTitle": "Traversing DOM elements in Cypress nextUntil() to get all of the next sibling DOM elements within elements until another element",
              "timedOut": null,
              "duration": 610,
              "state": "passed",
              "speed": "slow",
              "pass": true,
              "fail": false,
              "pending": false,
              "context": null,
              "code": "cy.get('#tea').nextUntil('sugar');",
              "err": {},
              "uuid": "9a902eff-d0cc-44c2-bb2d-c12fd058ce80",
              "parentUUID": "56fd858b-3bb7-4149-8f4a-df0be5ab9c1e",
              "isHook": false,
              "skipped": false
            },
            {
              "title": "not() to remove DOM element(s) from the set of elements",
              "fullTitle": "Traversing DOM elements in Cypress not() to remove DOM element(s) from the set of elements",
              "timedOut": null,
              "duration": 618,
              "state": "passed",
              "speed": "slow",
              "pass": true,
              "fail": false,
              "pending": false,
              "context": null,
              "code": "cy.get('.traversal-button-states>button').not('.disabled').should('not.have.class', 'disabled');",
              "err": {},
              "uuid": "b06607c9-9163-4a16-8542-a175ca73d49a",
              "parentUUID": "56fd858b-3bb7-4149-8f4a-df0be5ab9c1e",
              "isHook": false,
              "skipped": false
            },
            {
              "title": "parent() To get parent DOM element of elements",
              "fullTitle": "Traversing DOM elements in Cypress parent() To get parent DOM element of elements",
              "timedOut": null,
              "duration": 868,
              "state": "passed",
              "speed": "slow",
              "pass": true,
              "fail": false,
              "pending": false,
              "context": null,
              "code": "cy.get('.traversal-mark').parent().should('contain', 'Lorem ipsum dolor');",
              "err": {},
              "uuid": "a8ddf07b-0522-45bb-af8d-1221d789f63d",
              "parentUUID": "56fd858b-3bb7-4149-8f4a-df0be5ab9c1e",
              "isHook": false,
              "skipped": false
            },
            {
              "title": "parents() to get parents DOM element of elements",
              "fullTitle": "Traversing DOM elements in Cypress parents() to get parents DOM element of elements",
              "timedOut": null,
              "duration": 457,
              "state": "passed",
              "speed": "slow",
              "pass": true,
              "fail": false,
              "pending": false,
              "context": null,
              "code": "cy.get('.traversal-cite').parents().should('match', 'blockquote');",
              "err": {},
              "uuid": "29bdd180-efc4-4248-ac2a-37913acad71d",
              "parentUUID": "56fd858b-3bb7-4149-8f4a-df0be5ab9c1e",
              "isHook": false,
              "skipped": false
            },
            {
              "title": "prev() to get the previous sibling DOM element within elements",
              "fullTitle": "Traversing DOM elements in Cypress prev() to get the previous sibling DOM element within elements",
              "timedOut": null,
              "duration": 569,
              "state": "passed",
              "speed": "slow",
              "pass": true,
              "fail": false,
              "pending": false,
              "context": null,
              "code": "cy.get('#tea').prev().should('contain', 'Coffee');",
              "err": {},
              "uuid": "ba6d54f4-dc01-444c-8a46-6ab399df5bae",
              "parentUUID": "56fd858b-3bb7-4149-8f4a-df0be5ab9c1e",
              "isHook": false,
              "skipped": false
            },
            {
              "title": "prevAll() to get all previous sibling DOM elements within elements",
              "fullTitle": "Traversing DOM elements in Cypress prevAll() to get all previous sibling DOM elements within elements",
              "timedOut": null,
              "duration": 733,
              "state": "passed",
              "speed": "slow",
              "pass": true,
              "fail": false,
              "pending": false,
              "context": null,
              "code": "cy.get('#sugar').prevAll().should('have.length', '4');",
              "err": {},
              "uuid": "47d23dc2-be1a-47f6-8cdc-150166ceaba8",
              "parentUUID": "56fd858b-3bb7-4149-8f4a-df0be5ab9c1e",
              "isHook": false,
              "skipped": false
            },
            {
              "title": "prevUntil() to get all previous sibling DOM elements within elements until other element",
              "fullTitle": "Traversing DOM elements in Cypress prevUntil() to get all previous sibling DOM elements within elements until other element",
              "timedOut": null,
              "duration": 500,
              "state": "passed",
              "speed": "slow",
              "pass": true,
              "fail": false,
              "pending": false,
              "context": null,
              "code": "cy.get('#veggie').prevUntil('#fruits').should('have.length', 5);",
              "err": {},
              "uuid": "5cd51fd5-8b0f-4a96-9aec-ea02b7020814",
              "parentUUID": "56fd858b-3bb7-4149-8f4a-df0be5ab9c1e",
              "isHook": false,
              "skipped": false
            },
            {
              "title": "siblings() To get all sibling DOM elements of elements",
              "fullTitle": "Traversing DOM elements in Cypress siblings() To get all sibling DOM elements of elements",
              "timedOut": null,
              "duration": 487,
              "state": "passed",
              "speed": "slow",
              "pass": true,
              "fail": false,
              "pending": false,
              "context": null,
              "code": "cy.get('.btn-group-toggle .active').siblings().should('have.length', 3);",
              "err": {},
              "uuid": "780c3f6d-657c-4e7e-ad93-6d9a47a98a4b",
              "parentUUID": "56fd858b-3bb7-4149-8f4a-df0be5ab9c1e",
              "isHook": false,
              "skipped": false
            }
          ],
          "suites": [],
          "passes": [
            "6cb919d4-aa0f-4e5d-96e2-d60ab48ec316",
            "a29c3704-3bee-488e-92cb-b2a4c5c4b140",
            "f0d60034-4752-44ad-aa79-bbbf54051f93",
            "e8f8be7a-1f4c-48e4-9cf0-f1b124540cd9",
            "65e217c8-f688-4746-bdaf-7fd274ed4aab",
            "14630e81-9110-46b5-a0a9-36ff10772526",
            "a4c9608e-6a00-4d90-ad40-4adf40b11ea8",
            "d5bb6442-3f02-4dfc-b56c-e24e5ae67126",
            "9a902eff-d0cc-44c2-bb2d-c12fd058ce80",
            "b06607c9-9163-4a16-8542-a175ca73d49a",
            "a8ddf07b-0522-45bb-af8d-1221d789f63d",
            "29bdd180-efc4-4248-ac2a-37913acad71d",
            "ba6d54f4-dc01-444c-8a46-6ab399df5bae",
            "47d23dc2-be1a-47f6-8cdc-150166ceaba8",
            "5cd51fd5-8b0f-4a96-9aec-ea02b7020814",
            "780c3f6d-657c-4e7e-ad93-6d9a47a98a4b"
          ],
          "failures": [],
          "pending": [],
          "skipped": [],
          "duration": 9810,
          "root": false,
          "rootEmpty": false,
          "_timeout": 2000
        }
      ],
      "passes": [],
      "failures": [],
      "pending": [],
      "skipped": [],
      "duration": 0,
      "root": true,
      "rootEmpty": true,
      "_timeout": 2000
    },
    {
      "uuid": "964bc651-e1e4-4a38-9842-9d6f6c940431",
      "title": "",
      "fullFile": "cypress\\integration\\examples\\secondSiteTesting-ATS\\ad-item-to-basket.js",
      "file": "cypress\\integration\\examples\\secondSiteTesting-ATS\\ad-item-to-basket.js",
      "beforeHooks": [],
      "afterHooks": [],
      "tests": [],
      "suites": [
        {
          "uuid": "e091f606-061f-4707-958a-95efdd6b5f7c",
          "title": "Add multiple items to basket",
          "fullFile": "",
          "file": "",
          "beforeHooks": [],
          "afterHooks": [],
          "tests": [
            {
              "title": "Add specific items to basket",
              "fullTitle": "Add multiple items to basket Add specific items to basket",
              "timedOut": null,
              "duration": 4325,
              "state": "passed",
              "speed": "slow",
              "pass": true,
              "fail": false,
              "pending": false,
              "context": null,
              "code": "autostore_haircare_PO.addHaircareProductToBasket();",
              "err": {},
              "uuid": "bcca3870-ea8a-4fa2-8720-1d865e1f02cf",
              "parentUUID": "e091f606-061f-4707-958a-95efdd6b5f7c",
              "isHook": false,
              "skipped": false
            }
          ],
          "suites": [],
          "passes": [
            "bcca3870-ea8a-4fa2-8720-1d865e1f02cf"
          ],
          "failures": [],
          "pending": [],
          "skipped": [],
          "duration": 4325,
          "root": false,
          "rootEmpty": false,
          "_timeout": 2000
        }
      ],
      "passes": [],
      "failures": [],
      "pending": [],
      "skipped": [],
      "duration": 0,
      "root": true,
      "rootEmpty": true,
      "_timeout": 2000
    },
    {
      "uuid": "7257ff82-2aea-4eef-95cf-3210c6fe2a5b",
      "title": "",
      "fullFile": "cypress\\integration\\examples\\secondSiteTesting-ATS\\alias-invoke.js",
      "file": "cypress\\integration\\examples\\secondSiteTesting-ATS\\alias-invoke.js",
      "beforeHooks": [],
      "afterHooks": [],
      "tests": [],
      "suites": [
        {
          "uuid": "d2d12969-1294-4607-b8d5-b9d5852ffa52",
          "title": "Alias and invoke",
          "fullFile": "",
          "file": "",
          "beforeHooks": [],
          "afterHooks": [],
          "tests": [
            {
              "title": "Calculate product for sale and sold product",
              "fullTitle": "Alias and invoke Calculate product for sale and sold product",
              "timedOut": null,
              "duration": 2733,
              "state": "failed",
              "speed": null,
              "pass": false,
              "fail": true,
              "pending": false,
              "context": null,
              "code": "cy.visit(\"https://automationteststore.com/\");\ncy.get('.thumbnail').as('productThumbnail');\ncy.get('.thumbnail').find('.oneprice').invoke('text').as('itemPrice');\ncy.get('.thumbnail').find('.pricenew').invoke('text').as('soldItemPrice');\nvar itemsTotal = 0;\ncy.get(\"@itemPrice\").then(function ($linkedPrice) {\n  var totalItemPrice = 0;\n  var itemPrice = $linkedPrice.split('$');\n  for (var i = 0; i < itemPrice.length; i++) {\n    cy.log(itemPrice[i]);\n    totalItemPrice += Number(itemPrice[i]);\n  }\n  itemsTotal += totalItemPrice;\n  cy.log('Product for sale items total: ' + totalItemPrice);\n});\ncy.get(\"@soldItemPrice\").then(function ($linkedPrice) {\n  var totalSoldItemPrice = 0;\n  var soldItemPrice = $linkedPrice.split('$');\n  for (var i = 0; i < soldItemPrice.length; i++) {\n    cy.log(soldItemPrice[i]);\n    totalSoldItemPrice += Number(soldItemPrice[i]);\n  }\n  itemsTotal += totalSoldItemPrice;\n  cy.log('Product for sale items total: ' + totalSoldItemPrice);\n}).then(function () {\n  cy.log('The total price of all products: ' + itemsTotal);\n  expect(itemsTotal).to.equal(679.1);\n});",
              "err": {
                "message": "AssertionError: expected 663.1 to equal 679.1",
                "estack": "AssertionError: expected 663.1 to equal 679.1\n    at Context.eval (https://automationteststore.com/__cypress/tests?p=cypress\\integration\\examples\\secondSiteTesting-ATS\\alias-invoke.js:49:29)",
                "diff": "- 663.1\n+ 679.1\n"
              },
              "uuid": "ab6ee2dd-8222-47cf-80b8-6a8f9b8e1784",
              "parentUUID": "d2d12969-1294-4607-b8d5-b9d5852ffa52",
              "isHook": false,
              "skipped": false
            }
          ],
          "suites": [],
          "passes": [],
          "failures": [
            "ab6ee2dd-8222-47cf-80b8-6a8f9b8e1784"
          ],
          "pending": [],
          "skipped": [],
          "duration": 2733,
          "root": false,
          "rootEmpty": false,
          "_timeout": 2000
        }
      ],
      "passes": [],
      "failures": [],
      "pending": [],
      "skipped": [],
      "duration": 0,
      "root": true,
      "rootEmpty": true,
      "_timeout": 2000
    },
    {
      "uuid": "91a73d34-5bd3-42d7-99e5-643f7f54a633",
      "title": "",
      "fullFile": "cypress\\integration\\examples\\secondSiteTesting-ATS\\contact-us.js",
      "file": "cypress\\integration\\examples\\secondSiteTesting-ATS\\contact-us.js",
      "beforeHooks": [],
      "afterHooks": [],
      "tests": [],
      "suites": [
        {
          "uuid": "b693fcc8-e795-4ad7-bf3b-973503c4c735",
          "title": "Test - Contact Us Form - Site Two",
          "fullFile": "",
          "file": "",
          "beforeHooks": [],
          "afterHooks": [],
          "tests": [
            {
              "title": "Should be able to submit",
              "fullTitle": "Test - Contact Us Form - Site Two Should be able to submit",
              "timedOut": null,
              "duration": 6859,
              "state": "passed",
              "speed": "slow",
              "pass": true,
              "fail": false,
              "pending": false,
              "context": null,
              "code": "cy.visit(\"https://automationteststore.com/\"); //cy.get('.info_links_footer > :nth-child(5) > a').click()\n//cy.xpath(\"//a[contains(@href,'contact')]\").click()\ncy.get(\"a[href$='contact']\").click().then(function (linkedText) {\n  cy.log(\"This text is linkable: \" + linkedText.text());\n});\ncy.get(\"@user\").then(function (user) {\n  cy.get('#ContactUsFrm_first_name').type(user.firstName);\n  cy.get('#ContactUsFrm_email').type(user.email);\n});\ncy.get('#ContactUsFrm_email').should('have.attr', 'name', 'email');\ncy.get('#ContactUsFrm_enquiry').type(\"Some additional text for test\");\ncy.get(\"button[title='Submit']\").click();\ncy.title().should('eq', 'Contact Us');\ncy.get('.mb40 > :nth-child(3)').should('have.text', 'Your enquiry has been successfully sent to the store owner!');",
              "err": {},
              "uuid": "c1b258d8-a991-4a05-834b-8845a161fb7e",
              "parentUUID": "b693fcc8-e795-4ad7-bf3b-973503c4c735",
              "isHook": false,
              "skipped": false
            }
          ],
          "suites": [],
          "passes": [
            "c1b258d8-a991-4a05-834b-8845a161fb7e"
          ],
          "failures": [],
          "pending": [],
          "skipped": [],
          "duration": 6859,
          "root": false,
          "rootEmpty": false,
          "_timeout": 2000
        }
      ],
      "passes": [],
      "failures": [],
      "pending": [],
      "skipped": [],
      "duration": 0,
      "root": true,
      "rootEmpty": true,
      "_timeout": 2000
    },
    {
      "uuid": "207c3dc0-169e-4422-a000-9eabc3282780",
      "title": "",
      "fullFile": "cypress\\integration\\examples\\secondSiteTesting-ATS\\inspect-item.js",
      "file": "cypress\\integration\\examples\\secondSiteTesting-ATS\\inspect-item.js",
      "beforeHooks": [],
      "afterHooks": [],
      "tests": [],
      "suites": [
        {
          "uuid": "9969e0a9-4452-4c2c-9917-8f6b393a6add",
          "title": "Automation using chain of commands",
          "fullFile": "",
          "file": "",
          "beforeHooks": [],
          "afterHooks": [],
          "tests": [
            {
              "title": "Click on third item using item header",
              "fullTitle": "Automation using chain of commands Click on third item using item header",
              "timedOut": null,
              "duration": 2407,
              "state": "passed",
              "speed": "slow",
              "pass": true,
              "fail": false,
              "pending": false,
              "context": null,
              "code": "cy.visit(\"https://automationteststore.com/\");\ncy.get('#block_frame_featured_1769 > .thumbnails > :nth-child(3) > .fixed_wrapper > .fixed > .prdocutname').click();",
              "err": {},
              "uuid": "6f5f49e4-07b5-4580-9f08-14a075427507",
              "parentUUID": "9969e0a9-4452-4c2c-9917-8f6b393a6add",
              "isHook": false,
              "skipped": false
            },
            {
              "title": "Click on third item using item header",
              "fullTitle": "Automation using chain of commands Click on third item using item header",
              "timedOut": null,
              "duration": 1107,
              "state": "passed",
              "speed": "slow",
              "pass": true,
              "fail": false,
              "pending": false,
              "context": null,
              "code": "cy.visit(\"https://automationteststore.com/\");\ncy.get('.prdocutname').contains('Bamba').click();",
              "err": {},
              "uuid": "f5d5640f-a392-498a-b576-6f844cc4b073",
              "parentUUID": "9969e0a9-4452-4c2c-9917-8f6b393a6add",
              "isHook": false,
              "skipped": false
            },
            {
              "title": "Click on third item using item header",
              "fullTitle": "Automation using chain of commands Click on third item using item header",
              "timedOut": null,
              "duration": 1427,
              "state": "passed",
              "speed": "slow",
              "pass": true,
              "fail": false,
              "pending": false,
              "context": null,
              "code": "cy.visit(\"https://automationteststore.com/\");\ncy.get('.fixed_wrapper').find('.prdocutname').eq(2).click().then(function (textOfHeader) {\n  console.log(\"This is text of the third item: \" + textOfHeader.text());\n});",
              "err": {},
              "uuid": "f7a57ee3-3071-40f5-a05a-6c518449a7e1",
              "parentUUID": "9969e0a9-4452-4c2c-9917-8f6b393a6add",
              "isHook": false,
              "skipped": false
            }
          ],
          "suites": [],
          "passes": [
            "6f5f49e4-07b5-4580-9f08-14a075427507",
            "f5d5640f-a392-498a-b576-6f844cc4b073",
            "f7a57ee3-3071-40f5-a05a-6c518449a7e1"
          ],
          "failures": [],
          "pending": [],
          "skipped": [],
          "duration": 4941,
          "root": false,
          "rootEmpty": false,
          "_timeout": 2000
        }
      ],
      "passes": [],
      "failures": [],
      "pending": [],
      "skipped": [],
      "duration": 0,
      "root": true,
      "rootEmpty": true,
      "_timeout": 2000
    },
    {
      "uuid": "6c4a3b9f-6dac-4dec-9706-e666cf690ab5",
      "title": "",
      "fullFile": "cypress\\integration\\examples\\secondSiteTesting-ATS\\iterate-over-elements.js",
      "file": "cypress\\integration\\examples\\secondSiteTesting-ATS\\iterate-over-elements.js",
      "beforeHooks": [],
      "afterHooks": [],
      "tests": [],
      "suites": [
        {
          "uuid": "f217f724-d7ee-43ed-95c9-2933841f2122",
          "title": "Iterate over elements",
          "fullFile": "",
          "file": "",
          "beforeHooks": [],
          "afterHooks": [],
          "tests": [
            {
              "title": "Add another specific product to basket",
              "fullTitle": "Iterate over elements Add another specific product to basket",
              "timedOut": null,
              "duration": 2889,
              "state": "passed",
              "speed": "slow",
              "pass": true,
              "fail": false,
              "pending": false,
              "context": null,
              "code": "cy.visit(\"https://automationteststore.com/\");\ncy.get(\"a[href*='product/category&path=']\").contains(\"Hair Care\").click();\ncy.selectProduct('Eau Parfumee au The Vert Shampoo');",
              "err": {},
              "uuid": "f81ea7ca-f64b-4176-a360-5092c538cd65",
              "parentUUID": "f217f724-d7ee-43ed-95c9-2933841f2122",
              "isHook": false,
              "skipped": false
            }
          ],
          "suites": [],
          "passes": [
            "f81ea7ca-f64b-4176-a360-5092c538cd65"
          ],
          "failures": [],
          "pending": [],
          "skipped": [],
          "duration": 2889,
          "root": false,
          "rootEmpty": false,
          "_timeout": 2000
        }
      ],
      "passes": [],
      "failures": [],
      "pending": [],
      "skipped": [],
      "duration": 0,
      "root": true,
      "rootEmpty": true,
      "_timeout": 2000
    },
    {
      "uuid": "1488ca8c-c790-49e0-8070-05289ab54317",
      "title": "",
      "fullFile": "cypress\\integration\\examples\\secondSiteTesting-ATS\\variables-and-commands.js",
      "file": "cypress\\integration\\examples\\secondSiteTesting-ATS\\variables-and-commands.js",
      "beforeHooks": [],
      "afterHooks": [],
      "tests": [],
      "suites": [
        {
          "uuid": "59d3c827-8d0a-4beb-a8ba-fa57b941bc02",
          "title": "Verifying variables, cy and jq commands",
          "fullFile": "",
          "file": "",
          "beforeHooks": [],
          "afterHooks": [],
          "tests": [
            {
              "title": "Navigate to a specific product page",
              "fullTitle": "Verifying variables, cy and jq commands Navigate to a specific product page",
              "timedOut": null,
              "duration": 3396,
              "state": "passed",
              "speed": "slow",
              "pass": true,
              "fail": false,
              "pending": false,
              "context": null,
              "code": "cy.visit(\"https://automationteststore.com/\");\ncy.get(\"a[href*='product/category&path=']\").contains('Apparel & accessories').click();\ncy.get(\"a[href*='product/category&path=']\").contains('Fragrance').click();",
              "err": {},
              "uuid": "8b40c0b0-5c22-4e05-8729-a4afe88dc1b6",
              "parentUUID": "59d3c827-8d0a-4beb-a8ba-fa57b941bc02",
              "isHook": false,
              "skipped": false
            },
            {
              "title": "Navigate to another specific product page",
              "fullTitle": "Verifying variables, cy and jq commands Navigate to another specific product page",
              "timedOut": null,
              "duration": 1236,
              "state": "passed",
              "speed": "slow",
              "pass": true,
              "fail": false,
              "pending": false,
              "context": null,
              "code": "cy.visit(\"https://automationteststore.com/\");\ncy.get(\"a[href*='product/category&path=']\").contains('Fragrance').click();\ncy.get(\"h1 .maintext\").then(function ($headerText) {\n  var headerText = $headerText.text();\n  cy.log(\"Header text is: \" + headerText);\n  expect(headerText).is.equal('Fragrance');\n});",
              "err": {},
              "uuid": "478bdfec-fcd8-4252-9ee7-bb35f914f29f",
              "parentUUID": "59d3c827-8d0a-4beb-a8ba-fa57b941bc02",
              "isHook": false,
              "skipped": false
            },
            {
              "title": "Validate properties of the Contact Us page",
              "fullTitle": "Verifying variables, cy and jq commands Validate properties of the Contact Us page",
              "timedOut": null,
              "duration": 742,
              "state": "passed",
              "speed": "slow",
              "pass": true,
              "fail": false,
              "pending": false,
              "context": null,
              "code": "cy.visit(\"https://automationteststore.com/index.php?rt=content/contact\");\ncy.contains('#ContactUsFrm', 'Contact Us Form').find('#field_11').should('contain', 'First name');\ncy.contains('#ContactUsFrm', 'Contact Us Form').then(function (textOfForm) {\n  var firstNameText = textOfForm.find('#field_11').text();\n  expect(firstNameText).to.contain('First name');\n});\ncy.get('#field_11').then(function (nextText) {\n  cy.log(nextText.text());\n});",
              "err": {},
              "uuid": "8a399470-b34e-415e-aa85-fb9ec0eeeb4e",
              "parentUUID": "59d3c827-8d0a-4beb-a8ba-fa57b941bc02",
              "isHook": false,
              "skipped": false
            }
          ],
          "suites": [],
          "passes": [
            "8b40c0b0-5c22-4e05-8729-a4afe88dc1b6",
            "478bdfec-fcd8-4252-9ee7-bb35f914f29f",
            "8a399470-b34e-415e-aa85-fb9ec0eeeb4e"
          ],
          "failures": [],
          "pending": [],
          "skipped": [],
          "duration": 5374,
          "root": false,
          "rootEmpty": false,
          "_timeout": 2000
        }
      ],
      "passes": [],
      "failures": [],
      "pending": [],
      "skipped": [],
      "duration": 0,
      "root": true,
      "rootEmpty": true,
      "_timeout": 2000
    },
    {
      "uuid": "132aa98a-d67b-4776-922b-3bf96cf90e51",
      "title": "",
      "fullFile": "cypress\\integration\\examples\\zeroSiteTesting\\CustomCommandDemo.spec.js",
      "file": "cypress\\integration\\examples\\zeroSiteTesting\\CustomCommandDemo.spec.js",
      "beforeHooks": [],
      "afterHooks": [],
      "tests": [],
      "suites": [
        {
[...]
            "2b3266d9-8776-4124-82c9-2259e4f26de1"
          ],
          "failures": [],
          "pending": [],
          "skipped": [],
          "duration": 153,
          "root": false,
          "rootEmpty": false,
          "_timeout": 2000
        }
      ],
      "passes": [],
      "failures": [],
      "pending": [],
      "skipped": [],
      "duration": 0,
      "root": true,
      "rootEmpty": true,
      "_timeout": 2000
    },
    {
      "uuid": "2fba7071-dde0-4e0b-a85a-6d5b919a39f0",
      "title": "",
      "fullFile": "cypress\\integration\\examples\\zeroSiteTesting\\Locators.spec.js",
      "file": "cypress\\integration\\examples\\zeroSiteTesting\\Locators.spec.js",
      "beforeHooks": [],
      "afterHooks": [],
      "tests": [],
      "suites": [
        {
          "uuid": "2d6e715b-b042-41b5-a199-76ec491559c9",
          "title": "Locating elements",
          "fullFile": "",
          "file": "",
          "beforeHooks": [],
          "afterHooks": [],
          "tests": [
            {
              "title": "Verify types of locators",
              "fullTitle": "Locating elements Verify types of locators",
              "timedOut": null,
              "duration": 11253,
              "state": "failed",
              "speed": null,
              "pass": false,
              "fail": true,
              "pending": false,
              "context": null,
              "code": "cy.visit(\"https://demo.nopcommerce.com/\");\ncy.get(\"#small-searchterms\").type(\"Apple MacBook Pro 13-inch\");\ncy.get(\"[type='submit']\").click();\ncy.get(\".product-box-add-to-cart-button[value='Add to cart']\").click();\ncy.get(\"#product_enteredQuantity_4\").clear().type('3');\ncy.get(\"#add-to-cart-button-4\").click();\ncy.wait(5000);\ncy.get(\"#topcartlink > a > span.cart-label\").click();\ncy.wait(3000);\ncy.get(\".product-unit-price\").contains('$1,800.00');\ncy.get(\".product-subtotal\").contains('$5,400.00');",
              "err": {
                "message": "AssertionError: Timed out retrying: Expected to find element: `.product-box-add-to-cart-button[value='Add to cart']`, but never found it.",
                "estack": "AssertionError: Timed out retrying: Expected to find element: `.product-box-add-to-cart-button[value='Add to cart']`, but never found it.\n    at Context.eval (https://demo.nopcommerce.com/__cypress/tests?p=cypress\\integration\\examples\\zeroSiteTesting\\Locators.spec.js:10:8)",
                "diff": null
              },
              "uuid": "d232d169-3dfe-48fa-a547-31931c3cdda5",
              "parentUUID": "2d6e715b-b042-41b5-a199-76ec491559c9",
              "isHook": false,
              "skipped": false
            }
          ],
          "suites": [],
          "passes": [],
          "failures": [
            "d232d169-3dfe-48fa-a547-31931c3cdda5"
          ],
          "pending": [],
          "skipped": [],
          "duration": 11253,
          "root": false,
          "rootEmpty": false,
          "_timeout": 2000
        }
      ],
      "passes": [],
      "failures": [],
      "pending": [],
      "skipped": [],
      "duration": 0,
      "root": true,
      "rootEmpty": true,
      "_timeout": 2000
    },
    {
      "uuid": "73112526-b224-46cb-8eee-99f749195f98",
      "title": "",
      "fullFile": "cypress\\integration\\examples\\zeroSiteTesting\\Navigation.spec.js",
      "file": "cypress\\integration\\examples\\zeroSiteTesting\\Navigation.spec.js",
      "beforeHooks": [],
      "afterHooks": [],
      "tests": [],
      "suites": [
        {
          "uuid": "80b05d78-4aec-4044-b7c7-4c3cc3acfeb4",
          "title": "My test suite",
          "fullFile": "",
          "file": "",
          "beforeHooks": [],
          "afterHooks": [],
          "tests": [
            {
              "title": "Navigation Tests",
              "fullTitle": "My test suite Navigation Tests",
              "timedOut": null,
              "duration": 9641,
              "state": "passed",
              "speed": "slow",
              "pass": true,
              "fail": false,
              "pending": false,
              "context": null,
              "code": "cy.visit(\"https://demo.nopcommerce.com/\");\ncy.title().should('eq', 'nopCommerce demo store');\ncy.get(\".ico-register\").contains('Reg').click();\ncy.title().should('eq', 'nopCommerce demo store. Register');\ncy.go('back');\ncy.title().should('eq', 'nopCommerce demo store');\ncy.go('forward');\ncy.title().should('eq', 'nopCommerce demo store. Register');\ncy.go(-1);\ncy.title().should('eq', 'nopCommerce demo store');\ncy.go(1);\ncy.title().should('eq', 'nopCommerce demo store. Register');\ncy.reload();",
              "err": {},
              "uuid": "38cbb49c-5ec1-4f98-9dbe-e33b9d4b138a",
              "parentUUID": "80b05d78-4aec-4044-b7c7-4c3cc3acfeb4",
              "isHook": false,
              "skipped": false
            }
          ],
          "suites": [],
          "passes": [
            "38cbb49c-5ec1-4f98-9dbe-e33b9d4b138a"
          ],
          "failures": [],
          "pending": [],
          "skipped": [],
          "duration": 9641,
          "root": false,
          "rootEmpty": false,
          "_timeout": 2000
        }
      ],
      "passes": [],
      "failures": [],
      "pending": [],
      "skipped": [],
      "duration": 0,
      "root": true,
      "rootEmpty": true,
      "_timeout": 2000
    },
    {
      "uuid": "9bedff4a-f42d-4ecc-9abd-cecf56dd9956",
      "title": "",
      "fullFile": "cypress\\integration\\examples\\zeroSiteTesting\\PageObjectPatternDemo.spec.js",
      "file": "cypress\\integration\\examples\\zeroSiteTesting\\PageObjectPatternDemo.spec.js",
      "beforeHooks": [],
      "afterHooks": [],
      "tests": [],
      "suites": [
        {
          "uuid": "b2e00852-7d4d-4508-97a2-4f7ef58fd72d",
          "title": "Test suite",
          "fullFile": "",
          "file": "",
          "beforeHooks": [],
          "afterHooks": [],
          "tests": [
            {
              "title": "Valid Login test",
              "fullTitle": "Test suite Valid Login test",
              "timedOut": null,
              "duration": 8964,
              "state": "passed",
              "speed": "slow",
              "pass": true,
              "fail": false,
              "pending": false,
              "context": null,
              "code": "var logPg = new _LoginPage[\"default\"]();\nlogPg.visit();\nlogPg.fillEmail(\"admin@yourstore.com\");\nlogPg.fillPassword(\"admin\");\nlogPg.submit();\ncy.title().should(\"be.equal\", \"Dashboard / nopCommerce administration\");",
              "err": {},
              "uuid": "bf5c3c48-a3aa-43b8-9d22-969667f92752",
              "parentUUID": "b2e00852-7d4d-4508-97a2-4f7ef58fd72d",
              "isHook": false,
              "skipped": false
            }
          ],
          "suites": [],
          "passes": [
            "bf5c3c48-a3aa-43b8-9d22-969667f92752"
          ],
          "failures": [],
          "pending": [],
          "skipped": [],
          "duration": 8964,
          "root": false,
          "rootEmpty": false,
          "_timeout": 2000
        }
      ],
      "passes": [],
      "failures": [],
      "pending": [],
      "skipped": [],
      "duration": 0,
      "root": true,
      "rootEmpty": true,
      "_timeout": 2000
    },
    {
      "uuid": "e11cf658-7ad4-481a-a48e-19ff6e954319",
      "title": "",
      "fullFile": "cypress\\integration\\examples\\zeroSiteTesting\\Table.spec.js",
      "file": "cypress\\integration\\examples\\zeroSiteTesting\\Table.spec.js",
      "beforeHooks": [],
      "afterHooks": [],
      "tests": [],
      "suites": [
        {
          "uuid": "775bbb68-5e52-4296-9c53-2338bdef78a9",
          "title": "MyTestSuite",
          "fullFile": "",
          "file": "",
          "beforeHooks": [],
          "afterHooks": [],
          "tests": [
            {
              "title": "Table test",
              "fullTitle": "MyTestSuite Table test",
              "timedOut": null,
              "duration": 3686,
              "state": "passed",
              "speed": "slow",
              "pass": true,
              "fail": false,
              "pending": false,
              "context": null,
              "code": "cy.visit(\"https://testautomationpractice.blogspot.com/\"); // 1) Check value anywhere in the table\ncy.get(\"table[name=BookTable]\").contains('td', 'Learn Selenium'); // 2) Check values in row and column\ncy.get(\"table[name=BookTable] > tbody > tr:nth-child(2) > td:nth-child(3)\").contains('Selenium').should('be.visible'); // 3) Verify the book name \"Master in JS\" whose author is Amit\ncy.get(\"table[name=BookTable] > tbody > tr td:nth-child(2)\").each(function ($e, index, $list) {\n  var text = $e.text();\n  if (text.includes('Amod')) {\n    cy.get(\"table[name=BookTable] > tbody > tr td:nth-child(1)\").eq(index).then(function (bname) {\n      var bookName = bname.text();\n      expect(bookName).to.equal('Master In Java');\n    });\n  }\n});",
              "err": {},
              "uuid": "b301b1d8-5cc8-4dd4-8abc-87f9b5b42c87",
              "parentUUID": "775bbb68-5e52-4296-9c53-2338bdef78a9",
              "isHook": false,
              "skipped": false
            }
          ],
          "suites": [],
          "passes": [
            "b301b1d8-5cc8-4dd4-8abc-87f9b5b42c87"
          ],
          "failures": [],
          "pending": [],
          "skipped": [],
          "duration": 3686,
          "root": false,
          "rootEmpty": false,
          "_timeout": 2000
        }
      ],
      "passes": [],
      "failures": [],
      "pending": [],
      "skipped": [],
      "duration": 0,
      "root": true,
      "rootEmpty": true,
      "_timeout": 2000
    },
    {
      "uuid": "7c1ba495-dea2-41d5-aea6-9aa73f741ca4",
      "title": "",
      "fullFile": "cypress\\integration\\examples\\zeroSiteTesting\\TestOne.js",
      "file": "cypress\\integration\\examples\\zeroSiteTesting\\TestOne.js",
      "beforeHooks": [],
      "afterHooks": [],
      "tests": [],
      "suites": [
        {
          "uuid": "ad5afd18-9157-415d-bbe9-3c502b504301",
          "title": "Test number One",
          "fullFile": "",
          "file": "",
          "beforeHooks": [],
          "afterHooks": [],
          "tests": [
            {
              "title": "Verify Title Of The Page",
              "fullTitle": "Test number One Verify Title Of The Page",
              "timedOut": null,
              "duration": 1046,
              "state": "passed",
              "speed": "slow",
              "pass": true,
              "fail": false,
              "pending": false,
              "context": null,
              "code": "cy.visit(\"https://demo.nopcommerce.com/\");\ncy.title().should(\"eq\", \"nopCommerce demo store\");",
              "err": {},
              "uuid": "53dbcb05-e4d2-496d-b907-d133b152ca18",
              "parentUUID": "ad5afd18-9157-415d-bbe9-3c502b504301",
              "isHook": false,
              "skipped": false
            }
          ],
          "suites": [],
          "passes": [
            "53dbcb05-e4d2-496d-b907-d133b152ca18"
          ],
          "failures": [],
          "pending": [],
          "skipped": [],
          "duration": 1046,
          "root": false,
          "rootEmpty": false,
          "_timeout": 2000
        }
      ],
      "passes": [],
      "failures": [],
      "pending": [],
      "skipped": [],
      "duration": 0,
      "root": true,
      "rootEmpty": true,
      "_timeout": 2000
    },
    {
      "uuid": "353172f7-48c3-4b58-9ff4-0b7562845e59",
      "title": "",
      "fullFile": "cypress\\integration\\other\\hooks.js",
      "file": "cypress\\integration\\other\\hooks.js",
      "beforeHooks": [],
      "afterHooks": [],
      "tests": [],
      "suites": [
        {
          "uuid": "a6fb8e39-4e85-4e34-8fa9-bbdb6dc9d883",
          "title": "hooks",
          "fullFile": "",
          "file": "",
          "beforeHooks": [],
          "afterHooks": [],
          "tests": [
            {
              "title": "Example One",
              "fullTitle": "hooks Example One",
              "timedOut": null,
              "duration": 73,
              "state": "passed",
              "speed": "medium",
              "pass": true,
              "fail": false,
              "pending": false,
              "context": null,
              "code": "cy.log('Test - 1');",
              "err": {},
              "uuid": "7b1ada63-5791-40f6-8c1e-87e5f6910f48",
              "parentUUID": "a6fb8e39-4e85-4e34-8fa9-bbdb6dc9d883",
              "isHook": false,
              "skipped": false
            },
            {
              "title": "Example Two",
              "fullTitle": "hooks Example Two",
              "timedOut": null,
              "duration": 103,
              "state": "passed",
              "speed": "slow",
              "pass": true,
              "fail": false,
              "pending": false,
              "context": null,
              "code": "cy.log('Test - 2');",
              "err": {},
              "uuid": "1892d2e3-e986-45c6-9fb3-51a9fd702e30",
              "parentUUID": "a6fb8e39-4e85-4e34-8fa9-bbdb6dc9d883",
              "isHook": false,
              "skipped": false
            }
          ],
          "suites": [],
          "passes": [
            "7b1ada63-5791-40f6-8c1e-87e5f6910f48",
            "1892d2e3-e986-45c6-9fb3-51a9fd702e30"
          ],
          "failures": [],
          "pending": [],
          "skipped": [],
          "duration": 176,
          "root": false,
          "rootEmpty": false,
          "_timeout": 2000
        }
      ],
      "passes": [],
      "failures": [],
      "pending": [],
      "skipped": [],
      "duration": 0,
      "root": true,
      "rootEmpty": true,
      "_timeout": 2000
    },
    {
      "uuid": "6f042f62-1f4d-48c8-8864-343416bf4ca1",
      "title": "",
      "fullFile": "cypress\\integration\\other\\json-example.js",
      "file": "cypress\\integration\\other\\json-example.js",
      "beforeHooks": [],
      "afterHooks": [],
      "tests": [],
      "suites": [
        {
          "uuid": "35ace516-e36f-48d9-a1e8-a384f67634e9",
          "title": "JSON Object",
          "fullFile": "",
          "file": "",
          "beforeHooks": [],
          "afterHooks": [],
          "tests": [
            {
              "title": "JSON Object - example",
              "fullTitle": "JSON Object JSON Object - example",
              "timedOut": null,
              "duration": 186,
              "state": "passed",
              "speed": "slow",
              "pass": true,
              "fail": false,
              "pending": false,
              "context": null,
              "code": "var exampleObject = {\n  \"key1\": \"Zeljko\",\n  \"key2\": \"Nikola\"\n};\nvar exampleArrayOfValues = [\"Ivana\", \"Zoki\", \"Milosh\", \"Sonja\", \"Ana\", \"Boris\", \"Ljube\"];\nvar users = {\n  \"firstName\": \"Petar\",\n  \"lastName\": \"Petrovic\",\n  \"Age\": 185,\n  \"Students\": [{\n    \"firstName\": \"Marko\",\n    \"lastName\": \"Malinovac\"\n  }, {\n    \"firstName\": \"Marina\",\n    \"lastName\": \"Markovic\"\n  }]\n};\nvar exampleArrayOfObjects = [{\n  \"key\": \"Luka\"\n}, {\n  \"key\": \"Muka\"\n}, {\n  \"key\": \"Tuka\"\n}];\ncy.log(exampleObject[\"key1\"]);\ncy.log(exampleObject[\"key2\"]);\ncy.log(exampleObject.key1);\ncy.log(exampleObject.key2);\ncy.log(exampleArrayOfValues[0]);\ncy.log(exampleArrayOfValues[1]);\ncy.log(exampleArrayOfValues[2]);\ncy.log(exampleArrayOfValues[3]);\ncy.log(exampleArrayOfValues[4]);\ncy.log(exampleArrayOfValues[5]);\ncy.log(exampleArrayOfValues[6]);\ncy.log(users.Students[1].lastName);\ncy.log(exampleArrayOfObjects[0].key);\ncy.log(exampleArrayOfObjects[1].key);\ncy.log(exampleArrayOfObjects[2].key);",
              "err": {},
              "uuid": "c2084138-21ed-489d-a5ef-c948df7ad63d",
              "parentUUID": "35ace516-e36f-48d9-a1e8-a384f67634e9",
              "isHook": false,
              "skipped": false
            }
          ],
          "suites": [],
          "passes": [
            "c2084138-21ed-489d-a5ef-c948df7ad63d"
          ],
          "failures": [],
          "pending": [],
          "skipped": [],
          "duration": 186,
          "root": false,
          "rootEmpty": false,
          "_timeout": 2000
        }
      ],
      "passes": [],
      "failures": [],
      "pending": [],
      "skipped": [],
      "duration": 0,
      "root": true,
      "rootEmpty": true,
      "_timeout": 2000
    },
    {
      "uuid": "149fcfd7-9683-43e9-8b58-d158b28a6295",
      "title": "",
      "fullFile": "cypress\\integration\\examples\\firstSiteTesting-WU\\autocomplete-dropdown-list.js",
      "file": "cypress\\integration\\examples\\firstSiteTesting-WU\\autocomplete-dropdown-list.js",
      "beforeHooks": [],
      "afterHooks": [],
      "tests": [],
      "suites": [
        {
          "uuid": "21ddc636-c2de-48b9-910b-0da7d5e923ed",
          "title": "Verify autocomplete dropdown list",
          "fullFile": "",
          "file": "",
          "beforeHooks": [],
          "afterHooks": [],
          "tests": [
            {
              "title": "Select specific product in autocomplete list",
              "fullTitle": "Verify autocomplete dropdown list Select specific product in autocomplete list",
              "timedOut": null,
              "duration": 2623,
              "state": "passed",
              "speed": "slow",
              "pass": true,
              "fail": false,
              "pending": false,
              "context": null,
              "code": "cy.visit(\"http://webdriveruniversity.com\");\ncy.get(\"#autocomplete-textfield\").invoke(\"removeAttr\", \"target\").click({\n  force: true\n});\ncy.get(\"#myInput\").type(\"A\");\ncy.get(\"#myInputautocomplete-list >*\").each(function ($el, index, $list) {\n  var product = $el.text();\n  var productForSelect = \"Artichoke\";\n  if (product === productForSelect) {\n    $el.trigger(\"click\");\n    cy.get(\"#submit-button\").click();\n    cy.url().should(\"include\", productForSelect);\n  }\n}).then(function () {\n  cy.get(\"#myInput\").type(\"G\");\n  cy.get(\"#myInputautocomplete-list >*\").each(function ($el, index, $list) {\n    var product = $el.text();\n    var productForSelect = \"Grapes\";\n    if (product === productForSelect) {\n      $el.trigger(\"click\");\n      cy.get(\"#submit-button\").click();\n      cy.url().should(\"include\", productForSelect);\n    }\n  });\n});",
              "err": {},
              "uuid": "71b8e3c4-53ce-43e5-acd5-effb7effaaca",
              "parentUUID": "21ddc636-c2de-48b9-910b-0da7d5e923ed",
              "isHook": false,
              "skipped": false
            }
          ],
          "suites": [],
          "passes": [
            "71b8e3c4-53ce-43e5-acd5-effb7effaaca"
          ],
          "failures": [],
          "pending": [],
          "skipped": [],
          "duration": 2623,
          "root": false,
          "rootEmpty": false,
          "_timeout": 2000
        }
      ],
      "passes": [],
      "failures": [],
      "pending": [],
      "skipped": [],
      "duration": 0,
      "root": true,
      "rootEmpty": true,
      "_timeout": 2000
    }
  ],
  "meta": {
    "mocha": {
      "version": "7.0.1"
    },
    "mochawesome": {
      "options": {
        "quiet": false,
        "reportFilename": "mochawesome",
        "saveHtml": false,
        "saveJson": true,
        "consoleReporter": "spec",
        "useInlineDiffs": false,
        "code": true
      },
      "version": "6.2.2"
    },
    "marge": {
      "options": {
        "id": "default",
        "reportDir": "cypress/results/mochawesome",
        "quite": true,
        "overwrite": false,
        "html": false,
        "json": true
      },
      "version": "5.2.0"
    }
  }
}