{
  "stats": {
    "suites": 1,
    "tests": 1,
    "passes": 1,
    "pending": 0,
    "failures": 0,
    "start": "2021-05-09T19:49:31.110Z",
    "end": "2021-05-09T19:49:33.441Z",
    "duration": 2331,
    "testsRegistered": 1,
    "passPercent": 100,
    "pendingPercent": 0,
    "other": 0,
    "hasOther": false,
    "skipped": 0,
    "hasSkipped": false
  },
  "results": [
    {
      "uuid": "7f960c37-dc45-4117-a943-cec604ddfaf3",
      "title": "",
      "fullFile": "cypress\\integration\\examples\\firstSiteTesting-WU\\autocomplete-dropdown-list.js",
      "file": "cypress\\integration\\examples\\firstSiteTesting-WU\\autocomplete-dropdown-list.js",
      "beforeHooks": [],
      "afterHooks": [],
      "tests": [],
      "suites": [
        {
          "uuid": "1863815f-82e9-429e-9a7e-3188f45d55e5",
          "title": "Verify autocomplete dropdown list",
          "fullFile": "",
          "file": "",
          "beforeHooks": [],
          "afterHooks": [],
          "tests": [
            {
              "title": "Select specific product in autocomplete list",
              "fullTitle": "Verify autocomplete dropdown list Select specific product in autocomplete list",
              "timedOut": null,
              "duration": 2244,
              "state": "passed",
              "speed": "slow",
              "pass": true,
              "fail": false,
              "pending": false,
              "context": null,
              "code": "cy.visit(\"http://webdriveruniversity.com\");\ncy.get(\"#autocomplete-textfield\").invoke(\"removeAttr\", \"target\").click({\n  force: true\n});\ncy.get(\"#myInput\").type(\"A\");\ncy.get(\"#myInputautocomplete-list >*\").each(function ($el, index, $list) {\n  var product = $el.text();\n  var productForSelect = \"Artichoke\";\n  if (product === productForSelect) {\n    $el.trigger(\"click\");\n    cy.get(\"#submit-button\").click();\n    cy.url().should(\"include\", productForSelect);\n  }\n}).then(function () {\n  cy.get(\"#myInput\").type(\"G\");\n  cy.get(\"#myInputautocomplete-list >*\").each(function ($el, index, $list) {\n    var product = $el.text();\n    var productForSelect = \"Grapes\";\n    if (product === productForSelect) {\n      $el.trigger(\"click\");\n      cy.get(\"#submit-button\").click();\n      cy.url().should(\"include\", productForSelect);\n    }\n  });\n});",
              "err": {},
              "uuid": "22ea78c0-3802-46dd-bf41-d84005a3652b",
              "parentUUID": "1863815f-82e9-429e-9a7e-3188f45d55e5",
              "isHook": false,
              "skipped": false
            }
          ],
          "suites": [],
          "passes": [
            "22ea78c0-3802-46dd-bf41-d84005a3652b"
          ],
          "failures": [],
          "pending": [],
          "skipped": [],
          "duration": 2244,
          "root": false,
          "rootEmpty": false,
          "_timeout": 2000
        }
      ],
      "passes": [],
      "failures": [],
      "pending": [],
      "skipped": [],
      "duration": 0,
      "root": true,
      "rootEmpty": true,
      "_timeout": 2000
    }
  ],
  "meta": {
    "mocha": {
      "version": "7.0.1"
    },
    "mochawesome": {
      "options": {
        "quiet": false,
        "reportFilename": "mochawesome",
        "saveHtml": false,
        "saveJson": true,
        "consoleReporter": "spec",
        "useInlineDiffs": false,
        "code": true
      },
      "version": "6.2.2"
    },
    "marge": {
      "options": {
        "id": "default",
        "reportDir": "cypress/results/mochawesome",
        "quite": true,
        "overwrite": false,
        "html": false,
        "json": true
      },
      "version": "5.2.0"
    }
  }
}