{
  "stats": {
    "suites": 1,
    "tests": 4,
    "passes": 4,
    "pending": 0,
    "failures": 0,
    "start": "2021-05-09T19:51:11.667Z",
    "end": "2021-05-09T19:51:14.652Z",
    "duration": 2985,
    "testsRegistered": 4,
    "passPercent": 100,
    "pendingPercent": 0,
    "other": 0,
    "hasOther": false,
    "skipped": 0,
    "hasSkipped": false
  },
  "results": [
    {
      "uuid": "523f02b8-535c-4725-9394-0d881b5f2c5b",
      "title": "",
      "fullFile": "cypress\\integration\\examples\\firstSiteTesting-WU\\js-alert.js",
      "file": "cypress\\integration\\examples\\firstSiteTesting-WU\\js-alert.js",
      "beforeHooks": [],
      "afterHooks": [],
      "tests": [],
      "suites": [
        {
          "uuid": "f4462989-b37c-4c27-a072-8c9290e7737d",
          "title": "Handling js alerts",
          "fullFile": "",
          "file": "",
          "beforeHooks": [],
          "afterHooks": [],
          "tests": [
            {
              "title": "Confirm js alert",
              "fullTitle": "Handling js alerts Confirm js alert",
              "timedOut": null,
              "duration": 824,
              "state": "passed",
              "speed": "slow",
              "pass": true,
              "fail": false,
              "pending": false,
              "context": null,
              "code": "//cy.visit(\"http://webdriveruniversity.com/Contact-Us/contactus.html\")\n//cy.get(\"#contact-us\").click()\ncy.visit(\"http://webdriveruniversity.com\");\ncy.get(\"#popup-alerts\").invoke(\"removeAttr\", \"target\").click({\n  force: true\n});\ncy.get(\"#button1\").click();\ncy.on(\"window:alert\", function (str) {\n  expect(str).to.equal(\"I am an alert box!\");\n});",
              "err": {},
              "uuid": "f698d603-153f-455f-8e7b-cb9a62f0da07",
              "parentUUID": "f4462989-b37c-4c27-a072-8c9290e7737d",
              "isHook": false,
              "skipped": false
            },
            {
              "title": "Confirm js alert - OK",
              "fullTitle": "Handling js alerts Confirm js alert - OK",
              "timedOut": null,
              "duration": 658,
              "state": "passed",
              "speed": "slow",
              "pass": true,
              "fail": false,
              "pending": false,
              "context": null,
              "code": "//cy.visit(\"http://webdriveruniversity.com/Contact-Us/contactus.html\")\n//cy.get(\"#contact-us\").click()\ncy.visit(\"http://webdriveruniversity.com\");\ncy.get(\"#popup-alerts\").invoke(\"removeAttr\", \"target\").click({\n  force: true\n});\ncy.get(\"#button4\").click();\ncy.on(\"window:confirm\", function (str) {\n  return true;\n});\ncy.get(\"#confirm-alert-text\").contains(\"You pressed OK!\");",
              "err": {},
              "uuid": "0196926c-c3e2-4dec-bd32-8be29f061272",
              "parentUUID": "f4462989-b37c-4c27-a072-8c9290e7737d",
              "isHook": false,
              "skipped": false
            },
            {
              "title": "Confirm js alert - Cancel",
              "fullTitle": "Handling js alerts Confirm js alert - Cancel",
              "timedOut": null,
              "duration": 855,
              "state": "passed",
              "speed": "slow",
              "pass": true,
              "fail": false,
              "pending": false,
              "context": null,
              "code": "//cy.visit(\"http://webdriveruniversity.com/Contact-Us/contactus.html\")\n//cy.get(\"#contact-us\").click()\ncy.visit(\"http://webdriveruniversity.com\");\ncy.get(\"#popup-alerts\").invoke(\"removeAttr\", \"target\").click({\n  force: true\n});\ncy.get(\"#button4\").click();\ncy.on(\"window:confirm\", function (str) {\n  return false;\n});\ncy.get(\"#confirm-alert-text\").contains(\"You pressed Cancel!\");",
              "err": {},
              "uuid": "8debe324-eec1-41b8-bb1f-0b7122501c6e",
              "parentUUID": "f4462989-b37c-4c27-a072-8c9290e7737d",
              "isHook": false,
              "skipped": false
            },
            {
              "title": "Confirm js alert - using stub",
              "fullTitle": "Handling js alerts Confirm js alert - using stub",
              "timedOut": null,
              "duration": 546,
              "state": "passed",
              "speed": "slow",
              "pass": true,
              "fail": false,
              "pending": false,
              "context": null,
              "code": "//cy.visit(\"http://webdriveruniversity.com/Contact-Us/contactus.html\")\n//cy.get(\"#contact-us\").click()\ncy.visit(\"http://webdriveruniversity.com\");\ncy.get(\"#popup-alerts\").invoke(\"removeAttr\", \"target\").click({\n  force: true\n});\nvar stub = cy.stub();\ncy.on(\"window:confirm\", stub);\ncy.get(\"#button4\").click().then(function () {\n  expect(stub.getCall(0)).to.be.calledWith(\"Press a button!\");\n}).then(function () {\n  return true;\n}).then(function () {\n  cy.get(\"#confirm-alert-text\").contains(\"You pressed OK!\");\n});",
              "err": {},
              "uuid": "729dc953-fa6c-47f7-93ff-e9c8c72d5143",
              "parentUUID": "f4462989-b37c-4c27-a072-8c9290e7737d",
              "isHook": false,
              "skipped": false
            }
          ],
          "suites": [],
          "passes": [
            "f698d603-153f-455f-8e7b-cb9a62f0da07",
            "0196926c-c3e2-4dec-bd32-8be29f061272",
            "8debe324-eec1-41b8-bb1f-0b7122501c6e",
            "729dc953-fa6c-47f7-93ff-e9c8c72d5143"
          ],
          "failures": [],
          "pending": [],
          "skipped": [],
          "duration": 2883,
          "root": false,
          "rootEmpty": false,
          "_timeout": 2000
        }
      ],
      "passes": [],
      "failures": [],
      "pending": [],
      "skipped": [],
      "duration": 0,
      "root": true,
      "rootEmpty": true,
      "_timeout": 2000
    }
  ],
  "meta": {
    "mocha": {
      "version": "7.0.1"
    },
    "mochawesome": {
      "options": {
        "quiet": false,
        "reportFilename": "mochawesome",
        "saveHtml": false,
        "saveJson": true,
        "consoleReporter": "spec",
        "useInlineDiffs": false,
        "code": true
      },
      "version": "6.2.2"
    },
    "marge": {
      "options": {
        "id": "default",
        "reportDir": "cypress/results/mochawesome",
        "quite": true,
        "overwrite": false,
        "html": false,
        "json": true
      },
      "version": "5.2.0"
    }
  }
}