{
  "stats": {
    "suites": 1,
    "tests": 1,
    "passes": 1,
    "pending": 0,
    "failures": 0,
    "start": "2021-05-09T19:51:33.530Z",
    "end": "2021-05-09T19:51:35.116Z",
    "duration": 1586,
    "testsRegistered": 1,
    "passPercent": 100,
    "pendingPercent": 0,
    "other": 0,
    "hasOther": false,
    "skipped": 0,
    "hasSkipped": false
  },
  "results": [
    {
      "uuid": "0af1a84d-23a0-4b9d-8e61-528061821021",
      "title": "",
      "fullFile": "cypress\\integration\\examples\\firstSiteTesting-WU\\select-dropdown-list.js",
      "file": "cypress\\integration\\examples\\firstSiteTesting-WU\\select-dropdown-list.js",
      "beforeHooks": [],
      "afterHooks": [],
      "tests": [],
      "suites": [
        {
          "uuid": "d2e94d7d-4857-43e9-a8ef-2ab23714fdeb",
          "title": "Interact with dropdown list",
          "fullFile": "",
          "file": "",
          "beforeHooks": [],
          "afterHooks": [],
          "tests": [
            {
              "title": "Select specific value in dropdown list",
              "fullTitle": "Interact with dropdown list Select specific value in dropdown list",
              "timedOut": null,
              "duration": 1522,
              "state": "passed",
              "speed": "slow",
              "pass": true,
              "fail": false,
              "pending": false,
              "context": null,
              "code": "cy.visit(\"http://webdriveruniversity.com\");\ncy.get(\"#dropdown-checkboxes-radiobuttons\").invoke('removeAttr', 'target').click({\n  force: true\n});\ncy.get('#dropdowm-menu-1').select('python').should('have.value', 'python');\ncy.get('#dropdowm-menu-2').select('maven').should('have.value', 'maven');\ncy.get('#dropdowm-menu-3').select('JavaScript').contains('JavaScript');\ncy.get('#dropdowm-menu-2').select('TestNG').contains('TestNG');",
              "err": {},
              "uuid": "0d7e84a1-88f4-494a-8017-63f156762e82",
              "parentUUID": "d2e94d7d-4857-43e9-a8ef-2ab23714fdeb",
              "isHook": false,
              "skipped": false
            }
          ],
          "suites": [],
          "passes": [
            "0d7e84a1-88f4-494a-8017-63f156762e82"
          ],
          "failures": [],
          "pending": [],
          "skipped": [],
          "duration": 1522,
          "root": false,
          "rootEmpty": false,
          "_timeout": 2000
        }
      ],
      "passes": [],
      "failures": [],
      "pending": [],
      "skipped": [],
      "duration": 0,
      "root": true,
      "rootEmpty": true,
      "_timeout": 2000
    }
  ],
  "meta": {
    "mocha": {
      "version": "7.0.1"
    },
    "mochawesome": {
      "options": {
        "quiet": false,
        "reportFilename": "mochawesome",
        "saveHtml": false,
        "saveJson": true,
        "consoleReporter": "spec",
        "useInlineDiffs": false,
        "code": true
      },
      "version": "6.2.2"
    },
    "marge": {
      "options": {
        "id": "default",
        "reportDir": "cypress/results/mochawesome",
        "quite": true,
        "overwrite": false,
        "html": false,
        "json": true
      },
      "version": "5.2.0"
    }
  }
}