{
  "stats": {
    "suites": 1,
    "tests": 1,
    "passes": 1,
    "pending": 0,
    "failures": 0,
    "start": "2021-05-09T19:55:12.942Z",
    "end": "2021-05-09T19:55:17.802Z",
    "duration": 4860,
    "testsRegistered": 1,
    "passPercent": 100,
    "pendingPercent": 0,
    "other": 0,
    "hasOther": false,
    "skipped": 0,
    "hasSkipped": false
  },
  "results": [
    {
      "uuid": "a391cf3b-f39e-48f3-8084-0fd471d68b5e",
      "title": "",
      "fullFile": "cypress\\integration\\examples\\zeroSiteTesting-NC\\TestOne.js",
      "file": "cypress\\integration\\examples\\zeroSiteTesting-NC\\TestOne.js",
      "beforeHooks": [],
      "afterHooks": [],
      "tests": [],
      "suites": [
        {
          "uuid": "b2d4c56b-9743-41a7-b24b-3ca5a9b2dbf2",
          "title": "Test number One",
          "fullFile": "",
          "file": "",
          "beforeHooks": [],
          "afterHooks": [],
          "tests": [
            {
              "title": "Verify Title Of The Page",
              "fullTitle": "Test number One Verify Title Of The Page",
              "timedOut": null,
              "duration": 1939,
              "state": "passed",
              "speed": "slow",
              "pass": true,
              "fail": false,
              "pending": false,
              "context": null,
              "code": "cy.visit(\"https://demo.nopcommerce.com/\");\ncy.title().should(\"eq\", \"nopCommerce demo store\");",
              "err": {},
              "uuid": "d7c57a66-8e6e-433e-8cd9-b6d89b4d0eb2",
              "parentUUID": "b2d4c56b-9743-41a7-b24b-3ca5a9b2dbf2",
              "isHook": false,
              "skipped": false
            }
          ],
          "suites": [],
          "passes": [
            "d7c57a66-8e6e-433e-8cd9-b6d89b4d0eb2"
          ],
          "failures": [],
          "pending": [],
          "skipped": [],
          "duration": 1939,
          "root": false,
          "rootEmpty": false,
          "_timeout": 2000
        }
      ],
      "passes": [],
      "failures": [],
      "pending": [],
      "skipped": [],
      "duration": 0,
      "root": true,
      "rootEmpty": true,
      "_timeout": 2000
    }
  ],
  "meta": {
    "mocha": {
      "version": "7.0.1"
    },
    "mochawesome": {
      "options": {
        "quiet": false,
        "reportFilename": "mochawesome",
        "saveHtml": false,
        "saveJson": true,
        "consoleReporter": "spec",
        "useInlineDiffs": false,
        "code": true
      },
      "version": "6.2.2"
    },
    "marge": {
      "options": {
        "id": "default",
        "reportDir": "cypress/results/mochawesome",
        "quite": true,
        "overwrite": false,
        "html": false,
        "json": true
      },
      "version": "5.2.0"
    }
  }
}