{
  "stats": {
    "suites": 1,
    "tests": 16,
    "passes": 16,
    "pending": 0,
    "failures": 0,
    "start": "2021-05-09T19:51:38.575Z",
    "end": "2021-05-09T19:51:47.620Z",
    "duration": 9045,
    "testsRegistered": 16,
    "passPercent": 100,
    "pendingPercent": 0,
    "other": 0,
    "hasOther": false,
    "skipped": 0,
    "hasSkipped": false
  },
  "results": [
    {
      "uuid": "d44c222d-609b-4812-9835-b38b05d174ff",
      "title": "",
      "fullFile": "cypress\\integration\\examples\\firstSiteTesting-WU\\traversing-elements.js",
      "file": "cypress\\integration\\examples\\firstSiteTesting-WU\\traversing-elements.js",
      "beforeHooks": [],
      "afterHooks": [],
      "tests": [],
      "suites": [
        {
          "uuid": "df43d335-30da-40a9-93db-3070f32a9e07",
          "title": "Traversing DOM elements in Cypress",
          "fullFile": "",
          "file": "",
          "beforeHooks": [],
          "afterHooks": [],
          "tests": [
            {
              "title": "children() to get the children of DOM elements",
              "fullTitle": "Traversing DOM elements in Cypress children() to get the children of DOM elements",
              "timedOut": null,
              "duration": 829,
              "state": "passed",
              "speed": "slow",
              "pass": true,
              "fail": false,
              "pending": false,
              "context": null,
              "code": "cy.get('.traversal-breadcrumb').children('.active').should('contain', 'Contact Us');",
              "err": {},
              "uuid": "70918595-11c7-47f3-a496-a3bf941f6cff",
              "parentUUID": "df43d335-30da-40a9-93db-3070f32a9e07",
              "isHook": false,
              "skipped": false
            },
            {
              "title": "closest() to validate the closest ancestor DOM element",
              "fullTitle": "Traversing DOM elements in Cypress closest() to validate the closest ancestor DOM element",
              "timedOut": null,
              "duration": 453,
              "state": "passed",
              "speed": "slow",
              "pass": true,
              "fail": false,
              "pending": false,
              "context": null,
              "code": "cy.get('.badge-light').closest('ul').should('have.class', 'list-group');",
              "err": {},
              "uuid": "98e40c4a-5138-407c-95d0-af13a78f096e",
              "parentUUID": "df43d335-30da-40a9-93db-3070f32a9e07",
              "isHook": false,
              "skipped": false
            },
            {
              "title": "eq() to retrieve a specific element based on index",
              "fullTitle": "Traversing DOM elements in Cypress eq() to retrieve a specific element based on index",
              "timedOut": null,
              "duration": 505,
              "state": "passed",
              "speed": "slow",
              "pass": true,
              "fail": false,
              "pending": false,
              "context": null,
              "code": "cy.get('.traversal-drinks-list>*').eq(2).should('contain', 'Milk');",
              "err": {},
              "uuid": "e4b49e7d-8af8-4d93-8ea2-2a990333d1ce",
              "parentUUID": "df43d335-30da-40a9-93db-3070f32a9e07",
              "isHook": false,
              "skipped": false
            },
            {
              "title": "filter() to retrieve DOM elements that match a specific selector",
              "fullTitle": "Traversing DOM elements in Cypress filter() to retrieve DOM elements that match a specific selector",
              "timedOut": null,
              "duration": 608,
              "state": "passed",
              "speed": "slow",
              "pass": true,
              "fail": false,
              "pending": false,
              "context": null,
              "code": "cy.get('.btn-group-toggle>*').filter('.active').should('contain', 'Button-1');",
              "err": {},
              "uuid": "f686f21a-13c4-4e80-8abb-d63f60454aa5",
              "parentUUID": "df43d335-30da-40a9-93db-3070f32a9e07",
              "isHook": false,
              "skipped": false
            },
            {
              "title": "find() to retrieve DOM elements of a given selector",
              "fullTitle": "Traversing DOM elements in Cypress find() to retrieve DOM elements of a given selector",
              "timedOut": null,
              "duration": 487,
              "state": "passed",
              "speed": "slow",
              "pass": true,
              "fail": false,
              "pending": false,
              "context": null,
              "code": "cy.get('.traversal-pagination').find('li').find('a').should('have.length', 7);",
              "err": {},
              "uuid": "cf789343-82d0-4fb5-a8f0-9ef3a30b95c5",
              "parentUUID": "df43d335-30da-40a9-93db-3070f32a9e07",
              "isHook": false,
              "skipped": false
            },
            {
              "title": "first() to retrieve the first DOM element within elements ",
              "fullTitle": "Traversing DOM elements in Cypress first() to retrieve the first DOM element within elements ",
              "timedOut": null,
              "duration": 504,
              "state": "passed",
              "speed": "slow",
              "pass": true,
              "fail": false,
              "pending": false,
              "context": null,
              "code": "cy.get('.traversal-table > tbody > tr > td').first().should('contain', 'Andy');",
              "err": {},
              "uuid": "d7d55b52-276e-43c4-b4c2-e6f0905610f1",
              "parentUUID": "df43d335-30da-40a9-93db-3070f32a9e07",
              "isHook": false,
              "skipped": false
            },
            {
              "title": "last() to retrieve the last DOM element within elements",
              "fullTitle": "Traversing DOM elements in Cypress last() to retrieve the last DOM element within elements",
              "timedOut": null,
              "duration": 512,
              "state": "passed",
              "speed": "slow",
              "pass": true,
              "fail": false,
              "pending": false,
              "context": null,
              "code": "cy.get('.traversal-table > tbody > tr > td').last().should('contain', 'Scott');",
              "err": {},
              "uuid": "0a052bce-e7a1-4bb0-9ba4-38b5ea5103db",
              "parentUUID": "df43d335-30da-40a9-93db-3070f32a9e07",
              "isHook": false,
              "skipped": false
            },
            {
              "title": "nextAll() to get all of the next sibling DOM elements within elements",
              "fullTitle": "Traversing DOM elements in Cypress nextAll() to get all of the next sibling DOM elements within elements",
              "timedOut": null,
              "duration": 501,
              "state": "passed",
              "speed": "slow",
              "pass": true,
              "fail": false,
              "pending": false,
              "context": null,
              "code": "cy.get('.traversal-drinks-list').contains('Coffee').nextAll().should('have.length', '4'); //It works with both: cy.get('.traversal-drinks-list') or cy.get('.traversal-drinks-list > *')",
              "err": {},
              "uuid": "6e83da6e-d66c-4961-b920-acb6f02a7180",
              "parentUUID": "df43d335-30da-40a9-93db-3070f32a9e07",
              "isHook": false,
              "skipped": false
            },
            {
              "title": "nextUntil() to get all of the next sibling DOM elements within elements until another element",
              "fullTitle": "Traversing DOM elements in Cypress nextUntil() to get all of the next sibling DOM elements within elements until another element",
              "timedOut": null,
              "duration": 809,
              "state": "passed",
              "speed": "slow",
              "pass": true,
              "fail": false,
              "pending": false,
              "context": null,
              "code": "cy.get('#tea').nextUntil('sugar');",
              "err": {},
              "uuid": "1e862ca2-c4b7-4826-9dd2-43891159e8cb",
              "parentUUID": "df43d335-30da-40a9-93db-3070f32a9e07",
              "isHook": false,
              "skipped": false
            },
            {
              "title": "not() to remove DOM element(s) from the set of elements",
              "fullTitle": "Traversing DOM elements in Cypress not() to remove DOM element(s) from the set of elements",
              "timedOut": null,
              "duration": 593,
              "state": "passed",
              "speed": "slow",
              "pass": true,
              "fail": false,
              "pending": false,
              "context": null,
              "code": "cy.get('.traversal-button-states>button').not('.disabled').should('not.have.class', 'disabled');",
              "err": {},
              "uuid": "1527737c-191b-4ea7-8c2f-2a6a4c1129f0",
              "parentUUID": "df43d335-30da-40a9-93db-3070f32a9e07",
              "isHook": false,
              "skipped": false
            },
            {
              "title": "parent() To get parent DOM element of elements",
              "fullTitle": "Traversing DOM elements in Cypress parent() To get parent DOM element of elements",
              "timedOut": null,
              "duration": 527,
              "state": "passed",
              "speed": "slow",
              "pass": true,
              "fail": false,
              "pending": false,
              "context": null,
              "code": "cy.get('.traversal-mark').parent().should('contain', 'Lorem ipsum dolor');",
              "err": {},
              "uuid": "2006da1a-5bdc-411a-b906-950101b5e5c1",
              "parentUUID": "df43d335-30da-40a9-93db-3070f32a9e07",
              "isHook": false,
              "skipped": false
            },
            {
              "title": "parents() to get parents DOM element of elements",
              "fullTitle": "Traversing DOM elements in Cypress parents() to get parents DOM element of elements",
              "timedOut": null,
              "duration": 566,
              "state": "passed",
              "speed": "slow",
              "pass": true,
              "fail": false,
              "pending": false,
              "context": null,
              "code": "cy.get('.traversal-cite').parents().should('match', 'blockquote');",
              "err": {},
              "uuid": "f91c2907-464e-453e-a834-6234cfeeb222",
              "parentUUID": "df43d335-30da-40a9-93db-3070f32a9e07",
              "isHook": false,
              "skipped": false
            },
            {
              "title": "prev() to get the previous sibling DOM element within elements",
              "fullTitle": "Traversing DOM elements in Cypress prev() to get the previous sibling DOM element within elements",
              "timedOut": null,
              "duration": 500,
              "state": "passed",
              "speed": "slow",
              "pass": true,
              "fail": false,
              "pending": false,
              "context": null,
              "code": "cy.get('#tea').prev().should('contain', 'Coffee');",
              "err": {},
              "uuid": "433421ec-e164-48ba-8d90-7c2d47554541",
              "parentUUID": "df43d335-30da-40a9-93db-3070f32a9e07",
              "isHook": false,
              "skipped": false
            },
            {
              "title": "prevAll() to get all previous sibling DOM elements within elements",
              "fullTitle": "Traversing DOM elements in Cypress prevAll() to get all previous sibling DOM elements within elements",
              "timedOut": null,
              "duration": 490,
              "state": "passed",
              "speed": "slow",
              "pass": true,
              "fail": false,
              "pending": false,
              "context": null,
              "code": "cy.get('#sugar').prevAll().should('have.length', '4');",
              "err": {},
              "uuid": "a0694620-057f-489c-92a9-f8771800cbf3",
              "parentUUID": "df43d335-30da-40a9-93db-3070f32a9e07",
              "isHook": false,
              "skipped": false
            },
            {
              "title": "prevUntil() to get all previous sibling DOM elements within elements until other element",
              "fullTitle": "Traversing DOM elements in Cypress prevUntil() to get all previous sibling DOM elements within elements until other element",
              "timedOut": null,
              "duration": 502,
              "state": "passed",
              "speed": "slow",
              "pass": true,
              "fail": false,
              "pending": false,
              "context": null,
              "code": "cy.get('#veggie').prevUntil('#fruits').should('have.length', 5);",
              "err": {},
              "uuid": "d387d882-68ef-4c14-b027-86026c1ea976",
              "parentUUID": "df43d335-30da-40a9-93db-3070f32a9e07",
              "isHook": false,
              "skipped": false
            },
            {
              "title": "siblings() To get all sibling DOM elements of elements",
              "fullTitle": "Traversing DOM elements in Cypress siblings() To get all sibling DOM elements of elements",
              "timedOut": null,
              "duration": 500,
              "state": "passed",
              "speed": "slow",
              "pass": true,
              "fail": false,
              "pending": false,
              "context": null,
              "code": "cy.get('.btn-group-toggle .active').siblings().should('have.length', 3);",
              "err": {},
              "uuid": "0a8f8a56-d110-47e1-88df-bcca5f81f2f5",
              "parentUUID": "df43d335-30da-40a9-93db-3070f32a9e07",
              "isHook": false,
              "skipped": false
            }
          ],
          "suites": [],
          "passes": [
            "70918595-11c7-47f3-a496-a3bf941f6cff",
            "98e40c4a-5138-407c-95d0-af13a78f096e",
            "e4b49e7d-8af8-4d93-8ea2-2a990333d1ce",
            "f686f21a-13c4-4e80-8abb-d63f60454aa5",
            "cf789343-82d0-4fb5-a8f0-9ef3a30b95c5",
            "d7d55b52-276e-43c4-b4c2-e6f0905610f1",
            "0a052bce-e7a1-4bb0-9ba4-38b5ea5103db",
            "6e83da6e-d66c-4961-b920-acb6f02a7180",
            "1e862ca2-c4b7-4826-9dd2-43891159e8cb",
            "1527737c-191b-4ea7-8c2f-2a6a4c1129f0",
            "2006da1a-5bdc-411a-b906-950101b5e5c1",
            "f91c2907-464e-453e-a834-6234cfeeb222",
            "433421ec-e164-48ba-8d90-7c2d47554541",
            "a0694620-057f-489c-92a9-f8771800cbf3",
            "d387d882-68ef-4c14-b027-86026c1ea976",
            "0a8f8a56-d110-47e1-88df-bcca5f81f2f5"
          ],
          "failures": [],
          "pending": [],
          "skipped": [],
          "duration": 8886,
          "root": false,
          "rootEmpty": false,
          "_timeout": 2000
        }
      ],
      "passes": [],
      "failures": [],
      "pending": [],
      "skipped": [],
      "duration": 0,
      "root": true,
      "rootEmpty": true,
      "_timeout": 2000
    }
  ],
  "meta": {
    "mocha": {
      "version": "7.0.1"
    },
    "mochawesome": {
      "options": {
        "quiet": false,
        "reportFilename": "mochawesome",
        "saveHtml": false,
        "saveJson": true,
        "consoleReporter": "spec",
        "useInlineDiffs": false,
        "code": true
      },
      "version": "6.2.2"
    },
    "marge": {
      "options": {
        "id": "default",
        "reportDir": "cypress/results/mochawesome",
        "quite": true,
        "overwrite": false,
        "html": false,
        "json": true
      },
      "version": "5.2.0"
    }
  }
}