{
  "stats": {
    "suites": 1,
    "tests": 1,
    "passes": 1,
    "pending": 0,
    "failures": 0,
    "start": "2021-05-09T19:53:44.356Z",
    "end": "2021-05-09T19:53:53.571Z",
    "duration": 9215,
    "testsRegistered": 1,
    "passPercent": 100,
    "pendingPercent": 0,
    "other": 0,
    "hasOther": false,
    "skipped": 0,
    "hasSkipped": false
  },
  "results": [
    {
      "uuid": "d170612d-019c-4d82-8b4b-1a3a834d4a5b",
      "title": "",
      "fullFile": "cypress\\integration\\examples\\zeroSiteTesting-NC\\HandlingUIElements.spec.js",
      "file": "cypress\\integration\\examples\\zeroSiteTesting-NC\\HandlingUIElements.spec.js",
      "beforeHooks": [],
      "afterHooks": [],
      "tests": [],
      "suites": [
        {
          "uuid": "43430545-a68d-45dd-b4c6-fc9664ed7e1f",
          "title": "UI Elements",
          "fullFile": "",
          "file": "",
          "beforeHooks": [],
          "afterHooks": [],
          "tests": [
            {
              "title": "Verify inputbox, radio buttons and all other required fields",
              "fullTitle": "UI Elements Verify inputbox, radio buttons and all other required fields",
              "timedOut": null,
              "duration": 6765,
              "state": "passed",
              "speed": "slow",
              "pass": true,
              "fail": false,
              "pending": false,
              "context": null,
              "code": "cy.visit(\"http://demo.automationtesting.in/Register.html\");\ncy.url().should(\"include\", \"automationtesting\");\ncy.title().should(\"eq\", \"Register\"); //cy.wait(10000);\n//Full name\ncy.get(\"input[ng-model=FirstName]\").should(\"be.visible\").should(\"be.enabled\").type(\"Zelimir\");\ncy.get(\"input[ng-model=LastName]\").should(\"be.visible\").should(\"be.enabled\").type(\"Ilic\"); //Text Area\ncy.get(\"textarea[ng-model=Adress]\").type(\"Tralala and blablabla\"); //Email address\ncy.get(\"input[type=email]\").type(\"zelimir.ilic@gmail.com\"); //Telephine number\ncy.get(\"input[type=tel]\").type(\"+38162250130\"); //Radio\ncy.get(\"input[value=Male]\").should(\"be.visible\").should(\"not.be.checked\").click();\ncy.get(\"input[value=FeMale]\").should(\"be.visible\").should(\"not.be.checked\"); //Checkboxes\ncy.get(\"input[type=checkbox]\").check([\"Movies\"]); //Dropdown\ncy.get(\"#Skills\").select(\"Javascript\").should(\"have.value\", \"Javascript\"); //Languages\ncy.get(\"#msdd\").click();\ncy.get(\".ui-corner-all\").contains(\"Turkish\").click();\ncy.get(\".ui-corner-all\").contains(\"Slovak\").click(); //Country\ncy.get(\"[role=combobox]\").click({\n  force: true\n});\ncy.get(\"#countries\").select(\"Serbia\").should(\"have.value\", \"Serbia\"); //Select Country\ncy.get(\"[role=combobox]\").click({\n  force: true\n});\ncy.get(\".select2-search__field\").type(\"den\");\ncy.get(\".select2-search__field\").type(\"{enter}\"); //Dropdown-date of birth\n/*\ncy.get(\"[role=combobox]\").click({ force: true });\ncy.get('#yearbox').select(\"1972\").should(\"have.value\", \"1972\");\ncy.get('select[placeholder=Month]').contains(\"June\");\ncy.get('#daybox').contains(\"10\");\ncy.get('#submitbtn').click();\ncy.title().should('eq', 'Register');\n*/",
              "err": {},
              "uuid": "1c285807-1cf5-4839-b0a2-9cf77ec5241d",
              "parentUUID": "43430545-a68d-45dd-b4c6-fc9664ed7e1f",
              "isHook": false,
              "skipped": false
            }
          ],
          "suites": [],
          "passes": [
            "1c285807-1cf5-4839-b0a2-9cf77ec5241d"
          ],
          "failures": [],
          "pending": [],
          "skipped": [],
          "duration": 6765,
          "root": false,
          "rootEmpty": false,
          "_timeout": 2000
        }
      ],
      "passes": [],
      "failures": [],
      "pending": [],
      "skipped": [],
      "duration": 0,
      "root": true,
      "rootEmpty": true,
      "_timeout": 2000
    }
  ],
  "meta": {
    "mocha": {
      "version": "7.0.1"
    },
    "mochawesome": {
      "options": {
        "quiet": false,
        "reportFilename": "mochawesome",
        "saveHtml": false,
        "saveJson": true,
        "consoleReporter": "spec",
        "useInlineDiffs": false,
        "code": true
      },
      "version": "6.2.2"
    },
    "marge": {
      "options": {
        "id": "default",
        "reportDir": "cypress/results/mochawesome",
        "quite": true,
        "overwrite": false,
        "html": false,
        "json": true
      },
      "version": "5.2.0"
    }
  }
}