{
  "stats": {
    "suites": 1,
    "tests": 3,
    "passes": 3,
    "pending": 0,
    "failures": 0,
    "start": "2021-05-09T19:52:38.448Z",
    "end": "2021-05-09T19:52:44.576Z",
    "duration": 6128,
    "testsRegistered": 3,
    "passPercent": 100,
    "pendingPercent": 0,
    "other": 0,
    "hasOther": false,
    "skipped": 0,
    "hasSkipped": false
  },
  "results": [
    {
      "uuid": "a73faecf-3058-4c5d-b2f9-226afcaf9438",
      "title": "",
      "fullFile": "cypress\\integration\\examples\\secondSiteTesting-ATS\\variables-and-commands.js",
      "file": "cypress\\integration\\examples\\secondSiteTesting-ATS\\variables-and-commands.js",
      "beforeHooks": [],
      "afterHooks": [],
      "tests": [],
      "suites": [
        {
          "uuid": "73d0c314-b155-4c19-a7b5-760d0fd59aef",
          "title": "Verifying variables, cy and jq commands",
          "fullFile": "",
          "file": "",
          "beforeHooks": [],
          "afterHooks": [],
          "tests": [
            {
              "title": "Navigate to a specific product page",
              "fullTitle": "Verifying variables, cy and jq commands Navigate to a specific product page",
              "timedOut": null,
              "duration": 2934,
              "state": "passed",
              "speed": "slow",
              "pass": true,
              "fail": false,
              "pending": false,
              "context": null,
              "code": "cy.visit(\"https://automationteststore.com/\");\ncy.get(\"a[href*='product/category&path=']\").contains('Apparel & accessories').click();\ncy.get(\"a[href*='product/category&path=']\").contains('Fragrance').click();",
              "err": {},
              "uuid": "a83d1ad7-10d0-43cb-9dff-ec9a61d936e6",
              "parentUUID": "73d0c314-b155-4c19-a7b5-760d0fd59aef",
              "isHook": false,
              "skipped": false
            },
            {
              "title": "Navigate to another specific product page",
              "fullTitle": "Verifying variables, cy and jq commands Navigate to another specific product page",
              "timedOut": null,
              "duration": 996,
              "state": "passed",
              "speed": "slow",
              "pass": true,
              "fail": false,
              "pending": false,
              "context": null,
              "code": "cy.visit(\"https://automationteststore.com/\");\ncy.get(\"a[href*='product/category&path=']\").contains('Fragrance').click();\ncy.get(\"h1 .maintext\").then(function ($headerText) {\n  var headerText = $headerText.text();\n  cy.log(\"Header text is: \" + headerText);\n  expect(headerText).is.equal('Fragrance');\n});",
              "err": {},
              "uuid": "cc99d9f1-62af-4286-8b5d-ed69098e4a81",
              "parentUUID": "73d0c314-b155-4c19-a7b5-760d0fd59aef",
              "isHook": false,
              "skipped": false
            },
            {
              "title": "Validate properties of the Contact Us page",
              "fullTitle": "Verifying variables, cy and jq commands Validate properties of the Contact Us page",
              "timedOut": null,
              "duration": 494,
              "state": "passed",
              "speed": "slow",
              "pass": true,
              "fail": false,
              "pending": false,
              "context": null,
              "code": "cy.visit(\"https://automationteststore.com/index.php?rt=content/contact\");\ncy.contains('#ContactUsFrm', 'Contact Us Form').find('#field_11').should('contain', 'First name');\ncy.contains('#ContactUsFrm', 'Contact Us Form').then(function (textOfForm) {\n  var firstNameText = textOfForm.find('#field_11').text();\n  expect(firstNameText).to.contain('First name');\n});\ncy.get('#field_11').then(function (nextText) {\n  cy.log(nextText.text());\n});",
              "err": {},
              "uuid": "58825ec3-2aeb-459a-a96a-343a56c597e1",
              "parentUUID": "73d0c314-b155-4c19-a7b5-760d0fd59aef",
              "isHook": false,
              "skipped": false
            }
          ],
          "suites": [],
          "passes": [
            "a83d1ad7-10d0-43cb-9dff-ec9a61d936e6",
            "cc99d9f1-62af-4286-8b5d-ed69098e4a81",
            "58825ec3-2aeb-459a-a96a-343a56c597e1"
          ],
          "failures": [],
          "pending": [],
          "skipped": [],
          "duration": 4424,
          "root": false,
          "rootEmpty": false,
          "_timeout": 2000
        }
      ],
      "passes": [],
      "failures": [],
      "pending": [],
      "skipped": [],
      "duration": 0,
      "root": true,
      "rootEmpty": true,
      "_timeout": 2000
    }
  ],
  "meta": {
    "mocha": {
      "version": "7.0.1"
    },
    "mochawesome": {
      "options": {
        "quiet": false,
        "reportFilename": "mochawesome",
        "saveHtml": false,
        "saveJson": true,
        "consoleReporter": "spec",
        "useInlineDiffs": false,
        "code": true
      },
      "version": "6.2.2"
    },
    "marge": {
      "options": {
        "id": "default",
        "reportDir": "cypress/results/mochawesome",
        "quite": true,
        "overwrite": false,
        "html": false,
        "json": true
      },
      "version": "5.2.0"
    }
  }
}