{
  "stats": {
    "suites": 1,
    "tests": 3,
    "passes": 3,
    "pending": 0,
    "failures": 0,
    "start": "2021-05-09T19:49:46.106Z",
    "end": "2021-05-09T19:49:48.682Z",
    "duration": 2576,
    "testsRegistered": 3,
    "passPercent": 100,
    "pendingPercent": 0,
    "other": 0,
    "hasOther": false,
    "skipped": 0,
    "hasSkipped": false
  },
  "results": [
    {
      "uuid": "5e9be622-9812-479c-84dc-1e8fbf3d05fd",
      "title": "",
      "fullFile": "cypress\\integration\\examples\\firstSiteTesting-WU\\checkboxes-hooks.js",
      "file": "cypress\\integration\\examples\\firstSiteTesting-WU\\checkboxes-hooks.js",
      "beforeHooks": [],
      "afterHooks": [],
      "tests": [],
      "suites": [
        {
          "uuid": "b073b154-7f26-455e-8c92-e356f5f77985",
          "title": "Verify checkboxes on first site - webdriveruniversity.com",
          "fullFile": "",
          "file": "",
          "beforeHooks": [],
          "afterHooks": [],
          "tests": [
            {
              "title": "Check and validate checkbox on Webdriveruniversity.com",
              "fullTitle": "Verify checkboxes on first site - webdriveruniversity.com Check and validate checkbox on Webdriveruniversity.com",
              "timedOut": null,
              "duration": 1057,
              "state": "passed",
              "speed": "slow",
              "pass": true,
              "fail": false,
              "pending": false,
              "context": null,
              "code": "cy.get('#checkboxes > :nth-child(1) > input').as('option-1');\ncy.get('@option-1').check();\ncy.get('@option-1').check().should('be.checked');",
              "err": {},
              "uuid": "4cca4398-16c0-4415-a96a-eb6ce27b4d9b",
              "parentUUID": "b073b154-7f26-455e-8c92-e356f5f77985",
              "isHook": false,
              "skipped": false
            },
            {
              "title": "Uncheck and validate checkbox on Webdriveruniversity.com",
              "fullTitle": "Verify checkboxes on first site - webdriveruniversity.com Uncheck and validate checkbox on Webdriveruniversity.com",
              "timedOut": null,
              "duration": 674,
              "state": "passed",
              "speed": "slow",
              "pass": true,
              "fail": false,
              "pending": false,
              "context": null,
              "code": "cy.get(':nth-child(5) > input').as('option-3'); //cy.get('@option-3').uncheck();\ncy.get('@option-3').uncheck().should('not.be.checked');",
              "err": {},
              "uuid": "f52f1108-7851-46ca-b412-3b355d87343e",
              "parentUUID": "b073b154-7f26-455e-8c92-e356f5f77985",
              "isHook": false,
              "skipped": false
            },
            {
              "title": "Check and validate multiple checkboxes on Webdriveruniversity.com",
              "fullTitle": "Verify checkboxes on first site - webdriveruniversity.com Check and validate multiple checkboxes on Webdriveruniversity.com",
              "timedOut": null,
              "duration": 785,
              "state": "passed",
              "speed": "slow",
              "pass": true,
              "fail": false,
              "pending": false,
              "context": null,
              "code": "cy.get(\"input[type='checkbox']\").check(['option-1', 'option-2', 'option-3', 'option-4']).should('be.checked');",
              "err": {},
              "uuid": "fa7cf8a7-6696-415a-95e6-93c0f71a3299",
              "parentUUID": "b073b154-7f26-455e-8c92-e356f5f77985",
              "isHook": false,
              "skipped": false
            }
          ],
          "suites": [],
          "passes": [
            "4cca4398-16c0-4415-a96a-eb6ce27b4d9b",
            "f52f1108-7851-46ca-b412-3b355d87343e",
            "fa7cf8a7-6696-415a-95e6-93c0f71a3299"
          ],
          "failures": [],
          "pending": [],
          "skipped": [],
          "duration": 2516,
          "root": false,
          "rootEmpty": false,
          "_timeout": 2000
        }
      ],
      "passes": [],
      "failures": [],
      "pending": [],
      "skipped": [],
      "duration": 0,
      "root": true,
      "rootEmpty": true,
      "_timeout": 2000
    }
  ],
  "meta": {
    "mocha": {
      "version": "7.0.1"
    },
    "mochawesome": {
      "options": {
        "quiet": false,
        "reportFilename": "mochawesome",
        "saveHtml": false,
        "saveJson": true,
        "consoleReporter": "spec",
        "useInlineDiffs": false,
        "code": true
      },
      "version": "6.2.2"
    },
    "marge": {
      "options": {
        "id": "default",
        "reportDir": "cypress/results/mochawesome",
        "quite": true,
        "overwrite": false,
        "html": false,
        "json": true
      },
      "version": "5.2.0"
    }
  }
}