{
  "stats": {
    "suites": 1,
    "tests": 2,
    "passes": 2,
    "pending": 0,
    "failures": 0,
    "start": "2021-05-09T19:51:23.308Z",
    "end": "2021-05-09T19:51:25.255Z",
    "duration": 1947,
    "testsRegistered": 2,
    "passPercent": 100,
    "pendingPercent": 0,
    "other": 0,
    "hasOther": false,
    "skipped": 0,
    "hasSkipped": false
  },
  "results": [
    {
      "uuid": "ccfa6fcd-a98b-4555-840b-5f11af95a2f7",
      "title": "",
      "fullFile": "cypress\\integration\\examples\\firstSiteTesting-WU\\radio-buttons-hooks.js",
      "file": "cypress\\integration\\examples\\firstSiteTesting-WU\\radio-buttons-hooks.js",
      "beforeHooks": [],
      "afterHooks": [],
      "tests": [],
      "suites": [
        {
          "uuid": "8f59af00-76c0-4887-80bc-85c052ea0db0",
          "title": "Verify radio buttons on first site - webdriveruniversity.com",
          "fullFile": "",
          "file": "",
          "beforeHooks": [],
          "afterHooks": [],
          "tests": [
            {
              "title": "Check specific radio buttons",
              "fullTitle": "Verify radio buttons on first site - webdriveruniversity.com Check specific radio buttons",
              "timedOut": null,
              "duration": 1606,
              "state": "passed",
              "speed": "slow",
              "pass": true,
              "fail": false,
              "pending": false,
              "context": null,
              "code": "cy.get('#radio-buttons').find(\"[type='radio']\").first().click();\ncy.get('#radio-buttons').find(\"[type='radio']\").eq(1).click();",
              "err": {},
              "uuid": "40a9b010-bfed-4fb7-8e45-46b7f4370d32",
              "parentUUID": "8f59af00-76c0-4887-80bc-85c052ea0db0",
              "isHook": false,
              "skipped": false
            },
            {
              "title": "Validate specific radio buttons",
              "fullTitle": "Verify radio buttons on first site - webdriveruniversity.com Validate specific radio buttons",
              "timedOut": null,
              "duration": 290,
              "state": "passed",
              "speed": "slow",
              "pass": true,
              "fail": false,
              "pending": false,
              "context": null,
              "code": "cy.get(\"[value='lettuce']\").should('not.be.checked');\ncy.get(\"[value='pumpkin']\").should('be.checked');\ncy.get(\"[value='cabbage']\").should('be.disabled');\ncy.get(\"[value='lettuce']\").click();\ncy.get(\"[value='lettuce']\").should('be.checked');\ncy.get(\"[value='pumpkin']\").should('not.be.checked');\ncy.get(\"[value='cabbage']\").should('be.disabled');",
              "err": {},
              "uuid": "4c711d07-3ba1-4a5b-97dd-d4b0a4c594bb",
              "parentUUID": "8f59af00-76c0-4887-80bc-85c052ea0db0",
              "isHook": false,
              "skipped": false
            }
          ],
          "suites": [],
          "passes": [
            "40a9b010-bfed-4fb7-8e45-46b7f4370d32",
            "4c711d07-3ba1-4a5b-97dd-d4b0a4c594bb"
          ],
          "failures": [],
          "pending": [],
          "skipped": [],
          "duration": 1896,
          "root": false,
          "rootEmpty": false,
          "_timeout": 2000
        }
      ],
      "passes": [],
      "failures": [],
      "pending": [],
      "skipped": [],
      "duration": 0,
      "root": true,
      "rootEmpty": true,
      "_timeout": 2000
    }
  ],
  "meta": {
    "mocha": {
      "version": "7.0.1"
    },
    "mochawesome": {
      "options": {
        "quiet": false,
        "reportFilename": "mochawesome",
        "saveHtml": false,
        "saveJson": true,
        "consoleReporter": "spec",
        "useInlineDiffs": false,
        "code": true
      },
      "version": "6.2.2"
    },
    "marge": {
      "options": {
        "id": "default",
        "reportDir": "cypress/results/mochawesome",
        "quite": true,
        "overwrite": false,
        "html": false,
        "json": true
      },
      "version": "5.2.0"
    }
  }
}