{
  "stats": {
    "suites": 1,
    "tests": 1,
    "passes": 1,
    "pending": 0,
    "failures": 0,
    "start": "2021-05-09T19:55:02.428Z",
    "end": "2021-05-09T19:55:09.044Z",
    "duration": 6616,
    "testsRegistered": 1,
    "passPercent": 100,
    "pendingPercent": 0,
    "other": 0,
    "hasOther": false,
    "skipped": 0,
    "hasSkipped": false
  },
  "results": [
    {
      "uuid": "73e4a26e-f2dd-498e-acb9-903b181909f8",
      "title": "",
      "fullFile": "cypress\\integration\\examples\\zeroSiteTesting-NC\\Table.spec.js",
      "file": "cypress\\integration\\examples\\zeroSiteTesting-NC\\Table.spec.js",
      "beforeHooks": [],
      "afterHooks": [],
      "tests": [],
      "suites": [
        {
          "uuid": "2400fbaa-76cf-49df-a4ef-1996f570fc49",
          "title": "MyTestSuite",
          "fullFile": "",
          "file": "",
          "beforeHooks": [],
          "afterHooks": [],
          "tests": [
            {
              "title": "Table test",
              "fullTitle": "MyTestSuite Table test",
              "timedOut": null,
              "duration": 3826,
              "state": "passed",
              "speed": "slow",
              "pass": true,
              "fail": false,
              "pending": false,
              "context": null,
              "code": "cy.visit(\"https://testautomationpractice.blogspot.com/\"); // 1) Check value anywhere in the table\ncy.get(\"table[name=BookTable]\").contains('td', 'Learn Selenium'); // 2) Check values in row and column\ncy.get(\"table[name=BookTable] > tbody > tr:nth-child(2) > td:nth-child(3)\").contains('Selenium').should('be.visible'); // 3) Verify the book name \"Master in JS\" whose author is Amit\ncy.get(\"table[name=BookTable] > tbody > tr td:nth-child(2)\").each(function ($e, index, $list) {\n  var text = $e.text();\n  if (text.includes('Amod')) {\n    cy.get(\"table[name=BookTable] > tbody > tr td:nth-child(1)\").eq(index).then(function (bname) {\n      var bookName = bname.text();\n      expect(bookName).to.equal('Master In Java');\n    });\n  }\n});",
              "err": {},
              "uuid": "e7afecf1-54e9-4b49-a4c4-2ce0353d52be",
              "parentUUID": "2400fbaa-76cf-49df-a4ef-1996f570fc49",
              "isHook": false,
              "skipped": false
            }
          ],
          "suites": [],
          "passes": [
            "e7afecf1-54e9-4b49-a4c4-2ce0353d52be"
          ],
          "failures": [],
          "pending": [],
          "skipped": [],
          "duration": 3826,
          "root": false,
          "rootEmpty": false,
          "_timeout": 2000
        }
      ],
      "passes": [],
      "failures": [],
      "pending": [],
      "skipped": [],
      "duration": 0,
      "root": true,
      "rootEmpty": true,
      "_timeout": 2000
    }
  ],
  "meta": {
    "mocha": {
      "version": "7.0.1"
    },
    "mochawesome": {
      "options": {
        "quiet": false,
        "reportFilename": "mochawesome",
        "saveHtml": false,
        "saveJson": true,
        "consoleReporter": "spec",
        "useInlineDiffs": false,
        "code": true
      },
      "version": "6.2.2"
    },
    "marge": {
      "options": {
        "id": "default",
        "reportDir": "cypress/results/mochawesome",
        "quite": true,
        "overwrite": false,
        "html": false,
        "json": true
      },
      "version": "5.2.0"
    }
  }
}