{
  "stats": {
    "suites": 1,
    "tests": 1,
    "passes": 1,
    "pending": 0,
    "failures": 0,
    "start": "2021-05-09T19:51:06.802Z",
    "end": "2021-05-09T19:51:08.160Z",
    "duration": 1358,
    "testsRegistered": 1,
    "passPercent": 100,
    "pendingPercent": 0,
    "other": 0,
    "hasOther": false,
    "skipped": 0,
    "hasSkipped": false
  },
  "results": [
    {
      "uuid": "92a916ca-46b9-47d5-aff5-9edd6a52fa5e",
      "title": "",
      "fullFile": "cypress\\integration\\examples\\firstSiteTesting-WU\\iframe.js",
      "file": "cypress\\integration\\examples\\firstSiteTesting-WU\\iframe.js",
      "beforeHooks": [],
      "afterHooks": [],
      "tests": [],
      "suites": [
        {
          "uuid": "40dbfaba-d4dd-4d59-bd98-39bf45c5cdbc",
          "title": "Handling IFrame and Modals",
          "fullFile": "",
          "file": "",
          "beforeHooks": [],
          "afterHooks": [],
          "tests": [
            {
              "title": "Handle iframe on Webdriveruniversity.com",
              "fullTitle": "Handling IFrame and Modals Handle iframe on Webdriveruniversity.com",
              "timedOut": null,
              "duration": 1321,
              "state": "passed",
              "speed": "slow",
              "pass": true,
              "fail": false,
              "pending": false,
              "context": null,
              "code": "//cy.visit(\"http://webdriveruniversity.com/Contact-Us/contactus.html\")\n//cy.get(\"#contact-us\").click()\ncy.visit(\"http://webdriveruniversity.com\");\ncy.get(\"#iframe\").invoke('removeAttr', 'target').click({\n  force: true\n});\ncy.get('#frame').then(function ($iframe) {\n  var body = $iframe.contents().find('body');\n  cy.wrap(body).as('iFrame');\n});\ncy.get('@iFrame').find('#button-find-out-more').click();\ncy.get('@iFrame').find('#myModal').as('modal');\ncy.get('@modal').then(function ($expectedText) {\n  var text = $expectedText.text();\n  expect(text).to.include('Welcome to webdriveruniversity.com we sell a wide range');\n});\ncy.get('@modal').contains('Close');",
              "err": {},
              "uuid": "86e7bf32-89f9-47d5-9e78-a0a52dd45428",
              "parentUUID": "40dbfaba-d4dd-4d59-bd98-39bf45c5cdbc",
              "isHook": false,
              "skipped": false
            }
          ],
          "suites": [],
          "passes": [
            "86e7bf32-89f9-47d5-9e78-a0a52dd45428"
          ],
          "failures": [],
          "pending": [],
          "skipped": [],
          "duration": 1321,
          "root": false,
          "rootEmpty": false,
          "_timeout": 2000
        }
      ],
      "passes": [],
      "failures": [],
      "pending": [],
      "skipped": [],
      "duration": 0,
      "root": true,
      "rootEmpty": true,
      "_timeout": 2000
    }
  ],
  "meta": {
    "mocha": {
      "version": "7.0.1"
    },
    "mochawesome": {
      "options": {
        "quiet": false,
        "reportFilename": "mochawesome",
        "saveHtml": false,
        "saveJson": true,
        "consoleReporter": "spec",
        "useInlineDiffs": false,
        "code": true
      },
      "version": "6.2.2"
    },
    "marge": {
      "options": {
        "id": "default",
        "reportDir": "cypress/results/mochawesome",
        "quite": true,
        "overwrite": false,
        "html": false,
        "json": true
      },
      "version": "5.2.0"
    }
  }
}