{
  "stats": {
    "suites": 1,
    "tests": 1,
    "passes": 1,
    "pending": 0,
    "failures": 0,
    "start": "2021-05-09T19:25:08.481Z",
    "end": "2021-05-09T19:25:18.133Z",
    "duration": 9652,
    "testsRegistered": 1,
    "passPercent": 100,
    "pendingPercent": 0,
    "other": 0,
    "hasOther": false,
    "skipped": 0,
    "hasSkipped": false
  },
  "results": [
    {
      "uuid": "d8261c0b-768b-4080-9e40-e84ae6184a84",
      "title": "",
      "fullFile": "cypress\\integration\\examples\\zeroSiteTesting-NC\\FixtureDemo.spec.js",
      "file": "cypress\\integration\\examples\\zeroSiteTesting-NC\\FixtureDemo.spec.js",
      "beforeHooks": [],
      "afterHooks": [],
      "tests": [],
      "suites": [
        {
          "uuid": "fa0a54b2-b187-4313-9bfd-7a5cf9ca0feb",
          "title": "My Test Suite",
          "fullFile": "",
          "file": "",
          "beforeHooks": [],
          "afterHooks": [],
          "tests": [
            {
              "title": "Fixture Demo Test",
              "fullTitle": "My Test Suite Fixture Demo Test",
              "timedOut": null,
              "duration": 6815,
              "state": "passed",
              "speed": "slow",
              "pass": true,
              "fail": false,
              "pending": false,
              "context": null,
              "code": "cy.visit(\"https://admin-demo.nopcommerce.com/login\");\ncy.get(\"input[name=Email]\").clear().type(this.data.email);\ncy.get(\"input[name=Password]\").clear().type(this.data.password);\ncy.get(\"button[type=submit]\").click();",
              "err": {},
              "uuid": "29ca9db0-18a2-4cee-94d2-1c7e3c8f00c1",
              "parentUUID": "fa0a54b2-b187-4313-9bfd-7a5cf9ca0feb",
              "isHook": false,
              "skipped": false
            }
          ],
          "suites": [],
          "passes": [
            "29ca9db0-18a2-4cee-94d2-1c7e3c8f00c1"
          ],
          "failures": [],
          "pending": [],
          "skipped": [],
          "duration": 6815,
          "root": false,
          "rootEmpty": false,
          "_timeout": 2000
        }
      ],
      "passes": [],
      "failures": [],
      "pending": [],
      "skipped": [],
      "duration": 0,
      "root": true,
      "rootEmpty": true,
      "_timeout": 2000
    }
  ],
  "meta": {
    "mocha": {
      "version": "7.0.1"
    },
    "mochawesome": {
      "options": {
        "quiet": false,
        "reportFilename": "mochawesome",
        "saveHtml": false,
        "saveJson": true,
        "consoleReporter": "spec",
        "useInlineDiffs": false,
        "code": true
      },
      "version": "6.2.2"
    },
    "marge": {
      "options": {
        "id": "default",
        "reportDir": "cypress/results/mochawesome",
        "quite": true,
        "overwrite": false,
        "html": false,
        "json": true
      },
      "version": "5.2.0"
    }
  }
}