{
  "stats": {
    "suites": 1,
    "tests": 3,
    "passes": 3,
    "pending": 0,
    "failures": 0,
    "start": "2021-05-10T09:42:04.450Z",
    "end": "2021-05-10T09:42:13.605Z",
    "duration": 9155,
    "testsRegistered": 3,
    "passPercent": 100,
    "pendingPercent": 0,
    "other": 0,
    "hasOther": false,
    "skipped": 0,
    "hasSkipped": false
  },
  "results": [
    {
      "uuid": "eb8d970f-445c-490e-83d6-8b0e016c6b25",
      "title": "",
      "fullFile": "cypress\\integration\\examples\\secondSiteTesting-ATS\\inspect-item.js",
      "file": "cypress\\integration\\examples\\secondSiteTesting-ATS\\inspect-item.js",
      "beforeHooks": [],
      "afterHooks": [],
      "tests": [],
      "suites": [
        {
          "uuid": "4fe74e0c-5318-4b8a-9dc8-ec40daf74041",
          "title": "Automation using chain of commands",
          "fullFile": "",
          "file": "",
          "beforeHooks": [],
          "afterHooks": [],
          "tests": [
            {
              "title": "Click on third item using item header",
              "fullTitle": "Automation using chain of commands Click on third item using item header",
              "timedOut": null,
              "duration": 3785,
              "state": "passed",
              "speed": "slow",
              "pass": true,
              "fail": false,
              "pending": false,
              "context": null,
              "code": "cy.visit(\"https://automationteststore.com/\");\ncy.get('#block_frame_featured_1769 > .thumbnails > :nth-child(3) > .fixed_wrapper > .fixed > .prdocutname').click();",
              "err": {},
              "uuid": "e88f6994-24c3-463d-b85c-7ce5554bb1e0",
              "parentUUID": "4fe74e0c-5318-4b8a-9dc8-ec40daf74041",
              "isHook": false,
              "skipped": false
            },
            {
              "title": "Click on third item using item header",
              "fullTitle": "Automation using chain of commands Click on third item using item header",
              "timedOut": null,
              "duration": 2349,
              "state": "passed",
              "speed": "slow",
              "pass": true,
              "fail": false,
              "pending": false,
              "context": null,
              "code": "cy.visit(\"https://automationteststore.com/\");\ncy.get('.prdocutname').contains('Bamba').click();",
              "err": {},
              "uuid": "9e6b589b-7a6f-4b7f-ab9d-f1dbf7ed72b5",
              "parentUUID": "4fe74e0c-5318-4b8a-9dc8-ec40daf74041",
              "isHook": false,
              "skipped": false
            },
            {
              "title": "Click on third item using item header",
              "fullTitle": "Automation using chain of commands Click on third item using item header",
              "timedOut": null,
              "duration": 1415,
              "state": "passed",
              "speed": "slow",
              "pass": true,
              "fail": false,
              "pending": false,
              "context": null,
              "code": "cy.visit(\"https://automationteststore.com/\");\ncy.get('.fixed_wrapper').find('.prdocutname').eq(2).click().then(function (textOfHeader) {\n  console.log(\"This is text of the third item: \" + textOfHeader.text());\n});",
              "err": {},
              "uuid": "b14702b5-bfb5-4056-9387-2d420f271e92",
              "parentUUID": "4fe74e0c-5318-4b8a-9dc8-ec40daf74041",
              "isHook": false,
              "skipped": false
            }
          ],
          "suites": [],
          "passes": [
            "e88f6994-24c3-463d-b85c-7ce5554bb1e0",
            "9e6b589b-7a6f-4b7f-ab9d-f1dbf7ed72b5",
            "b14702b5-bfb5-4056-9387-2d420f271e92"
          ],
          "failures": [],
          "pending": [],
          "skipped": [],
          "duration": 7549,
          "root": false,
          "rootEmpty": false,
          "_timeout": 2000
        }
      ],
      "passes": [],
      "failures": [],
      "pending": [],
      "skipped": [],
      "duration": 0,
      "root": true,
      "rootEmpty": true,
      "_timeout": 2000
    }
  ],
  "meta": {
    "mocha": {
      "version": "7.0.1"
    },
    "mochawesome": {
      "options": {
        "quiet": false,
        "reportFilename": "mochawesome",
        "saveHtml": false,
        "saveJson": true,
        "consoleReporter": "spec",
        "useInlineDiffs": false,
        "code": true
      },
      "version": "6.2.2"
    },
    "marge": {
      "options": {
        "id": "default",
        "reportDir": "cypress/results/mochawesome",
        "quite": true,
        "overwrite": false,
        "html": false,
        "json": true
      },
      "version": "5.2.0"
    }
  }
}