{
  "stats": {
    "suites": 1,
    "tests": 1,
    "passes": 1,
    "pending": 0,
    "failures": 0,
    "start": "2021-05-09T19:54:47.327Z",
    "end": "2021-05-09T19:54:58.150Z",
    "duration": 10823,
    "testsRegistered": 1,
    "passPercent": 100,
    "pendingPercent": 0,
    "other": 0,
    "hasOther": false,
    "skipped": 0,
    "hasSkipped": false
  },
  "results": [
    {
      "uuid": "94c9a790-931c-4a42-ad97-88a62ef0ca45",
      "title": "",
      "fullFile": "cypress\\integration\\examples\\zeroSiteTesting-NC\\PageObjectPatternDemo.spec.js",
      "file": "cypress\\integration\\examples\\zeroSiteTesting-NC\\PageObjectPatternDemo.spec.js",
      "beforeHooks": [],
      "afterHooks": [],
      "tests": [],
      "suites": [
        {
          "uuid": "2a1c8ecb-0551-457b-8eeb-dc7623fc206c",
          "title": "Test suite",
          "fullFile": "",
          "file": "",
          "beforeHooks": [],
          "afterHooks": [],
          "tests": [
            {
              "title": "Valid Login test",
              "fullTitle": "Test suite Valid Login test",
              "timedOut": null,
              "duration": 7526,
              "state": "passed",
              "speed": "slow",
              "pass": true,
              "fail": false,
              "pending": false,
              "context": null,
              "code": "var logPg = new _LoginPage[\"default\"]();\nlogPg.visit();\nlogPg.fillEmail(\"admin@yourstore.com\");\nlogPg.fillPassword(\"admin\");\nlogPg.submit();\ncy.title().should(\"be.equal\", \"Dashboard / nopCommerce administration\");",
              "err": {},
              "uuid": "12c875ef-80f8-40eb-a5d9-df11fdff410b",
              "parentUUID": "2a1c8ecb-0551-457b-8eeb-dc7623fc206c",
              "isHook": false,
              "skipped": false
            }
          ],
          "suites": [],
          "passes": [
            "12c875ef-80f8-40eb-a5d9-df11fdff410b"
          ],
          "failures": [],
          "pending": [],
          "skipped": [],
          "duration": 7526,
          "root": false,
          "rootEmpty": false,
          "_timeout": 2000
        }
      ],
      "passes": [],
      "failures": [],
      "pending": [],
      "skipped": [],
      "duration": 0,
      "root": true,
      "rootEmpty": true,
      "_timeout": 2000
    }
  ],
  "meta": {
    "mocha": {
      "version": "7.0.1"
    },
    "mochawesome": {
      "options": {
        "quiet": false,
        "reportFilename": "mochawesome",
        "saveHtml": false,
        "saveJson": true,
        "consoleReporter": "spec",
        "useInlineDiffs": false,
        "code": true
      },
      "version": "6.2.2"
    },
    "marge": {
      "options": {
        "id": "default",
        "reportDir": "cypress/results/mochawesome",
        "quite": true,
        "overwrite": false,
        "html": false,
        "json": true
      },
      "version": "5.2.0"
    }
  }
}