{
  "stats": {
    "suites": 1,
    "tests": 1,
    "passes": 1,
    "pending": 0,
    "failures": 0,
    "start": "2021-05-10T09:42:17.649Z",
    "end": "2021-05-10T09:42:25.245Z",
    "duration": 7596,
    "testsRegistered": 1,
    "passPercent": 100,
    "pendingPercent": 0,
    "other": 0,
    "hasOther": false,
    "skipped": 0,
    "hasSkipped": false
  },
  "results": [
    {
      "uuid": "fcc3055d-ba8c-4e2e-9479-fac774a3e2d5",
      "title": "",
      "fullFile": "cypress\\integration\\examples\\secondSiteTesting-ATS\\iterate-over-elements.js",
      "file": "cypress\\integration\\examples\\secondSiteTesting-ATS\\iterate-over-elements.js",
      "beforeHooks": [],
      "afterHooks": [],
      "tests": [],
      "suites": [
        {
          "uuid": "3f13be5b-37cb-4a4e-b4af-2e481074aa58",
          "title": "Iterate over elements",
          "fullFile": "",
          "file": "",
          "beforeHooks": [],
          "afterHooks": [],
          "tests": [
            {
              "title": "Add another specific product to basket",
              "fullTitle": "Iterate over elements Add another specific product to basket",
              "timedOut": null,
              "duration": 4566,
              "state": "passed",
              "speed": "slow",
              "pass": true,
              "fail": false,
              "pending": false,
              "context": null,
              "code": "cy.visit(\"https://automationteststore.com/\");\ncy.get(\"a[href*='product/category&path=']\").contains(\"Hair Care\").click();\ncy.selectProduct('Eau Parfumee au The Vert Shampoo');",
              "err": {},
              "uuid": "74a7da6c-72ed-4e0a-9ea6-922a384ab775",
              "parentUUID": "3f13be5b-37cb-4a4e-b4af-2e481074aa58",
              "isHook": false,
              "skipped": false
            }
          ],
          "suites": [],
          "passes": [
            "74a7da6c-72ed-4e0a-9ea6-922a384ab775"
          ],
          "failures": [],
          "pending": [],
          "skipped": [],
          "duration": 4566,
          "root": false,
          "rootEmpty": false,
          "_timeout": 2000
        }
      ],
      "passes": [],
      "failures": [],
      "pending": [],
      "skipped": [],
      "duration": 0,
      "root": true,
      "rootEmpty": true,
      "_timeout": 2000
    }
  ],
  "meta": {
    "mocha": {
      "version": "7.0.1"
    },
    "mochawesome": {
      "options": {
        "quiet": false,
        "reportFilename": "mochawesome",
        "saveHtml": false,
        "saveJson": true,
        "consoleReporter": "spec",
        "useInlineDiffs": false,
        "code": true
      },
      "version": "6.2.2"
    },
    "marge": {
      "options": {
        "id": "default",
        "reportDir": "cypress/results/mochawesome",
        "quite": true,
        "overwrite": false,
        "html": false,
        "json": true
      },
      "version": "5.2.0"
    }
  }
}