{
  "stats": {
    "suites": 1,
    "tests": 2,
    "passes": 2,
    "pending": 0,
    "failures": 0,
    "start": "2021-05-09T19:49:58.213Z",
    "end": "2021-05-09T19:50:08.804Z",
    "duration": 10591,
    "testsRegistered": 2,
    "passPercent": 100,
    "pendingPercent": 0,
    "other": 0,
    "hasOther": false,
    "skipped": 0,
    "hasSkipped": false
  },
  "results": [
    {
      "uuid": "c5143b05-11c2-435f-87ac-8d4bfe51a7ec",
      "title": "",
      "fullFile": "cypress\\integration\\examples\\firstSiteTesting-WU\\contact-us-fixure-customFields.js",
      "file": "cypress\\integration\\examples\\firstSiteTesting-WU\\contact-us-fixure-customFields.js",
      "beforeHooks": [],
      "afterHooks": [],
      "tests": [],
      "suites": [
        {
          "uuid": "97b3ac51-426c-43d9-bd57-8ad5843123ff",
          "title": "Test - Contact Us Form - Site One",
          "fullFile": "",
          "file": "",
          "beforeHooks": [],
          "afterHooks": [],
          "tests": [
            {
              "title": "Should be able to submit",
              "fullTitle": "Test - Contact Us Form - Site One Should be able to submit",
              "timedOut": null,
              "duration": 6169,
              "state": "passed",
              "speed": "slow",
              "pass": true,
              "fail": false,
              "pending": false,
              "context": null,
              "code": "cy.document().should('have.property', 'charset').and('eq', 'UTF-8');\ncontact_Us_PO.contactFormSubmission(Cypress.env('firstName'), data.lastName, data.email, data.textArea, \"h1\", \"Thank You for your Message!\");\ncy.title().should('be.equal', 'Gianni Bruno - Designer');\ncy.title().should('include', 'Gianni Bruno');\ncy.url().should('include', 'contact-form-thank-you');",
              "err": {},
              "uuid": "5c5af3b6-c5b7-4a74-831b-5373e2efe02c",
              "parentUUID": "97b3ac51-426c-43d9-bd57-8ad5843123ff",
              "isHook": false,
              "skipped": false
            },
            {
              "title": "Should not be able to submit",
              "fullTitle": "Test - Contact Us Form - Site One Should not be able to submit",
              "timedOut": null,
              "duration": 4251,
              "state": "passed",
              "speed": "slow",
              "pass": true,
              "fail": false,
              "pending": false,
              "context": null,
              "code": "contact_Us_PO.contactFormSubmission(data.firstName, data.lastName, \" \", data.textArea, \"body\", \"Invalid email address\");\ncy.title().should('be.equal', 'Contact form handler');",
              "err": {},
              "uuid": "ff21eea6-d637-490e-af45-163a7b58d54e",
              "parentUUID": "97b3ac51-426c-43d9-bd57-8ad5843123ff",
              "isHook": false,
              "skipped": false
            }
          ],
          "suites": [],
          "passes": [
            "5c5af3b6-c5b7-4a74-831b-5373e2efe02c",
            "ff21eea6-d637-490e-af45-163a7b58d54e"
          ],
          "failures": [],
          "pending": [],
          "skipped": [],
          "duration": 10420,
          "root": false,
          "rootEmpty": false,
          "_timeout": 2000
        }
      ],
      "passes": [],
      "failures": [],
      "pending": [],
      "skipped": [],
      "duration": 0,
      "root": true,
      "rootEmpty": true,
      "_timeout": 2000
    }
  ],
  "meta": {
    "mocha": {
      "version": "7.0.1"
    },
    "mochawesome": {
      "options": {
        "quiet": false,
        "reportFilename": "mochawesome",
        "saveHtml": false,
        "saveJson": true,
        "consoleReporter": "spec",
        "useInlineDiffs": false,
        "code": true
      },
      "version": "6.2.2"
    },
    "marge": {
      "options": {
        "id": "default",
        "reportDir": "cypress/results/mochawesome",
        "quite": true,
        "overwrite": false,
        "html": false,
        "json": true
      },
      "version": "5.2.0"
    }
  }
}