{
  "stats": {
    "suites": 1,
    "tests": 2,
    "passes": 2,
    "pending": 0,
    "failures": 0,
    "start": "2021-05-09T19:51:01.635Z",
    "end": "2021-05-09T19:51:03.315Z",
    "duration": 1680,
    "testsRegistered": 2,
    "passPercent": 100,
    "pendingPercent": 0,
    "other": 0,
    "hasOther": false,
    "skipped": 0,
    "hasSkipped": false
  },
  "results": [
    {
      "uuid": "d55fa28e-6f0c-4d17-96a9-f3b3b02805aa",
      "title": "",
      "fullFile": "cypress\\integration\\examples\\firstSiteTesting-WU\\file-upload.js",
      "file": "cypress\\integration\\examples\\firstSiteTesting-WU\\file-upload.js",
      "beforeHooks": [],
      "afterHooks": [],
      "tests": [],
      "suites": [
        {
          "uuid": "27365965-b642-483b-b218-78ef774ea769",
          "title": "Test file upload",
          "fullFile": "",
          "file": "",
          "beforeHooks": [],
          "afterHooks": [],
          "tests": [
            {
              "title": "Upload a file",
              "fullTitle": "Test file upload Upload a file",
              "timedOut": null,
              "duration": 982,
              "state": "passed",
              "speed": "slow",
              "pass": true,
              "fail": false,
              "pending": false,
              "context": null,
              "code": "//cy.visit(\"http://webdriveruniversity.com/Contact-Us/contactus.html\")\n//cy.get(\"#contact-us\").click()\ncy.visit(\"http://webdriveruniversity.com\");\ncy.get(\"#file-upload\").invoke('removeAttr', 'target').click({\n  force: true\n});\ncy.fixture(\"clown.png\", 'base64').then(function (fileContent) {\n  cy.get('#myFile').attachFile({\n    fileContent: fileContent,\n    fileName: 'clown.png',\n    mimeType: 'image/png'\n  }, {\n    uploadType: 'input'\n  });\n});\ncy.get('#submit-button').click();",
              "err": {},
              "uuid": "a08c4be8-9fb0-4389-9e5b-fd646ad76999",
              "parentUUID": "27365965-b642-483b-b218-78ef774ea769",
              "isHook": false,
              "skipped": false
            },
            {
              "title": "No upload a file",
              "fullTitle": "Test file upload No upload a file",
              "timedOut": null,
              "duration": 644,
              "state": "passed",
              "speed": "slow",
              "pass": true,
              "fail": false,
              "pending": false,
              "context": null,
              "code": "//cy.visit(\"http://webdriveruniversity.com/Contact-Us/contactus.html\")\n//cy.get(\"#contact-us\").click()\ncy.visit(\"http://webdriveruniversity.com\");\ncy.get(\"#file-upload\").invoke('removeAttr', 'target').click({\n  force: true\n});\ncy.get('#submit-button').click();",
              "err": {},
              "uuid": "72687d08-cdda-4677-866b-1eeac2df76e2",
              "parentUUID": "27365965-b642-483b-b218-78ef774ea769",
              "isHook": false,
              "skipped": false
            }
          ],
          "suites": [],
          "passes": [
            "a08c4be8-9fb0-4389-9e5b-fd646ad76999",
            "72687d08-cdda-4677-866b-1eeac2df76e2"
          ],
          "failures": [],
          "pending": [],
          "skipped": [],
          "duration": 1626,
          "root": false,
          "rootEmpty": false,
          "_timeout": 2000
        }
      ],
      "passes": [],
      "failures": [],
      "pending": [],
      "skipped": [],
      "duration": 0,
      "root": true,
      "rootEmpty": true,
      "_timeout": 2000
    }
  ],
  "meta": {
    "mocha": {
      "version": "7.0.1"
    },
    "mochawesome": {
      "options": {
        "quiet": false,
        "reportFilename": "mochawesome",
        "saveHtml": false,
        "saveJson": true,
        "consoleReporter": "spec",
        "useInlineDiffs": false,
        "code": true
      },
      "version": "6.2.2"
    },
    "marge": {
      "options": {
        "id": "default",
        "reportDir": "cypress/results/mochawesome",
        "quite": true,
        "overwrite": false,
        "html": false,
        "json": true
      },
      "version": "5.2.0"
    }
  }
}