{
  "stats": {
    "suites": 1,
    "tests": 1,
    "passes": 1,
    "pending": 0,
    "failures": 0,
    "start": "2021-05-10T09:44:06.052Z",
    "end": "2021-05-10T09:44:14.521Z",
    "duration": 8469,
    "testsRegistered": 1,
    "passPercent": 100,
    "pendingPercent": 0,
    "other": 0,
    "hasOther": false,
    "skipped": 0,
    "hasSkipped": false
  },
  "results": [
    {
      "uuid": "5743d9da-b90a-4c71-bb9e-deada09b29db",
      "title": "",
      "fullFile": "cypress\\integration\\examples\\secondSiteTesting-ATS\\ad-item-to-basket.js",
      "file": "cypress\\integration\\examples\\secondSiteTesting-ATS\\ad-item-to-basket.js",
      "beforeHooks": [],
      "afterHooks": [],
      "tests": [],
      "suites": [
        {
          "uuid": "925477db-e892-4853-bece-92d9b1db51bb",
          "title": "Add multiple items to basket",
          "fullFile": "",
          "file": "",
          "beforeHooks": [],
          "afterHooks": [],
          "tests": [
            {
              "title": "Add specific items to basket",
              "fullTitle": "Add multiple items to basket Add specific items to basket",
              "timedOut": null,
              "duration": 5183,
              "state": "passed",
              "speed": "slow",
              "pass": true,
              "fail": false,
              "pending": false,
              "context": null,
              "code": "autostore_haircare_PO.addHaircareProductToBasket();",
              "err": {},
              "uuid": "f247fbcd-f5d0-4ab2-854e-48ac5e4ebec2",
              "parentUUID": "925477db-e892-4853-bece-92d9b1db51bb",
              "isHook": false,
              "skipped": false
            }
          ],
          "suites": [],
          "passes": [
            "f247fbcd-f5d0-4ab2-854e-48ac5e4ebec2"
          ],
          "failures": [],
          "pending": [],
          "skipped": [],
          "duration": 5183,
          "root": false,
          "rootEmpty": false,
          "_timeout": 2000
        }
      ],
      "passes": [],
      "failures": [],
      "pending": [],
      "skipped": [],
      "duration": 0,
      "root": true,
      "rootEmpty": true,
      "_timeout": 2000
    }
  ],
  "meta": {
    "mocha": {
      "version": "7.0.1"
    },
    "mochawesome": {
      "options": {
        "quiet": false,
        "reportFilename": "mochawesome",
        "saveHtml": false,
        "saveJson": true,
        "consoleReporter": "spec",
        "useInlineDiffs": false,
        "code": true
      },
      "version": "6.2.2"
    },
    "marge": {
      "options": {
        "id": "default",
        "reportDir": "cypress/results/mochawesome",
        "quite": true,
        "overwrite": false,
        "html": false,
        "json": true
      },
      "version": "5.2.0"
    }
  }
}