{
  "stats": {
    "suites": 1,
    "tests": 2,
    "passes": 2,
    "pending": 0,
    "failures": 0,
    "start": "2021-05-09T19:51:28.674Z",
    "end": "2021-05-09T19:51:30.460Z",
    "duration": 1786,
    "testsRegistered": 2,
    "passPercent": 100,
    "pendingPercent": 0,
    "other": 0,
    "hasOther": false,
    "skipped": 0,
    "hasSkipped": false
  },
  "results": [
    {
      "uuid": "815b83a4-db9d-406d-b631-9ad51493187d",
      "title": "",
      "fullFile": "cypress\\integration\\examples\\firstSiteTesting-WU\\radio-buttons.js",
      "file": "cypress\\integration\\examples\\firstSiteTesting-WU\\radio-buttons.js",
      "beforeHooks": [],
      "afterHooks": [],
      "tests": [],
      "suites": [
        {
          "uuid": "62ab036f-9d30-476b-b67c-9364fd9ebc66",
          "title": "Verify radio buttons on first site - webdriveruniversity.com",
          "fullFile": "",
          "file": "",
          "beforeHooks": [],
          "afterHooks": [],
          "tests": [
            {
              "title": "Check specific radio buttons",
              "fullTitle": "Verify radio buttons on first site - webdriveruniversity.com Check specific radio buttons",
              "timedOut": null,
              "duration": 1067,
              "state": "passed",
              "speed": "slow",
              "pass": true,
              "fail": false,
              "pending": false,
              "context": null,
              "code": "cy.visit(\"http://webdriveruniversity.com\");\ncy.get(\"#dropdown-checkboxes-radiobuttons\").invoke('removeAttr', 'target').click({\n  force: true\n});\ncy.get('#radio-buttons').find(\"[type='radio']\").first().click();\ncy.get('#radio-buttons').find(\"[type='radio']\").eq(1).click();",
              "err": {},
              "uuid": "78228d23-7147-4533-9b7d-dd386f44980b",
              "parentUUID": "62ab036f-9d30-476b-b67c-9364fd9ebc66",
              "isHook": false,
              "skipped": false
            },
            {
              "title": "Validate specific radio buttons",
              "fullTitle": "Verify radio buttons on first site - webdriveruniversity.com Validate specific radio buttons",
              "timedOut": null,
              "duration": 681,
              "state": "passed",
              "speed": "slow",
              "pass": true,
              "fail": false,
              "pending": false,
              "context": null,
              "code": "cy.visit(\"http://webdriveruniversity.com\");\ncy.get(\"#dropdown-checkboxes-radiobuttons\").invoke('removeAttr', 'target').click({\n  force: true\n});\ncy.get(\"[value='lettuce']\").should('not.be.checked');\ncy.get(\"[value='pumpkin']\").should('be.checked');\ncy.get(\"[value='cabbage']\").should('be.disabled');\ncy.get(\"[value='lettuce']\").click();\ncy.get(\"[value='lettuce']\").should('be.checked');\ncy.get(\"[value='pumpkin']\").should('not.be.checked');\ncy.get(\"[value='cabbage']\").should('be.disabled');",
              "err": {},
              "uuid": "1b24e711-6524-4015-ad5b-bc67a2261677",
              "parentUUID": "62ab036f-9d30-476b-b67c-9364fd9ebc66",
              "isHook": false,
              "skipped": false
            }
          ],
          "suites": [],
          "passes": [
            "78228d23-7147-4533-9b7d-dd386f44980b",
            "1b24e711-6524-4015-ad5b-bc67a2261677"
          ],
          "failures": [],
          "pending": [],
          "skipped": [],
          "duration": 1748,
          "root": false,
          "rootEmpty": false,
          "_timeout": 2000
        }
      ],
      "passes": [],
      "failures": [],
      "pending": [],
      "skipped": [],
      "duration": 0,
      "root": true,
      "rootEmpty": true,
      "_timeout": 2000
    }
  ],
  "meta": {
    "mocha": {
      "version": "7.0.1"
    },
    "mochawesome": {
      "options": {
        "quiet": false,
        "reportFilename": "mochawesome",
        "saveHtml": false,
        "saveJson": true,
        "consoleReporter": "spec",
        "useInlineDiffs": false,
        "code": true
      },
      "version": "6.2.2"
    },
    "marge": {
      "options": {
        "id": "default",
        "reportDir": "cypress/results/mochawesome",
        "quite": true,
        "overwrite": false,
        "html": false,
        "json": true
      },
      "version": "5.2.0"
    }
  }
}