{
  "stats": {
    "suites": 1,
    "tests": 3,
    "passes": 3,
    "pending": 0,
    "failures": 0,
    "start": "2021-05-09T19:52:48.759Z",
    "end": "2021-05-09T19:53:24.719Z",
    "duration": 35960,
    "testsRegistered": 3,
    "passPercent": 100,
    "pendingPercent": 0,
    "other": 0,
    "hasOther": false,
    "skipped": 0,
    "hasSkipped": false
  },
  "results": [
    {
      "uuid": "76e0b824-d946-4f2a-907b-a620f574552e",
      "title": "",
      "fullFile": "cypress\\integration\\examples\\zeroSiteTesting-NC\\CustomCommandDemo.spec.js",
      "file": "cypress\\integration\\examples\\zeroSiteTesting-NC\\CustomCommandDemo.spec.js",
      "beforeHooks": [],
      "afterHooks": [],
      "tests": [],
      "suites": [
        {
          "uuid": "cf1e520e-ca1f-4dd0-b046-271d5e589e3d",
          "title": "Custom Suite",
          "fullFile": "",
          "file": "",
          "beforeHooks": [],
          "afterHooks": [],
          "tests": [
            {
              "title": "Login Test",
              "fullTitle": "Custom Suite Login Test",
              "timedOut": null,
              "duration": 15539,
              "state": "passed",
              "speed": "slow",
              "pass": true,
              "fail": false,
              "pending": false,
              "context": null,
              "code": "cy.login('admin@yourstore.com', 'admin');\ncy.title().should('be.equal', 'Dashboard / nopCommerce administration'); //valid\ncy.login('admin@yourstore.com', 'admineeeeeeeeeee');\ncy.title().should('not.be.equal', 'Dashboard / nopCommerce administration'); //invalid\ncy.login('adminnnnnnnnnn@yourstore.com', 'admin');\ncy.title().should('be.equal', 'Your store. Login'); //invalid",
              "err": {},
              "uuid": "502d4580-30b1-48e0-a396-ad4d602359ac",
              "parentUUID": "cf1e520e-ca1f-4dd0-b046-271d5e589e3d",
              "isHook": false,
              "skipped": false
            },
            {
              "title": "Add Customer",
              "fullTitle": "Custom Suite Add Customer",
              "timedOut": null,
              "duration": 5092,
              "state": "passed",
              "speed": "slow",
              "pass": true,
              "fail": false,
              "pending": false,
              "context": null,
              "code": "cy.login('admin@yourstore.com', 'admin'); //Script for adding customer\ncy.log(\"Adding customer........................\");",
              "err": {},
              "uuid": "ec13f90a-610e-4f02-97b3-6512b11a71a0",
              "parentUUID": "cf1e520e-ca1f-4dd0-b046-271d5e589e3d",
              "isHook": false,
              "skipped": false
            },
            {
              "title": "Edit Customer",
              "fullTitle": "Custom Suite Edit Customer",
              "timedOut": null,
              "duration": 10768,
              "state": "passed",
              "speed": "slow",
              "pass": true,
              "fail": false,
              "pending": false,
              "context": null,
              "code": "cy.login('admin@yourstore.com', 'admin'); //Script for editing customer\ncy.log(\"Editing customer........................\");",
              "err": {},
              "uuid": "f6983bda-dde0-487f-8b06-ed1db5bc5795",
              "parentUUID": "cf1e520e-ca1f-4dd0-b046-271d5e589e3d",
              "isHook": false,
              "skipped": false
            }
          ],
          "suites": [],
          "passes": [
            "502d4580-30b1-48e0-a396-ad4d602359ac",
            "ec13f90a-610e-4f02-97b3-6512b11a71a0",
            "f6983bda-dde0-487f-8b06-ed1db5bc5795"
          ],
          "failures": [],
          "pending": [],
          "skipped": [],
          "duration": 31399,
          "root": false,
          "rootEmpty": false,
          "_timeout": 2000
        }
      ],
      "passes": [],
      "failures": [],
      "pending": [],
      "skipped": [],
      "duration": 0,
      "root": true,
      "rootEmpty": true,
      "_timeout": 2000
    }
  ],
  "meta": {
    "mocha": {
      "version": "7.0.1"
    },
    "mochawesome": {
      "options": {
        "quiet": false,
        "reportFilename": "mochawesome",
        "saveHtml": false,
        "saveJson": true,
        "consoleReporter": "spec",
        "useInlineDiffs": false,
        "code": true
      },
      "version": "6.2.2"
    },
    "marge": {
      "options": {
        "id": "default",
        "reportDir": "cypress/results/mochawesome",
        "quite": true,
        "overwrite": false,
        "html": false,
        "json": true
      },
      "version": "5.2.0"
    }
  }
}