{
  "stats": {
    "suites": 1,
    "tests": 3,
    "passes": 3,
    "pending": 0,
    "failures": 0,
    "start": "2021-05-09T19:52:20.125Z",
    "end": "2021-05-09T19:52:26.475Z",
    "duration": 6350,
    "testsRegistered": 3,
    "passPercent": 100,
    "pendingPercent": 0,
    "other": 0,
    "hasOther": false,
    "skipped": 0,
    "hasSkipped": false
  },
  "results": [
    {
      "uuid": "37730c31-f339-4ee6-b3c1-f93a384f5d68",
      "title": "",
      "fullFile": "cypress\\integration\\examples\\secondSiteTesting-ATS\\inspect-item.js",
      "file": "cypress\\integration\\examples\\secondSiteTesting-ATS\\inspect-item.js",
      "beforeHooks": [],
      "afterHooks": [],
      "tests": [],
      "suites": [
        {
          "uuid": "370e4250-116b-4feb-9127-65cf7f3d96a9",
          "title": "Automation using chain of commands",
          "fullFile": "",
          "file": "",
          "beforeHooks": [],
          "afterHooks": [],
          "tests": [
            {
              "title": "Click on third item using item header",
              "fullTitle": "Automation using chain of commands Click on third item using item header",
              "timedOut": null,
              "duration": 2017,
              "state": "passed",
              "speed": "slow",
              "pass": true,
              "fail": false,
              "pending": false,
              "context": null,
              "code": "cy.visit(\"https://automationteststore.com/\");\ncy.get('#block_frame_featured_1769 > .thumbnails > :nth-child(3) > .fixed_wrapper > .fixed > .prdocutname').click();",
              "err": {},
              "uuid": "f7c164c8-cfe4-4750-8784-e0b496111ddf",
              "parentUUID": "370e4250-116b-4feb-9127-65cf7f3d96a9",
              "isHook": false,
              "skipped": false
            },
            {
              "title": "Click on third item using item header",
              "fullTitle": "Automation using chain of commands Click on third item using item header",
              "timedOut": null,
              "duration": 1106,
              "state": "passed",
              "speed": "slow",
              "pass": true,
              "fail": false,
              "pending": false,
              "context": null,
              "code": "cy.visit(\"https://automationteststore.com/\");\ncy.get('.prdocutname').contains('Bamba').click();",
              "err": {},
              "uuid": "fabd3823-8c92-4197-abdf-13868073e920",
              "parentUUID": "370e4250-116b-4feb-9127-65cf7f3d96a9",
              "isHook": false,
              "skipped": false
            },
            {
              "title": "Click on third item using item header",
              "fullTitle": "Automation using chain of commands Click on third item using item header",
              "timedOut": null,
              "duration": 973,
              "state": "passed",
              "speed": "slow",
              "pass": true,
              "fail": false,
              "pending": false,
              "context": null,
              "code": "cy.visit(\"https://automationteststore.com/\");\ncy.get('.fixed_wrapper').find('.prdocutname').eq(2).click().then(function (textOfHeader) {\n  console.log(\"This is text of the third item: \" + textOfHeader.text());\n});",
              "err": {},
              "uuid": "ef9aa30b-9ed2-4224-a807-ea21c26274da",
              "parentUUID": "370e4250-116b-4feb-9127-65cf7f3d96a9",
              "isHook": false,
              "skipped": false
            }
          ],
          "suites": [],
          "passes": [
            "f7c164c8-cfe4-4750-8784-e0b496111ddf",
            "fabd3823-8c92-4197-abdf-13868073e920",
            "ef9aa30b-9ed2-4224-a807-ea21c26274da"
          ],
          "failures": [],
          "pending": [],
          "skipped": [],
          "duration": 4096,
          "root": false,
          "rootEmpty": false,
          "_timeout": 2000
        }
      ],
      "passes": [],
      "failures": [],
      "pending": [],
      "skipped": [],
      "duration": 0,
      "root": true,
      "rootEmpty": true,
      "_timeout": 2000
    }
  ],
  "meta": {
    "mocha": {
      "version": "7.0.1"
    },
    "mochawesome": {
      "options": {
        "quiet": false,
        "reportFilename": "mochawesome",
        "saveHtml": false,
        "saveJson": true,
        "consoleReporter": "spec",
        "useInlineDiffs": false,
        "code": true
      },
      "version": "6.2.2"
    },
    "marge": {
      "options": {
        "id": "default",
        "reportDir": "cypress/results/mochawesome",
        "quite": true,
        "overwrite": false,
        "html": false,
        "json": true
      },
      "version": "5.2.0"
    }
  }
}