{
  "stats": {
    "suites": 1,
    "tests": 1,
    "passes": 1,
    "pending": 0,
    "failures": 0,
    "start": "2021-05-09T19:26:50.477Z",
    "end": "2021-05-09T19:26:58.257Z",
    "duration": 7780,
    "testsRegistered": 1,
    "passPercent": 100,
    "pendingPercent": 0,
    "other": 0,
    "hasOther": false,
    "skipped": 0,
    "hasSkipped": false
  },
  "results": [
    {
      "uuid": "7aa31799-1e3b-4185-9a05-9d37b7cb9c94",
      "title": "",
      "fullFile": "cypress\\integration\\examples\\zeroSiteTesting-NC\\PageObjectPatternDemo.spec.js",
      "file": "cypress\\integration\\examples\\zeroSiteTesting-NC\\PageObjectPatternDemo.spec.js",
      "beforeHooks": [],
      "afterHooks": [],
      "tests": [],
      "suites": [
        {
          "uuid": "d0c4c2bf-6ab9-4f3a-bea1-f5dc994a326d",
          "title": "Test suite",
          "fullFile": "",
          "file": "",
          "beforeHooks": [],
          "afterHooks": [],
          "tests": [
            {
              "title": "Valid Login test",
              "fullTitle": "Test suite Valid Login test",
              "timedOut": null,
              "duration": 5643,
              "state": "passed",
              "speed": "slow",
              "pass": true,
              "fail": false,
              "pending": false,
              "context": null,
              "code": "var logPg = new _LoginPage[\"default\"]();\nlogPg.visit();\nlogPg.fillEmail(\"admin@yourstore.com\");\nlogPg.fillPassword(\"admin\");\nlogPg.submit();\ncy.title().should(\"be.equal\", \"Dashboard / nopCommerce administration\");",
              "err": {},
              "uuid": "8a6c09b9-7540-4cee-9a42-a5c6507bc288",
              "parentUUID": "d0c4c2bf-6ab9-4f3a-bea1-f5dc994a326d",
              "isHook": false,
              "skipped": false
            }
          ],
          "suites": [],
          "passes": [
            "8a6c09b9-7540-4cee-9a42-a5c6507bc288"
          ],
          "failures": [],
          "pending": [],
          "skipped": [],
          "duration": 5643,
          "root": false,
          "rootEmpty": false,
          "_timeout": 2000
        }
      ],
      "passes": [],
      "failures": [],
      "pending": [],
      "skipped": [],
      "duration": 0,
      "root": true,
      "rootEmpty": true,
      "_timeout": 2000
    }
  ],
  "meta": {
    "mocha": {
      "version": "7.0.1"
    },
    "mochawesome": {
      "options": {
        "quiet": false,
        "reportFilename": "mochawesome",
        "saveHtml": false,
        "saveJson": true,
        "consoleReporter": "spec",
        "useInlineDiffs": false,
        "code": true
      },
      "version": "6.2.2"
    },
    "marge": {
      "options": {
        "id": "default",
        "reportDir": "cypress/results/mochawesome",
        "quite": true,
        "overwrite": false,
        "html": false,
        "json": true
      },
      "version": "5.2.0"
    }
  }
}