{
  "stats": {
    "suites": 1,
    "tests": 1,
    "passes": 1,
    "pending": 0,
    "failures": 0,
    "start": "2021-05-09T19:52:02.487Z",
    "end": "2021-05-09T19:52:06.378Z",
    "duration": 3891,
    "testsRegistered": 1,
    "passPercent": 100,
    "pendingPercent": 0,
    "other": 0,
    "hasOther": false,
    "skipped": 0,
    "hasSkipped": false
  },
  "results": [
    {
      "uuid": "754d6f91-057a-4f30-a089-f39b2b63faef",
      "title": "",
      "fullFile": "cypress\\integration\\examples\\secondSiteTesting-ATS\\alias-invoke.js",
      "file": "cypress\\integration\\examples\\secondSiteTesting-ATS\\alias-invoke.js",
      "beforeHooks": [],
      "afterHooks": [],
      "tests": [],
      "suites": [
        {
          "uuid": "1d4bac0c-5910-4178-b982-bc6881952b7f",
          "title": "Alias and invoke",
          "fullFile": "",
          "file": "",
          "beforeHooks": [],
          "afterHooks": [],
          "tests": [
            {
              "title": "Calculate product for sale and sold product",
              "fullTitle": "Alias and invoke Calculate product for sale and sold product",
              "timedOut": null,
              "duration": 2296,
              "state": "passed",
              "speed": "slow",
              "pass": true,
              "fail": false,
              "pending": false,
              "context": null,
              "code": "cy.visit(\"https://automationteststore.com/\");\ncy.get('.thumbnail').as('productThumbnail');\ncy.get('.thumbnail').find('.oneprice').invoke('text').as('itemPrice');\ncy.get('.thumbnail').find('.pricenew').invoke('text').as('soldItemPrice');\nvar itemsTotal = 0;\ncy.get(\"@itemPrice\").then(function ($linkedPrice) {\n  var totalItemPrice = 0;\n  var itemPrice = $linkedPrice.split('$');\n  for (var i = 0; i < itemPrice.length; i++) {\n    cy.log(itemPrice[i]);\n    totalItemPrice += Number(itemPrice[i]);\n  }\n  itemsTotal += totalItemPrice;\n  cy.log('Product for sale items total: ' + totalItemPrice);\n});\ncy.get(\"@soldItemPrice\").then(function ($linkedPrice) {\n  var totalSoldItemPrice = 0;\n  var soldItemPrice = $linkedPrice.split('$');\n  for (var i = 0; i < soldItemPrice.length; i++) {\n    cy.log(soldItemPrice[i]);\n    totalSoldItemPrice += Number(soldItemPrice[i]);\n  }\n  itemsTotal += totalSoldItemPrice;\n  cy.log('Product for sale items total: ' + totalSoldItemPrice);\n}).then(function () {\n  cy.log('The total price of all products: ' + itemsTotal);\n  expect(itemsTotal).to.equal(679.1);\n});",
              "err": {},
              "uuid": "e41e1e48-90f8-48a1-a22f-35a82f48868f",
              "parentUUID": "1d4bac0c-5910-4178-b982-bc6881952b7f",
              "isHook": false,
              "skipped": false
            }
          ],
          "suites": [],
          "passes": [
            "e41e1e48-90f8-48a1-a22f-35a82f48868f"
          ],
          "failures": [],
          "pending": [],
          "skipped": [],
          "duration": 2296,
          "root": false,
          "rootEmpty": false,
          "_timeout": 2000
        }
      ],
      "passes": [],
      "failures": [],
      "pending": [],
      "skipped": [],
      "duration": 0,
      "root": true,
      "rootEmpty": true,
      "_timeout": 2000
    }
  ],
  "meta": {
    "mocha": {
      "version": "7.0.1"
    },
    "mochawesome": {
      "options": {
        "quiet": false,
        "reportFilename": "mochawesome",
        "saveHtml": false,
        "saveJson": true,
        "consoleReporter": "spec",
        "useInlineDiffs": false,
        "code": true
      },
      "version": "6.2.2"
    },
    "marge": {
      "options": {
        "id": "default",
        "reportDir": "cypress/results/mochawesome",
        "quite": true,
        "overwrite": false,
        "html": false,
        "json": true
      },
      "version": "5.2.0"
    }
  }
}