{
  "stats": {
    "suites": 1,
    "tests": 1,
    "passes": 1,
    "pending": 0,
    "failures": 0,
    "start": "2021-05-09T19:51:52.056Z",
    "end": "2021-05-09T19:51:58.108Z",
    "duration": 6052,
    "testsRegistered": 1,
    "passPercent": 100,
    "pendingPercent": 0,
    "other": 0,
    "hasOther": false,
    "skipped": 0,
    "hasSkipped": false
  },
  "results": [
    {
      "uuid": "111c4280-6bf6-4f95-88cf-bb0259032f93",
      "title": "",
      "fullFile": "cypress\\integration\\examples\\secondSiteTesting-ATS\\ad-item-to-basket.js",
      "file": "cypress\\integration\\examples\\secondSiteTesting-ATS\\ad-item-to-basket.js",
      "beforeHooks": [],
      "afterHooks": [],
      "tests": [],
      "suites": [
        {
          "uuid": "125799a4-8164-406c-a789-2b2543998421",
          "title": "Add multiple items to basket",
          "fullFile": "",
          "file": "",
          "beforeHooks": [],
          "afterHooks": [],
          "tests": [
            {
              "title": "Add specific items to basket",
              "fullTitle": "Add multiple items to basket Add specific items to basket",
              "timedOut": null,
              "duration": 3560,
              "state": "passed",
              "speed": "slow",
              "pass": true,
              "fail": false,
              "pending": false,
              "context": null,
              "code": "autostore_haircare_PO.addHaircareProductToBasket();",
              "err": {},
              "uuid": "7da6cbdf-4483-4df5-b2a0-b59264d7ab40",
              "parentUUID": "125799a4-8164-406c-a789-2b2543998421",
              "isHook": false,
              "skipped": false
            }
          ],
          "suites": [],
          "passes": [
            "7da6cbdf-4483-4df5-b2a0-b59264d7ab40"
          ],
          "failures": [],
          "pending": [],
          "skipped": [],
          "duration": 3560,
          "root": false,
          "rootEmpty": false,
          "_timeout": 2000
        }
      ],
      "passes": [],
      "failures": [],
      "pending": [],
      "skipped": [],
      "duration": 0,
      "root": true,
      "rootEmpty": true,
      "_timeout": 2000
    }
  ],
  "meta": {
    "mocha": {
      "version": "7.0.1"
    },
    "mochawesome": {
      "options": {
        "quiet": false,
        "reportFilename": "mochawesome",
        "saveHtml": false,
        "saveJson": true,
        "consoleReporter": "spec",
        "useInlineDiffs": false,
        "code": true
      },
      "version": "6.2.2"
    },
    "marge": {
      "options": {
        "id": "default",
        "reportDir": "cypress/results/mochawesome",
        "quite": true,
        "overwrite": false,
        "html": false,
        "json": true
      },
      "version": "5.2.0"
    }
  }
}