{
  "stats": {
    "suites": 1,
    "tests": 1,
    "passes": 0,
    "pending": 0,
    "failures": 1,
    "start": "2021-05-09T19:50:12.515Z",
    "end": "2021-05-09T19:50:33.862Z",
    "duration": 21347,
    "testsRegistered": 1,
    "passPercent": 0,
    "pendingPercent": 0,
    "other": 0,
    "hasOther": false,
    "skipped": 0,
    "hasSkipped": false
  },
  "results": [
    {
      "uuid": "8e1a7745-813b-4a70-8ec0-24543632656e",
      "title": "",
      "fullFile": "cypress\\integration\\examples\\firstSiteTesting-WU\\contact-us-fixure.js",
      "file": "cypress\\integration\\examples\\firstSiteTesting-WU\\contact-us-fixure.js",
      "beforeHooks": [],
      "afterHooks": [],
      "tests": [],
      "suites": [
        {
          "uuid": "058f678f-6456-45d5-8f2a-717f39baab07",
          "title": "Test - Contact Us Form - Site One",
          "fullFile": "",
          "file": "",
          "beforeHooks": [],
          "afterHooks": [],
          "tests": [
            {
              "title": "Should be able to submit",
              "fullTitle": "Test - Contact Us Form - Site One Should be able to submit",
              "timedOut": null,
              "duration": 7120,
              "state": "failed",
              "speed": null,
              "pass": false,
              "fail": true,
              "pending": false,
              "context": null,
              "code": "//Cypress.currentTest.retries(1);\n//cy.visit(\"http://webdriveruniversity.com/Contact-Us/contactus.html\")\n//cy.get(\"#contact-us\").click()\ncy.visit(\"http://webdriveruniversity.com\");\ncy.get(\"#contact-us555\").invoke('removeAttr', 'target').click({\n  force: true\n});\ncy.document().should('have.property', 'charset').and('eq', 'UTF-8');\ncy.get('[name=\"first_name\"]').type(data.firstName);\ncy.get('[name=\"last_name\"]').type(data.lastName);\ncy.get('[name=\"email\"]').type(data.email);\ncy.get('textarea.feedback-input').type(data.textArea);\ncy.get('[type=\"submit\"]').click();\ncy.title().should('be.equal', 'Gianni Bruno - Designer');\ncy.get(\"h1\").should('have.text', 'Thank You for your Message!');\ncy.title().should('include', 'Gianni Bruno');\ncy.url().should('include', 'contact-form-thank-you');",
              "err": {
                "message": "AssertionError: Timed out retrying: Expected to find element: `#contact-us555`, but never found it.",
                "estack": "AssertionError: Timed out retrying: Expected to find element: `#contact-us555`, but never found it.\n    at Context.eval (http://webdriveruniversity.com/__cypress/tests?p=cypress\\integration\\examples\\firstSiteTesting-WU\\contact-us-fixure.js:16:8)",
                "diff": null
              },
              "uuid": "363256b7-227e-4281-b606-b2f700767b07",
              "parentUUID": "058f678f-6456-45d5-8f2a-717f39baab07",
              "isHook": false,
              "skipped": false
            }
          ],
          "suites": [],
          "passes": [],
          "failures": [
            "363256b7-227e-4281-b606-b2f700767b07"
          ],
          "pending": [],
          "skipped": [],
          "duration": 7120,
          "root": false,
          "rootEmpty": false,
          "_timeout": 2000
        }
      ],
      "passes": [],
      "failures": [],
      "pending": [],
      "skipped": [],
      "duration": 0,
      "root": true,
      "rootEmpty": true,
      "_timeout": 2000
    }
  ],
  "meta": {
    "mocha": {
      "version": "7.0.1"
    },
    "mochawesome": {
      "options": {
        "quiet": false,
        "reportFilename": "mochawesome",
        "saveHtml": false,
        "saveJson": true,
        "consoleReporter": "spec",
        "useInlineDiffs": false,
        "code": true
      },
      "version": "6.2.2"
    },
    "marge": {
      "options": {
        "id": "default",
        "reportDir": "cypress/results/mochawesome",
        "quite": true,
        "overwrite": false,
        "html": false,
        "json": true
      },
      "version": "5.2.0"
    }
  }
}