{
  "stats": {
    "suites": 1,
    "tests": 1,
    "passes": 1,
    "pending": 0,
    "failures": 0,
    "start": "2021-05-09T19:50:50.920Z",
    "end": "2021-05-09T19:50:57.594Z",
    "duration": 6674,
    "testsRegistered": 1,
    "passPercent": 100,
    "pendingPercent": 0,
    "other": 0,
    "hasOther": false,
    "skipped": 0,
    "hasSkipped": false
  },
  "results": [
    {
      "uuid": "3b869856-b82e-4308-adae-74cd6f90740d",
      "title": "",
      "fullFile": "cypress\\integration\\examples\\firstSiteTesting-WU\\datepicker.js",
      "file": "cypress\\integration\\examples\\firstSiteTesting-WU\\datepicker.js",
      "beforeHooks": [],
      "afterHooks": [],
      "tests": [],
      "suites": [
        {
          "uuid": "8790694e-f9b9-43c8-af94-49899f25b0d8",
          "title": "Test datepicker",
          "fullFile": "",
          "file": "",
          "beforeHooks": [],
          "afterHooks": [],
          "tests": [
            {
              "title": "Select date from datepicker",
              "fullTitle": "Test datepicker Select date from datepicker",
              "timedOut": null,
              "duration": 6483,
              "state": "passed",
              "speed": "slow",
              "pass": true,
              "fail": false,
              "pending": false,
              "context": null,
              "code": "//cy.visit(\"http://webdriveruniversity.com/Contact-Us/contactus.html\")\n//cy.get(\"#contact-us\").click()\ncy.visit(\"http://webdriveruniversity.com\");\ncy.get(\"#datepicker\").invoke(\"removeAttr\", \"target\").click({\n  force: true\n});\ncy.get(\"#datepicker\").click();\nvar date = new Date();\ndate.setDate(date.getDate() + 365);\nvar futureYear = date.getFullYear();\nvar futureMonth = date.toLocaleString('default', {\n  month: 'long'\n});\nvar futureDay = date.getDate();\ncy.log(\"Future year to select \" + futureYear);\ncy.log(\"Future month to select \" + futureMonth);\ncy.log(\"Future day to select \" + futureDay);\nfunction selectYearAndMonth() {\n  cy.get(\".datepicker-dropdown\").find(\".datepicker-switch\").first().then(function (currentDate) {\n    if (!currentDate.text().includes(futureYear)) {\n      cy.get(\".next\").first().click();\n      cy.log(currentDate.text());\n      selectYearAndMonth();\n    }\n  }).then(function () {\n    cy.get(\".datepicker-dropdown\").find(\".datepicker-switch\").first().then(function (currentDate) {\n      if (!currentDate.text().includes(futureMonth)) {\n        cy.get(\".next\").first().click();\n        cy.log(currentDate.text());\n        selectYearAndMonth();\n      }\n    });\n  });\n}\nfunction selectDay() {\n  cy.get(\".day\").contains(futureDay).click();\n}\nselectYearAndMonth();\nselectDay();",
              "err": {},
              "uuid": "b9edfcac-20ed-42d9-9e5a-3b464ac2503f",
              "parentUUID": "8790694e-f9b9-43c8-af94-49899f25b0d8",
              "isHook": false,
              "skipped": false
            }
          ],
          "suites": [],
          "passes": [
            "b9edfcac-20ed-42d9-9e5a-3b464ac2503f"
          ],
          "failures": [],
          "pending": [],
          "skipped": [],
          "duration": 6483,
          "root": false,
          "rootEmpty": false,
          "_timeout": 2000
        }
      ],
      "passes": [],
      "failures": [],
      "pending": [],
      "skipped": [],
      "duration": 0,
      "root": true,
      "rootEmpty": true,
      "_timeout": 2000
    }
  ],
  "meta": {
    "mocha": {
      "version": "7.0.1"
    },
    "mochawesome": {
      "options": {
        "quiet": false,
        "reportFilename": "mochawesome",
        "saveHtml": false,
        "saveJson": true,
        "consoleReporter": "spec",
        "useInlineDiffs": false,
        "code": true
      },
      "version": "6.2.2"
    },
    "marge": {
      "options": {
        "id": "default",
        "reportDir": "cypress/results/mochawesome",
        "quite": true,
        "overwrite": false,
        "html": false,
        "json": true
      },
      "version": "5.2.0"
    }
  }
}