{
  "stats": {
    "suites": 1,
    "tests": 3,
    "passes": 3,
    "pending": 0,
    "failures": 0,
    "start": "2021-05-09T19:49:51.984Z",
    "end": "2021-05-09T19:49:54.369Z",
    "duration": 2385,
    "testsRegistered": 3,
    "passPercent": 100,
    "pendingPercent": 0,
    "other": 0,
    "hasOther": false,
    "skipped": 0,
    "hasSkipped": false
  },
  "results": [
    {
      "uuid": "87b51fd1-4090-4b39-99a8-b11b10e3f21b",
      "title": "",
      "fullFile": "cypress\\integration\\examples\\firstSiteTesting-WU\\checkboxes.js",
      "file": "cypress\\integration\\examples\\firstSiteTesting-WU\\checkboxes.js",
      "beforeHooks": [],
      "afterHooks": [],
      "tests": [],
      "suites": [
        {
          "uuid": "4ad5d398-27f4-48e4-a208-af6db3640e59",
          "title": "Verify checkboxes on first site - webdriveruniversity.com",
          "fullFile": "",
          "file": "",
          "beforeHooks": [],
          "afterHooks": [],
          "tests": [
            {
              "title": "Check and validate checkbox on Webdriveruniversity.com",
              "fullTitle": "Verify checkboxes on first site - webdriveruniversity.com Check and validate checkbox on Webdriveruniversity.com",
              "timedOut": null,
              "duration": 929,
              "state": "passed",
              "speed": "slow",
              "pass": true,
              "fail": false,
              "pending": false,
              "context": null,
              "code": "//cy.visit(\"http://webdriveruniversity.com/Contact-Us/contactus.html\")\n//cy.get(\"#contact-us\").click()\ncy.visit(\"http://webdriveruniversity.com\");\ncy.get(\"#dropdown-checkboxes-radiobuttons\").invoke('removeAttr', 'target').click({\n  force: true\n}); //cy.get('#checkboxes > :nth-child(1) > input').check();\n//cy.get('#checkboxes > :nth-child(1) > input').check().should('be.checked');\ncy.get('#checkboxes > :nth-child(1) > input').as('option-1');\ncy.get('@option-1').check();\ncy.get('@option-1').check().should('be.checked');",
              "err": {},
              "uuid": "be077fa5-a2b2-461e-94eb-f7b1f767640c",
              "parentUUID": "4ad5d398-27f4-48e4-a208-af6db3640e59",
              "isHook": false,
              "skipped": false
            },
            {
              "title": "Uncheck and validate checkbox on Webdriveruniversity.com",
              "fullTitle": "Verify checkboxes on first site - webdriveruniversity.com Uncheck and validate checkbox on Webdriveruniversity.com",
              "timedOut": null,
              "duration": 645,
              "state": "passed",
              "speed": "slow",
              "pass": true,
              "fail": false,
              "pending": false,
              "context": null,
              "code": "//cy.visit(\"http://webdriveruniversity.com/Contact-Us/contactus.html\")\n//cy.get(\"#contact-us\").click()\ncy.navigateToFirstSite_HomePage(); // Set Base url on cypress.json and then custom commands (cy.visit('/'))\ncy.get(\"#dropdown-checkboxes-radiobuttons\").invoke('removeAttr', 'target').click({\n  force: true\n}); //cy.get(':nth-child(5) > input').uncheck();\n//cy.get(':nth-child(5) > input').uncheck().should('not.be.checked');\ncy.get(':nth-child(5) > input').as('option-3'); //cy.get('@option-3').uncheck();\ncy.get('@option-3').uncheck().should('not.be.checked');",
              "err": {},
              "uuid": "7332f69f-a2cc-46e6-911a-b40c78eba6b1",
              "parentUUID": "4ad5d398-27f4-48e4-a208-af6db3640e59",
              "isHook": false,
              "skipped": false
            },
            {
              "title": "Check and validate multiple checkboxes on Webdriveruniversity.com",
              "fullTitle": "Verify checkboxes on first site - webdriveruniversity.com Check and validate multiple checkboxes on Webdriveruniversity.com",
              "timedOut": null,
              "duration": 787,
              "state": "passed",
              "speed": "slow",
              "pass": true,
              "fail": false,
              "pending": false,
              "context": null,
              "code": "//cy.visit(\"http://webdriveruniversity.com/Contact-Us/contactus.html\")\n//cy.get(\"#contact-us\").click()\ncy.visit(\"http://webdriveruniversity.com\");\ncy.get(\"#dropdown-checkboxes-radiobuttons\").invoke('removeAttr', 'target').click({\n  force: true\n});\ncy.get(\"input[type='checkbox']\").check(['option-1', 'option-2', 'option-3', 'option-4']).should('be.checked');",
              "err": {},
              "uuid": "0e039eb6-7ca5-4aee-ae96-8d1357a21b5d",
              "parentUUID": "4ad5d398-27f4-48e4-a208-af6db3640e59",
              "isHook": false,
              "skipped": false
            }
          ],
          "suites": [],
          "passes": [
            "be077fa5-a2b2-461e-94eb-f7b1f767640c",
            "7332f69f-a2cc-46e6-911a-b40c78eba6b1",
            "0e039eb6-7ca5-4aee-ae96-8d1357a21b5d"
          ],
          "failures": [],
          "pending": [],
          "skipped": [],
          "duration": 2361,
          "root": false,
          "rootEmpty": false,
          "_timeout": 2000
        }
      ],
      "passes": [],
      "failures": [],
      "pending": [],
      "skipped": [],
      "duration": 0,
      "root": true,
      "rootEmpty": true,
      "_timeout": 2000
    }
  ],
  "meta": {
    "mocha": {
      "version": "7.0.1"
    },
    "mochawesome": {
      "options": {
        "quiet": false,
        "reportFilename": "mochawesome",
        "saveHtml": false,
        "saveJson": true,
        "consoleReporter": "spec",
        "useInlineDiffs": false,
        "code": true
      },
      "version": "6.2.2"
    },
    "marge": {
      "options": {
        "id": "default",
        "reportDir": "cypress/results/mochawesome",
        "quite": true,
        "overwrite": false,
        "html": false,
        "json": true
      },
      "version": "5.2.0"
    }
  }
}