{
  "stats": {
    "suites": 1,
    "tests": 1,
    "passes": 1,
    "pending": 0,
    "failures": 0,
    "start": "2021-05-10T09:41:53.033Z",
    "end": "2021-05-10T09:42:00.758Z",
    "duration": 7725,
    "testsRegistered": 1,
    "passPercent": 100,
    "pendingPercent": 0,
    "other": 0,
    "hasOther": false,
    "skipped": 0,
    "hasSkipped": false
  },
  "results": [
    {
      "uuid": "f5a7ea67-62e4-43b6-85e9-a9b7670985ad",
      "title": "",
      "fullFile": "cypress\\integration\\examples\\secondSiteTesting-ATS\\contact-us.js",
      "file": "cypress\\integration\\examples\\secondSiteTesting-ATS\\contact-us.js",
      "beforeHooks": [],
      "afterHooks": [],
      "tests": [],
      "suites": [
        {
          "uuid": "7fc422fa-82df-4825-b29c-6e88a2bd089d",
          "title": "Test - Contact Us Form - Site Two",
          "fullFile": "",
          "file": "",
          "beforeHooks": [],
          "afterHooks": [],
          "tests": [
            {
              "title": "Should be able to submit",
              "fullTitle": "Test - Contact Us Form - Site Two Should be able to submit",
              "timedOut": null,
              "duration": 6181,
              "state": "passed",
              "speed": "slow",
              "pass": true,
              "fail": false,
              "pending": false,
              "context": null,
              "code": "cy.visit(\"https://automationteststore.com/\"); //cy.get('.info_links_footer > :nth-child(5) > a').click()\n//cy.xpath(\"//a[contains(@href,'contact')]\").click()\ncy.get(\"a[href$='contact']\").click().then(function (linkedText) {\n  cy.log(\"This text is linkable: \" + linkedText.text());\n});\ncy.get(\"@user\").then(function (user) {\n  cy.get('#ContactUsFrm_first_name').type(user.firstName);\n  cy.get('#ContactUsFrm_email').type(user.email);\n});\ncy.get('#ContactUsFrm_email').should('have.attr', 'name', 'email');\ncy.get('#ContactUsFrm_enquiry').type(\"Some additional text for test\");\ncy.get(\"button[title='Submit']\").click();\ncy.title().should('eq', 'Contact Us');\ncy.get('.mb40 > :nth-child(3)').should('have.text', 'Your enquiry has been successfully sent to the store owner!');",
              "err": {},
              "uuid": "0b9adc33-f726-4bbf-891b-597065c64c47",
              "parentUUID": "7fc422fa-82df-4825-b29c-6e88a2bd089d",
              "isHook": false,
              "skipped": false
            }
          ],
          "suites": [],
          "passes": [
            "0b9adc33-f726-4bbf-891b-597065c64c47"
          ],
          "failures": [],
          "pending": [],
          "skipped": [],
          "duration": 6181,
          "root": false,
          "rootEmpty": false,
          "_timeout": 2000
        }
      ],
      "passes": [],
      "failures": [],
      "pending": [],
      "skipped": [],
      "duration": 0,
      "root": true,
      "rootEmpty": true,
      "_timeout": 2000
    }
  ],
  "meta": {
    "mocha": {
      "version": "7.0.1"
    },
    "mochawesome": {
      "options": {
        "quiet": false,
        "reportFilename": "mochawesome",
        "saveHtml": false,
        "saveJson": true,
        "consoleReporter": "spec",
        "useInlineDiffs": false,
        "code": true
      },
      "version": "6.2.2"
    },
    "marge": {
      "options": {
        "id": "default",
        "reportDir": "cypress/results/mochawesome",
        "quite": true,
        "overwrite": false,
        "html": false,
        "json": true
      },
      "version": "5.2.0"
    }
  }
}