{
  "stats": {
    "suites": 1,
    "tests": 1,
    "passes": 1,
    "pending": 0,
    "failures": 0,
    "start": "2021-05-09T19:50:39.393Z",
    "end": "2021-05-09T19:50:42.915Z",
    "duration": 3522,
    "testsRegistered": 1,
    "passPercent": 100,
    "pendingPercent": 0,
    "other": 0,
    "hasOther": false,
    "skipped": 0,
    "hasSkipped": false
  },
  "results": [
    {
      "uuid": "f7ce3e15-d8f3-4db2-82ba-42b704e0767e",
      "title": "",
      "fullFile": "cypress\\integration\\examples\\firstSiteTesting-WU\\contact-us.js",
      "file": "cypress\\integration\\examples\\firstSiteTesting-WU\\contact-us.js",
      "beforeHooks": [],
      "afterHooks": [],
      "tests": [],
      "suites": [
        {
          "uuid": "1b10d0f5-4019-4444-a853-85e05e6b27c8",
          "title": "Test - Contact Us Form - Site One",
          "fullFile": "",
          "file": "",
          "beforeHooks": [],
          "afterHooks": [],
          "tests": [
            {
              "title": "Should be able to submit",
              "fullTitle": "Test - Contact Us Form - Site One Should be able to submit",
              "timedOut": null,
              "duration": 3403,
              "state": "passed",
              "speed": "slow",
              "pass": true,
              "fail": false,
              "pending": false,
              "context": null,
              "code": "//cy.visit(\"http://webdriveruniversity.com/Contact-Us/contactus.html\")\n//cy.get(\"#contact-us\").click()\ncy.visit(\"http://webdriveruniversity.com\");\ncy.get(\"#contact-us\").invoke('removeAttr', 'target').click({\n  force: true\n}); //radi i sa i bez - pog;edaj dole\ncy.document().should('have.property', 'charset').and('eq', 'UTF-8');\ncy.get('[name=\"first_name\"]').type('Zeljko');\ncy.get('[name=\"last_name\"]').type('Ilic');\ncy.get('[name=\"email\"]').type('zelimir.ilic@gmail.com');\ncy.get('textarea.feedback-input').type('This comment is connected with test case.');\ncy.get('[type=\"submit\"]').click();\ncy.title().should('be.equal', 'Gianni Bruno - Designer');\ncy.get(\"h1\").should('have.text', 'Thank You for your Message!');\ncy.title().should('include', 'Gianni Bruno');\ncy.url().should('include', 'contact-form-thank-you');",
              "err": {},
              "uuid": "07da56ab-fa80-4530-a0fe-b30297eb7e1d",
              "parentUUID": "1b10d0f5-4019-4444-a853-85e05e6b27c8",
              "isHook": false,
              "skipped": false
            }
          ],
          "suites": [],
          "passes": [
            "07da56ab-fa80-4530-a0fe-b30297eb7e1d"
          ],
          "failures": [],
          "pending": [],
          "skipped": [],
          "duration": 3403,
          "root": false,
          "rootEmpty": false,
          "_timeout": 2000
        }
      ],
      "passes": [],
      "failures": [],
      "pending": [],
      "skipped": [],
      "duration": 0,
      "root": true,
      "rootEmpty": true,
      "_timeout": 2000
    }
  ],
  "meta": {
    "mocha": {
      "version": "7.0.1"
    },
    "mochawesome": {
      "options": {
        "quiet": false,
        "reportFilename": "mochawesome",
        "saveHtml": false,
        "saveJson": true,
        "consoleReporter": "spec",
        "useInlineDiffs": false,
        "code": true
      },
      "version": "6.2.2"
    },
    "marge": {
      "options": {
        "id": "default",
        "reportDir": "cypress/results/mochawesome",
        "quite": true,
        "overwrite": false,
        "html": false,
        "json": true
      },
      "version": "5.2.0"
    }
  }
}